INFO 2024-11-26 09:31:55,622 autoreload 21843 7993774848 Watching for file changes with StatReloader
INFO 2024-11-26 09:31:59,775 logging_middleware 21843 6125645824 Request: {
  "type": "request",
  "method": "GET",
  "path": "/admin/",
  "user": "test1",
  "GET_params": {},
  "POST_params": {},
  "body": null,
  "headers": {
    "Content-Length": "",
    "Content-Type": "text/plain",
    "Host": "127.0.0.1:8000",
    "Connection": "keep-alive",
    "Dnt": "1",
    "Upgrade-Insecure-Requests": "1",
    "User-Agent": "Mozilla/5.0 (Macintosh; Intel Mac OS X 10_15_7) AppleWebKit/537.36 (KHTML, like Gecko) Chrome/131.0.0.0 Safari/537.36",
    "Accept": "text/html,application/xhtml+xml,application/xml;q=0.9,image/avif,image/webp,image/apng,*/*;q=0.8,application/signed-exchange;v=b3;q=0.7",
    "Sec-Fetch-Site": "none",
    "Sec-Fetch-Mode": "navigate",
    "Sec-Fetch-User": "?1",
    "Sec-Fetch-Dest": "document",
    "Sec-Ch-Ua": "\"Google Chrome\";v=\"131\", \"Chromium\";v=\"131\", \"Not_A Brand\";v=\"24\"",
    "Sec-Ch-Ua-Mobile": "?0",
    "Sec-Ch-Ua-Platform": "\"macOS\"",
    "Accept-Encoding": "gzip, deflate, br, zstd",
    "Accept-Language": "en-US,en;q=0.9",
    "Cookie": "csrftoken=uKQJBU73rvbu8GSXQ2wEBjLfi7FXV5DW; sessionid=vfggt76p119gewsk4m28datc6je0e4pp"
  }
}
INFO 2024-11-26 09:31:59,807 logging_middleware 21843 6125645824 Response: {
  "type": "response",
  "status_code": 200,
  "content": "<undecodable content>",
  "duration": "0.05s",
  "headers": {
    "Content-Type": "text/html; charset=utf-8",
    "Expires": "Tue, 26 Nov 2024 09:31:59 GMT",
    "Cache-Control": "max-age=0, no-cache, no-store, must-revalidate, private",
    "Vary": "Cookie"
  }
}
INFO 2024-11-26 09:31:59,807 basehttp 21843 6125645824 "GET /admin/ HTTP/1.1" 200 13876
INFO 2024-11-26 09:31:59,924 basehttp 21843 6142472192 "GET /static/admin/css/nav_sidebar.css HTTP/1.1" 304 0
INFO 2024-11-26 09:31:59,925 basehttp 21843 6125645824 "GET /static/admin/css/base.css HTTP/1.1" 304 0
INFO 2024-11-26 09:31:59,925 basehttp 21843 6159298560 "GET /static/admin/css/dashboard.css HTTP/1.1" 304 0
INFO 2024-11-26 09:31:59,926 basehttp 21843 6176124928 "GET /static/admin/css/responsive.css HTTP/1.1" 304 0
INFO 2024-11-26 09:31:59,927 basehttp 21843 6192951296 "GET /static/admin/css/dark_mode.css HTTP/1.1" 304 0
INFO 2024-11-26 09:31:59,928 basehttp 21843 6209777664 "GET /static/admin/js/theme.js HTTP/1.1" 304 0
INFO 2024-11-26 09:31:59,929 basehttp 21843 6209777664 "GET /static/admin/js/nav_sidebar.js HTTP/1.1" 304 0
INFO 2024-11-26 09:31:59,937 basehttp 21843 6192951296 "GET /static/admin/img/icon-addlink.svg HTTP/1.1" 304 0
INFO 2024-11-26 09:31:59,937 basehttp 21843 6209777664 "GET /static/admin/img/icon-changelink.svg HTTP/1.1" 304 0
INFO 2024-11-26 09:31:59,939 basehttp 21843 6192951296 "GET /static/admin/img/icon-deletelink.svg HTTP/1.1" 304 0
INFO 2024-11-26 09:32:00,082 logging_middleware 21843 6192951296 Request: {
  "type": "request",
  "method": "GET",
  "path": "/favicon.ico",
  "user": "test1",
  "GET_params": {},
  "POST_params": {},
  "body": null,
  "headers": {
    "Content-Length": "",
    "Content-Type": "text/plain",
    "Host": "127.0.0.1:8000",
    "Connection": "keep-alive",
    "Sec-Ch-Ua-Platform": "\"macOS\"",
    "User-Agent": "Mozilla/5.0 (Macintosh; Intel Mac OS X 10_15_7) AppleWebKit/537.36 (KHTML, like Gecko) Chrome/131.0.0.0 Safari/537.36",
    "Sec-Ch-Ua": "\"Google Chrome\";v=\"131\", \"Chromium\";v=\"131\", \"Not_A Brand\";v=\"24\"",
    "Dnt": "1",
    "Sec-Ch-Ua-Mobile": "?0",
    "Accept": "image/avif,image/webp,image/apng,image/svg+xml,image/*,*/*;q=0.8",
    "Sec-Fetch-Site": "same-origin",
    "Sec-Fetch-Mode": "no-cors",
    "Sec-Fetch-Dest": "image",
    "Referer": "http://127.0.0.1:8000/admin/",
    "Accept-Encoding": "gzip, deflate, br, zstd",
    "Accept-Language": "en-US,en;q=0.9",
    "Cookie": "csrftoken=uKQJBU73rvbu8GSXQ2wEBjLfi7FXV5DW; sessionid=vfggt76p119gewsk4m28datc6je0e4pp"
  }
}
INFO 2024-11-26 09:32:00,085 logging_middleware 21843 6192951296 Response: {
  "type": "response",
  "status_code": 404,
  "content": "<undecodable content>",
  "duration": "0.01s",
  "headers": {
    "Content-Type": "text/html; charset=utf-8"
  }
}
WARNING 2024-11-26 09:32:00,085 log 21843 6192951296 Not Found: /favicon.ico
WARNING 2024-11-26 09:32:00,086 basehttp 21843 6192951296 "GET /favicon.ico HTTP/1.1" 404 2528
INFO 2024-11-26 09:33:42,076 logging_middleware 21843 6192951296 Request: {
  "type": "request",
  "method": "GET",
  "path": "/admin/menus/menu/",
  "user": "test1",
  "GET_params": {},
  "POST_params": {},
  "body": null,
  "headers": {
    "Content-Length": "",
    "Content-Type": "text/plain",
    "Host": "127.0.0.1:8000",
    "Connection": "keep-alive",
    "Sec-Ch-Ua": "\"Google Chrome\";v=\"131\", \"Chromium\";v=\"131\", \"Not_A Brand\";v=\"24\"",
    "Sec-Ch-Ua-Mobile": "?0",
    "Sec-Ch-Ua-Platform": "\"macOS\"",
    "Dnt": "1",
    "Upgrade-Insecure-Requests": "1",
    "User-Agent": "Mozilla/5.0 (Macintosh; Intel Mac OS X 10_15_7) AppleWebKit/537.36 (KHTML, like Gecko) Chrome/131.0.0.0 Safari/537.36",
    "Accept": "text/html,application/xhtml+xml,application/xml;q=0.9,image/avif,image/webp,image/apng,*/*;q=0.8,application/signed-exchange;v=b3;q=0.7",
    "Sec-Fetch-Site": "same-origin",
    "Sec-Fetch-Mode": "navigate",
    "Sec-Fetch-User": "?1",
    "Sec-Fetch-Dest": "document",
    "Referer": "http://127.0.0.1:8000/admin/",
    "Accept-Encoding": "gzip, deflate, br, zstd",
    "Accept-Language": "en-US,en;q=0.9",
    "Cookie": "csrftoken=uKQJBU73rvbu8GSXQ2wEBjLfi7FXV5DW; sessionid=vfggt76p119gewsk4m28datc6je0e4pp"
  }
}
INFO 2024-11-26 09:33:42,140 logging_middleware 21843 6192951296 Response: {
  "type": "response",
  "status_code": 200,
  "content": "<undecodable content>",
  "duration": "0.08s",
  "headers": {
    "Content-Type": "text/html; charset=utf-8",
    "Expires": "Tue, 26 Nov 2024 09:33:42 GMT",
    "Cache-Control": "max-age=0, no-cache, no-store, must-revalidate, private",
    "Vary": "Cookie"
  }
}
INFO 2024-11-26 09:33:42,141 basehttp 21843 6192951296 "GET /admin/menus/menu/ HTTP/1.1" 200 22959
INFO 2024-11-26 09:33:42,165 basehttp 21843 6176124928 "GET /static/admin/js/core.js HTTP/1.1" 304 0
INFO 2024-11-26 09:33:42,165 basehttp 21843 6142472192 "GET /static/admin/js/actions.js HTTP/1.1" 304 0
INFO 2024-11-26 09:33:42,165 basehttp 21843 6125645824 "GET /static/admin/css/changelists.css HTTP/1.1" 304 0
INFO 2024-11-26 09:33:42,165 basehttp 21843 6159298560 "GET /static/admin/js/admin/RelatedObjectLookups.js HTTP/1.1" 304 0
INFO 2024-11-26 09:33:42,170 basehttp 21843 6142472192 "GET /static/admin/js/jquery.init.js HTTP/1.1" 304 0
INFO 2024-11-26 09:33:42,172 basehttp 21843 6125645824 "GET /static/admin/js/urlify.js HTTP/1.1" 304 0
INFO 2024-11-26 09:33:42,172 basehttp 21843 6159298560 "GET /static/admin/js/prepopulate.js HTTP/1.1" 304 0
INFO 2024-11-26 09:33:42,174 logging_middleware 21843 6176124928 Request: {
  "type": "request",
  "method": "GET",
  "path": "/admin/jsi18n/",
  "user": "test1",
  "GET_params": {},
  "POST_params": {},
  "body": null,
  "headers": {
    "Content-Length": "",
    "Content-Type": "text/plain",
    "Host": "127.0.0.1:8000",
    "Connection": "keep-alive",
    "Sec-Ch-Ua-Platform": "\"macOS\"",
    "User-Agent": "Mozilla/5.0 (Macintosh; Intel Mac OS X 10_15_7) AppleWebKit/537.36 (KHTML, like Gecko) Chrome/131.0.0.0 Safari/537.36",
    "Sec-Ch-Ua": "\"Google Chrome\";v=\"131\", \"Chromium\";v=\"131\", \"Not_A Brand\";v=\"24\"",
    "Dnt": "1",
    "Sec-Ch-Ua-Mobile": "?0",
    "Accept": "*/*",
    "Sec-Fetch-Site": "same-origin",
    "Sec-Fetch-Mode": "no-cors",
    "Sec-Fetch-Dest": "script",
    "Referer": "http://127.0.0.1:8000/admin/menus/menu/",
    "Accept-Encoding": "gzip, deflate, br, zstd",
    "Accept-Language": "en-US,en;q=0.9",
    "Cookie": "csrftoken=uKQJBU73rvbu8GSXQ2wEBjLfi7FXV5DW; sessionid=vfggt76p119gewsk4m28datc6je0e4pp"
  }
}
INFO 2024-11-26 09:33:42,175 basehttp 21843 6125645824 "GET /static/admin/img/icon-yes.svg HTTP/1.1" 304 0
INFO 2024-11-26 09:33:42,175 basehttp 21843 6159298560 "GET /static/admin/img/search.svg HTTP/1.1" 304 0
INFO 2024-11-26 09:33:42,180 logging_middleware 21843 6176124928 Response: {
  "type": "response",
  "status_code": 200,
  "content": "<undecodable content>",
  "duration": "0.01s",
  "headers": {
    "Content-Type": "text/javascript; charset=\"utf-8\""
  }
}
INFO 2024-11-26 09:33:42,181 basehttp 21843 6176124928 "GET /admin/jsi18n/ HTTP/1.1" 200 3342
INFO 2024-11-26 09:33:42,183 basehttp 21843 6209777664 "GET /static/admin/js/vendor/xregexp/xregexp.js HTTP/1.1" 200 325171
INFO 2024-11-26 09:33:42,183 basehttp 21843 6192951296 "GET /static/admin/js/vendor/jquery/jquery.js HTTP/1.1" 200 285314
INFO 2024-11-26 09:33:42,187 basehttp 21843 6209777664 "GET /static/admin/js/filters.js HTTP/1.1" 304 0
INFO 2024-11-26 09:33:42,207 basehttp 21843 6209777664 "GET /static/admin/img/tooltag-add.svg HTTP/1.1" 304 0
INFO 2024-11-26 09:33:42,209 basehttp 21843 6209777664 "GET /static/admin/img/icon-viewlink.svg HTTP/1.1" 304 0
INFO 2024-11-26 09:33:43,627 logging_middleware 21843 6209777664 Request: {
  "type": "request",
  "method": "GET",
  "path": "/admin/menus/menu/add/",
  "user": "test1",
  "GET_params": {},
  "POST_params": {},
  "body": null,
  "headers": {
    "Content-Length": "",
    "Content-Type": "text/plain",
    "Host": "127.0.0.1:8000",
    "Connection": "keep-alive",
    "Sec-Ch-Ua": "\"Google Chrome\";v=\"131\", \"Chromium\";v=\"131\", \"Not_A Brand\";v=\"24\"",
    "Sec-Ch-Ua-Mobile": "?0",
    "Sec-Ch-Ua-Platform": "\"macOS\"",
    "Dnt": "1",
    "Upgrade-Insecure-Requests": "1",
    "User-Agent": "Mozilla/5.0 (Macintosh; Intel Mac OS X 10_15_7) AppleWebKit/537.36 (KHTML, like Gecko) Chrome/131.0.0.0 Safari/537.36",
    "Accept": "text/html,application/xhtml+xml,application/xml;q=0.9,image/avif,image/webp,image/apng,*/*;q=0.8,application/signed-exchange;v=b3;q=0.7",
    "Sec-Fetch-Site": "same-origin",
    "Sec-Fetch-Mode": "navigate",
    "Sec-Fetch-User": "?1",
    "Sec-Fetch-Dest": "document",
    "Referer": "http://127.0.0.1:8000/admin/menus/menu/",
    "Accept-Encoding": "gzip, deflate, br, zstd",
    "Accept-Language": "en-US,en;q=0.9",
    "Cookie": "csrftoken=uKQJBU73rvbu8GSXQ2wEBjLfi7FXV5DW; sessionid=vfggt76p119gewsk4m28datc6je0e4pp"
  }
}
INFO 2024-11-26 09:33:43,659 logging_middleware 21843 6209777664 Response: {
  "type": "response",
  "status_code": 200,
  "content": "<undecodable content>",
  "duration": "0.04s",
  "headers": {
    "Content-Type": "text/html; charset=utf-8",
    "Expires": "Tue, 26 Nov 2024 09:33:43 GMT",
    "Cache-Control": "max-age=0, no-cache, no-store, must-revalidate, private",
    "Vary": "Cookie"
  }
}
INFO 2024-11-26 09:33:43,660 basehttp 21843 6209777664 "GET /admin/menus/menu/add/ HTTP/1.1" 200 14974
INFO 2024-11-26 09:33:43,696 basehttp 21843 6192951296 "GET /static/admin/js/prepopulate_init.js HTTP/1.1" 304 0
INFO 2024-11-26 09:33:43,714 basehttp 21843 6176124928 "GET /static/admin/css/forms.css HTTP/1.1" 304 0
INFO 2024-11-26 09:33:43,718 basehttp 21843 6159298560 "GET /static/admin/js/admin/DateTimeShortcuts.js HTTP/1.1" 304 0
INFO 2024-11-26 09:33:43,719 basehttp 21843 6125645824 "GET /static/admin/js/calendar.js HTTP/1.1" 304 0
INFO 2024-11-26 09:33:43,721 basehttp 21843 6176124928 "GET /static/admin/css/widgets.css HTTP/1.1" 304 0
INFO 2024-11-26 09:33:43,722 logging_middleware 21843 6209777664 Request: {
  "type": "request",
  "method": "GET",
  "path": "/admin/jsi18n/",
  "user": "test1",
  "GET_params": {},
  "POST_params": {},
  "body": null,
  "headers": {
    "Content-Length": "",
    "Content-Type": "text/plain",
    "Host": "127.0.0.1:8000",
    "Connection": "keep-alive",
    "Sec-Ch-Ua-Platform": "\"macOS\"",
    "User-Agent": "Mozilla/5.0 (Macintosh; Intel Mac OS X 10_15_7) AppleWebKit/537.36 (KHTML, like Gecko) Chrome/131.0.0.0 Safari/537.36",
    "Sec-Ch-Ua": "\"Google Chrome\";v=\"131\", \"Chromium\";v=\"131\", \"Not_A Brand\";v=\"24\"",
    "Dnt": "1",
    "Sec-Ch-Ua-Mobile": "?0",
    "Accept": "*/*",
    "Sec-Fetch-Site": "same-origin",
    "Sec-Fetch-Mode": "no-cors",
    "Sec-Fetch-Dest": "script",
    "Referer": "http://127.0.0.1:8000/admin/menus/menu/add/",
    "Accept-Encoding": "gzip, deflate, br, zstd",
    "Accept-Language": "en-US,en;q=0.9",
    "Cookie": "csrftoken=uKQJBU73rvbu8GSXQ2wEBjLfi7FXV5DW; sessionid=vfggt76p119gewsk4m28datc6je0e4pp"
  }
}
INFO 2024-11-26 09:33:43,724 logging_middleware 21843 6209777664 Response: {
  "type": "response",
  "status_code": 200,
  "content": "<undecodable content>",
  "duration": "0.04s",
  "headers": {
    "Content-Type": "text/javascript; charset=\"utf-8\""
  }
}
INFO 2024-11-26 09:33:43,724 basehttp 21843 6209777664 "GET /admin/jsi18n/ HTTP/1.1" 200 3342
INFO 2024-11-26 09:33:43,731 basehttp 21843 6176124928 "GET /static/admin/js/change_form.js HTTP/1.1" 304 0
INFO 2024-11-26 09:33:43,762 basehttp 21843 6176124928 "GET /static/admin/img/icon-calendar.svg HTTP/1.1" 304 0
INFO 2024-11-26 09:43:01,052 logging_middleware 21843 6125645824 Request: {
  "type": "request",
  "method": "POST",
  "path": "/admin/menus/menu/add/",
  "user": "test1",
  "GET_params": {},
  "POST_params": "<file upload>",
  "body": "<binary data>",
  "headers": {
    "Content-Length": "407855",
    "Content-Type": "multipart/form-data; boundary=----WebKitFormBoundaryOzpW75SRfoDaQEWh",
    "Host": "127.0.0.1:8000",
    "Connection": "keep-alive",
    "Cache-Control": "max-age=0",
    "Sec-Ch-Ua": "\"Google Chrome\";v=\"131\", \"Chromium\";v=\"131\", \"Not_A Brand\";v=\"24\"",
    "Sec-Ch-Ua-Mobile": "?0",
    "Sec-Ch-Ua-Platform": "\"macOS\"",
    "Origin": "http://127.0.0.1:8000",
    "Dnt": "1",
    "Upgrade-Insecure-Requests": "1",
    "User-Agent": "Mozilla/5.0 (Macintosh; Intel Mac OS X 10_15_7) AppleWebKit/537.36 (KHTML, like Gecko) Chrome/131.0.0.0 Safari/537.36",
    "Accept": "text/html,application/xhtml+xml,application/xml;q=0.9,image/avif,image/webp,image/apng,*/*;q=0.8,application/signed-exchange;v=b3;q=0.7",
    "Sec-Fetch-Site": "same-origin",
    "Sec-Fetch-Mode": "navigate",
    "Sec-Fetch-User": "?1",
    "Sec-Fetch-Dest": "document",
    "Referer": "http://127.0.0.1:8000/admin/menus/menu/add/",
    "Accept-Encoding": "gzip, deflate, br, zstd",
    "Accept-Language": "en-US,en;q=0.9",
    "Cookie": "csrftoken=uKQJBU73rvbu8GSXQ2wEBjLfi7FXV5DW; sessionid=vfggt76p119gewsk4m28datc6je0e4pp"
  }
}
ERROR 2024-11-26 09:43:34,473 log 21843 6125645824 Internal Server Error: /admin/menus/menu/add/
Traceback (most recent call last):
  File "/Users/javierdominguezsegura/Programming/College/Sophomore/Databases/Final project/MMS/.venv/lib/python3.11/site-packages/django/db/backends/utils.py", line 105, in _execute
    return self.cursor.execute(sql, params)
           ^^^^^^^^^^^^^^^^^^^^^^^^^^^^^^^^
  File "/Users/javierdominguezsegura/Programming/College/Sophomore/Databases/Final project/MMS/.venv/lib/python3.11/site-packages/django/db/backends/mysql/base.py", line 76, in execute
    return self.cursor.execute(query, args)
           ^^^^^^^^^^^^^^^^^^^^^^^^^^^^^^^^
  File "/Users/javierdominguezsegura/Programming/College/Sophomore/Databases/Final project/MMS/.venv/lib/python3.11/site-packages/MySQLdb/cursors.py", line 179, in execute
    res = self._query(mogrified_query)
          ^^^^^^^^^^^^^^^^^^^^^^^^^^^^
  File "/Users/javierdominguezsegura/Programming/College/Sophomore/Databases/Final project/MMS/.venv/lib/python3.11/site-packages/MySQLdb/cursors.py", line 330, in _query
    db.query(q)
  File "/Users/javierdominguezsegura/Programming/College/Sophomore/Databases/Final project/MMS/.venv/lib/python3.11/site-packages/MySQLdb/connections.py", line 265, in query
    _mysql.connection.query(self, query)
MySQLdb.DataError: (1406, "Data too long for column 'state' at row 1")

The above exception was the direct cause of the following exception:

Traceback (most recent call last):
  File "/Users/javierdominguezsegura/Programming/College/Sophomore/Databases/Final project/MMS/src/django_project/menus/utils/insertion.py", line 51, in populate_menu_data
    menu.restaurant.save()
  File "/Users/javierdominguezsegura/Programming/College/Sophomore/Databases/Final project/MMS/.venv/lib/python3.11/site-packages/django/db/models/base.py", line 891, in save
    self.save_base(
  File "/Users/javierdominguezsegura/Programming/College/Sophomore/Databases/Final project/MMS/.venv/lib/python3.11/site-packages/django/db/models/base.py", line 997, in save_base
    updated = self._save_table(
              ^^^^^^^^^^^^^^^^^
  File "/Users/javierdominguezsegura/Programming/College/Sophomore/Databases/Final project/MMS/.venv/lib/python3.11/site-packages/django/db/models/base.py", line 1129, in _save_table
    updated = self._do_update(
              ^^^^^^^^^^^^^^^^
  File "/Users/javierdominguezsegura/Programming/College/Sophomore/Databases/Final project/MMS/.venv/lib/python3.11/site-packages/django/db/models/base.py", line 1194, in _do_update
    return filtered._update(values) > 0
           ^^^^^^^^^^^^^^^^^^^^^^^^
  File "/Users/javierdominguezsegura/Programming/College/Sophomore/Databases/Final project/MMS/.venv/lib/python3.11/site-packages/django/db/models/query.py", line 1278, in _update
    return query.get_compiler(self.db).execute_sql(CURSOR)
           ^^^^^^^^^^^^^^^^^^^^^^^^^^^^^^^^^^^^^^^^^^^^^^^
  File "/Users/javierdominguezsegura/Programming/College/Sophomore/Databases/Final project/MMS/.venv/lib/python3.11/site-packages/django/db/models/sql/compiler.py", line 2003, in execute_sql
    cursor = super().execute_sql(result_type)
             ^^^^^^^^^^^^^^^^^^^^^^^^^^^^^^^^
  File "/Users/javierdominguezsegura/Programming/College/Sophomore/Databases/Final project/MMS/.venv/lib/python3.11/site-packages/django/db/models/sql/compiler.py", line 1574, in execute_sql
    cursor.execute(sql, params)
  File "/Users/javierdominguezsegura/Programming/College/Sophomore/Databases/Final project/MMS/.venv/lib/python3.11/site-packages/django/db/backends/utils.py", line 122, in execute
    return super().execute(sql, params)
           ^^^^^^^^^^^^^^^^^^^^^^^^^^^^
  File "/Users/javierdominguezsegura/Programming/College/Sophomore/Databases/Final project/MMS/.venv/lib/python3.11/site-packages/django/db/backends/utils.py", line 79, in execute
    return self._execute_with_wrappers(
           ^^^^^^^^^^^^^^^^^^^^^^^^^^^^
  File "/Users/javierdominguezsegura/Programming/College/Sophomore/Databases/Final project/MMS/.venv/lib/python3.11/site-packages/django/db/backends/utils.py", line 92, in _execute_with_wrappers
    return executor(sql, params, many, context)
           ^^^^^^^^^^^^^^^^^^^^^^^^^^^^^^^^^^^^
  File "/Users/javierdominguezsegura/Programming/College/Sophomore/Databases/Final project/MMS/.venv/lib/python3.11/site-packages/django/db/backends/utils.py", line 100, in _execute
    with self.db.wrap_database_errors:
  File "/Users/javierdominguezsegura/Programming/College/Sophomore/Databases/Final project/MMS/.venv/lib/python3.11/site-packages/django/db/utils.py", line 91, in __exit__
    raise dj_exc_value.with_traceback(traceback) from exc_value
  File "/Users/javierdominguezsegura/Programming/College/Sophomore/Databases/Final project/MMS/.venv/lib/python3.11/site-packages/django/db/backends/utils.py", line 105, in _execute
    return self.cursor.execute(sql, params)
           ^^^^^^^^^^^^^^^^^^^^^^^^^^^^^^^^
  File "/Users/javierdominguezsegura/Programming/College/Sophomore/Databases/Final project/MMS/.venv/lib/python3.11/site-packages/django/db/backends/mysql/base.py", line 76, in execute
    return self.cursor.execute(query, args)
           ^^^^^^^^^^^^^^^^^^^^^^^^^^^^^^^^
  File "/Users/javierdominguezsegura/Programming/College/Sophomore/Databases/Final project/MMS/.venv/lib/python3.11/site-packages/MySQLdb/cursors.py", line 179, in execute
    res = self._query(mogrified_query)
          ^^^^^^^^^^^^^^^^^^^^^^^^^^^^
  File "/Users/javierdominguezsegura/Programming/College/Sophomore/Databases/Final project/MMS/.venv/lib/python3.11/site-packages/MySQLdb/cursors.py", line 330, in _query
    db.query(q)
  File "/Users/javierdominguezsegura/Programming/College/Sophomore/Databases/Final project/MMS/.venv/lib/python3.11/site-packages/MySQLdb/connections.py", line 265, in query
    _mysql.connection.query(self, query)
django.db.utils.DataError: (1406, "Data too long for column 'state' at row 1")

The above exception was the direct cause of the following exception:

Traceback (most recent call last):
  File "/Users/javierdominguezsegura/Programming/College/Sophomore/Databases/Final project/MMS/.venv/lib/python3.11/site-packages/django/core/handlers/exception.py", line 55, in inner
    response = get_response(request)
               ^^^^^^^^^^^^^^^^^^^^^
  File "/Users/javierdominguezsegura/Programming/College/Sophomore/Databases/Final project/MMS/.venv/lib/python3.11/site-packages/django/core/handlers/base.py", line 197, in _get_response
    response = wrapped_callback(request, *callback_args, **callback_kwargs)
               ^^^^^^^^^^^^^^^^^^^^^^^^^^^^^^^^^^^^^^^^^^^^^^^^^^^^^^^^^^^^
  File "/Users/javierdominguezsegura/Programming/College/Sophomore/Databases/Final project/MMS/.venv/lib/python3.11/site-packages/django/contrib/admin/options.py", line 718, in wrapper
    return self.admin_site.admin_view(view)(*args, **kwargs)
           ^^^^^^^^^^^^^^^^^^^^^^^^^^^^^^^^^^^^^^^^^^^^^^^^^
  File "/Users/javierdominguezsegura/Programming/College/Sophomore/Databases/Final project/MMS/.venv/lib/python3.11/site-packages/django/utils/decorators.py", line 188, in _view_wrapper
    result = _process_exception(request, e)
             ^^^^^^^^^^^^^^^^^^^^^^^^^^^^^^
  File "/Users/javierdominguezsegura/Programming/College/Sophomore/Databases/Final project/MMS/.venv/lib/python3.11/site-packages/django/utils/decorators.py", line 186, in _view_wrapper
    response = view_func(request, *args, **kwargs)
               ^^^^^^^^^^^^^^^^^^^^^^^^^^^^^^^^^^^
  File "/Users/javierdominguezsegura/Programming/College/Sophomore/Databases/Final project/MMS/.venv/lib/python3.11/site-packages/django/views/decorators/cache.py", line 80, in _view_wrapper
    response = view_func(request, *args, **kwargs)
               ^^^^^^^^^^^^^^^^^^^^^^^^^^^^^^^^^^^
  File "/Users/javierdominguezsegura/Programming/College/Sophomore/Databases/Final project/MMS/.venv/lib/python3.11/site-packages/django/contrib/admin/sites.py", line 241, in inner
    return view(request, *args, **kwargs)
           ^^^^^^^^^^^^^^^^^^^^^^^^^^^^^^
  File "/Users/javierdominguezsegura/Programming/College/Sophomore/Databases/Final project/MMS/.venv/lib/python3.11/site-packages/django/contrib/admin/options.py", line 1961, in add_view
    return self.changeform_view(request, None, form_url, extra_context)
           ^^^^^^^^^^^^^^^^^^^^^^^^^^^^^^^^^^^^^^^^^^^^^^^^^^^^^^^^^^^^
  File "/Users/javierdominguezsegura/Programming/College/Sophomore/Databases/Final project/MMS/.venv/lib/python3.11/site-packages/django/utils/decorators.py", line 48, in _wrapper
    return bound_method(*args, **kwargs)
           ^^^^^^^^^^^^^^^^^^^^^^^^^^^^^
  File "/Users/javierdominguezsegura/Programming/College/Sophomore/Databases/Final project/MMS/.venv/lib/python3.11/site-packages/django/utils/decorators.py", line 188, in _view_wrapper
    result = _process_exception(request, e)
             ^^^^^^^^^^^^^^^^^^^^^^^^^^^^^^
  File "/Users/javierdominguezsegura/Programming/College/Sophomore/Databases/Final project/MMS/.venv/lib/python3.11/site-packages/django/utils/decorators.py", line 186, in _view_wrapper
    response = view_func(request, *args, **kwargs)
               ^^^^^^^^^^^^^^^^^^^^^^^^^^^^^^^^^^^
  File "/Users/javierdominguezsegura/Programming/College/Sophomore/Databases/Final project/MMS/.venv/lib/python3.11/site-packages/django/contrib/admin/options.py", line 1820, in changeform_view
    return self._changeform_view(request, object_id, form_url, extra_context)
           ^^^^^^^^^^^^^^^^^^^^^^^^^^^^^^^^^^^^^^^^^^^^^^^^^^^^^^^^^^^^^^^^^^
  File "/Users/javierdominguezsegura/Programming/College/Sophomore/Databases/Final project/MMS/.venv/lib/python3.11/site-packages/django/contrib/admin/options.py", line 1871, in _changeform_view
    self.save_model(request, new_object, form, not add)
  File "/Users/javierdominguezsegura/Programming/College/Sophomore/Databases/Final project/MMS/src/django_project/menus/admin.py", line 104, in save_model
    ai_call_log.save()
  File "/Users/javierdominguezsegura/Programming/College/Sophomore/Databases/Final project/MMS/.venv/lib/python3.11/site-packages/django/db/models/base.py", line 891, in save
    self.save_base(
  File "/Users/javierdominguezsegura/Programming/College/Sophomore/Databases/Final project/MMS/.venv/lib/python3.11/site-packages/django/db/models/base.py", line 997, in save_base
    updated = self._save_table(
              ^^^^^^^^^^^^^^^^^
  File "/Users/javierdominguezsegura/Programming/College/Sophomore/Databases/Final project/MMS/.venv/lib/python3.11/site-packages/django/db/models/base.py", line 1129, in _save_table
    updated = self._do_update(
              ^^^^^^^^^^^^^^^^
  File "/Users/javierdominguezsegura/Programming/College/Sophomore/Databases/Final project/MMS/.venv/lib/python3.11/site-packages/django/db/models/base.py", line 1194, in _do_update
    return filtered._update(values) > 0
           ^^^^^^^^^^^^^^^^^^^^^^^^
  File "/Users/javierdominguezsegura/Programming/College/Sophomore/Databases/Final project/MMS/.venv/lib/python3.11/site-packages/django/db/models/query.py", line 1278, in _update
    return query.get_compiler(self.db).execute_sql(CURSOR)
           ^^^^^^^^^^^^^^^^^^^^^^^^^^^^^^^^^^^^^^^^^^^^^^^
  File "/Users/javierdominguezsegura/Programming/College/Sophomore/Databases/Final project/MMS/.venv/lib/python3.11/site-packages/django/db/models/sql/compiler.py", line 2003, in execute_sql
    cursor = super().execute_sql(result_type)
             ^^^^^^^^^^^^^^^^^^^^^^^^^^^^^^^^
  File "/Users/javierdominguezsegura/Programming/College/Sophomore/Databases/Final project/MMS/.venv/lib/python3.11/site-packages/django/db/models/sql/compiler.py", line 1574, in execute_sql
    cursor.execute(sql, params)
  File "/Users/javierdominguezsegura/Programming/College/Sophomore/Databases/Final project/MMS/.venv/lib/python3.11/site-packages/django/db/backends/utils.py", line 122, in execute
    return super().execute(sql, params)
           ^^^^^^^^^^^^^^^^^^^^^^^^^^^^
  File "/Users/javierdominguezsegura/Programming/College/Sophomore/Databases/Final project/MMS/.venv/lib/python3.11/site-packages/django/db/backends/utils.py", line 79, in execute
    return self._execute_with_wrappers(
           ^^^^^^^^^^^^^^^^^^^^^^^^^^^^
  File "/Users/javierdominguezsegura/Programming/College/Sophomore/Databases/Final project/MMS/.venv/lib/python3.11/site-packages/django/db/backends/utils.py", line 92, in _execute_with_wrappers
    return executor(sql, params, many, context)
           ^^^^^^^^^^^^^^^^^^^^^^^^^^^^^^^^^^^^
  File "/Users/javierdominguezsegura/Programming/College/Sophomore/Databases/Final project/MMS/.venv/lib/python3.11/site-packages/django/db/backends/utils.py", line 99, in _execute
    self.db.validate_no_broken_transaction()
  File "/Users/javierdominguezsegura/Programming/College/Sophomore/Databases/Final project/MMS/.venv/lib/python3.11/site-packages/django/db/backends/base/base.py", line 521, in validate_no_broken_transaction
    raise TransactionManagementError(
django.db.transaction.TransactionManagementError: An error occurred in the current transaction. You can't execute queries until the end of the 'atomic' block.
INFO 2024-11-26 09:43:34,479 logging_middleware 21843 6125645824 Response: {
  "type": "response",
  "status_code": 500,
  "content": "<undecodable content>",
  "duration": "33.54s",
  "headers": {
    "Content-Type": "text/html; charset=utf-8"
  }
}
ERROR 2024-11-26 09:43:34,480 basehttp 21843 6125645824 "POST /admin/menus/menu/add/ HTTP/1.1" 500 322491
INFO 2024-11-26 09:44:33,862 logging_middleware 21843 6125645824 Request: {
  "type": "request",
  "method": "POST",
  "path": "/admin/menus/menu/add/",
  "user": "test1",
  "GET_params": {},
  "POST_params": "<file upload>",
  "body": "<binary data>",
  "headers": {
    "Content-Length": "407855",
    "Content-Type": "multipart/form-data; boundary=----WebKitFormBoundaryOzpW75SRfoDaQEWh",
    "Host": "127.0.0.1:8000",
    "Connection": "keep-alive",
    "Cache-Control": "max-age=0",
    "Sec-Ch-Ua": "\"Google Chrome\";v=\"131\", \"Chromium\";v=\"131\", \"Not_A Brand\";v=\"24\"",
    "Sec-Ch-Ua-Mobile": "?0",
    "Sec-Ch-Ua-Platform": "\"macOS\"",
    "Dnt": "1",
    "Upgrade-Insecure-Requests": "1",
    "User-Agent": "Mozilla/5.0 (Macintosh; Intel Mac OS X 10_15_7) AppleWebKit/537.36 (KHTML, like Gecko) Chrome/131.0.0.0 Safari/537.36",
    "Origin": "http://127.0.0.1:8000",
    "Accept": "text/html,application/xhtml+xml,application/xml;q=0.9,image/avif,image/webp,image/apng,*/*;q=0.8,application/signed-exchange;v=b3;q=0.7",
    "Sec-Fetch-Site": "same-origin",
    "Sec-Fetch-Mode": "navigate",
    "Sec-Fetch-User": "?1",
    "Sec-Fetch-Dest": "document",
    "Referer": "http://127.0.0.1:8000/admin/menus/menu/add/",
    "Accept-Encoding": "gzip, deflate, br, zstd",
    "Accept-Language": "en-US,en;q=0.9",
    "Cookie": "csrftoken=uKQJBU73rvbu8GSXQ2wEBjLfi7FXV5DW; sessionid=vfggt76p119gewsk4m28datc6je0e4pp"
  }
}
ERROR 2024-11-26 09:45:14,183 log 21843 6125645824 Internal Server Error: /admin/menus/menu/add/
Traceback (most recent call last):
  File "/Users/javierdominguezsegura/Programming/College/Sophomore/Databases/Final project/MMS/.venv/lib/python3.11/site-packages/django/db/backends/utils.py", line 105, in _execute
    return self.cursor.execute(sql, params)
           ^^^^^^^^^^^^^^^^^^^^^^^^^^^^^^^^
  File "/Users/javierdominguezsegura/Programming/College/Sophomore/Databases/Final project/MMS/.venv/lib/python3.11/site-packages/django/db/backends/mysql/base.py", line 76, in execute
    return self.cursor.execute(query, args)
           ^^^^^^^^^^^^^^^^^^^^^^^^^^^^^^^^
  File "/Users/javierdominguezsegura/Programming/College/Sophomore/Databases/Final project/MMS/.venv/lib/python3.11/site-packages/MySQLdb/cursors.py", line 179, in execute
    res = self._query(mogrified_query)
          ^^^^^^^^^^^^^^^^^^^^^^^^^^^^
  File "/Users/javierdominguezsegura/Programming/College/Sophomore/Databases/Final project/MMS/.venv/lib/python3.11/site-packages/MySQLdb/cursors.py", line 330, in _query
    db.query(q)
  File "/Users/javierdominguezsegura/Programming/College/Sophomore/Databases/Final project/MMS/.venv/lib/python3.11/site-packages/MySQLdb/connections.py", line 265, in query
    _mysql.connection.query(self, query)
MySQLdb.DataError: (1406, "Data too long for column 'state' at row 1")

The above exception was the direct cause of the following exception:

Traceback (most recent call last):
  File "/Users/javierdominguezsegura/Programming/College/Sophomore/Databases/Final project/MMS/src/django_project/menus/utils/insertion.py", line 51, in populate_menu_data
    menu.restaurant.save()
  File "/Users/javierdominguezsegura/Programming/College/Sophomore/Databases/Final project/MMS/.venv/lib/python3.11/site-packages/django/db/models/base.py", line 891, in save
    self.save_base(
  File "/Users/javierdominguezsegura/Programming/College/Sophomore/Databases/Final project/MMS/.venv/lib/python3.11/site-packages/django/db/models/base.py", line 997, in save_base
    updated = self._save_table(
              ^^^^^^^^^^^^^^^^^
  File "/Users/javierdominguezsegura/Programming/College/Sophomore/Databases/Final project/MMS/.venv/lib/python3.11/site-packages/django/db/models/base.py", line 1129, in _save_table
    updated = self._do_update(
              ^^^^^^^^^^^^^^^^
  File "/Users/javierdominguezsegura/Programming/College/Sophomore/Databases/Final project/MMS/.venv/lib/python3.11/site-packages/django/db/models/base.py", line 1194, in _do_update
    return filtered._update(values) > 0
           ^^^^^^^^^^^^^^^^^^^^^^^^
  File "/Users/javierdominguezsegura/Programming/College/Sophomore/Databases/Final project/MMS/.venv/lib/python3.11/site-packages/django/db/models/query.py", line 1278, in _update
    return query.get_compiler(self.db).execute_sql(CURSOR)
           ^^^^^^^^^^^^^^^^^^^^^^^^^^^^^^^^^^^^^^^^^^^^^^^
  File "/Users/javierdominguezsegura/Programming/College/Sophomore/Databases/Final project/MMS/.venv/lib/python3.11/site-packages/django/db/models/sql/compiler.py", line 2003, in execute_sql
    cursor = super().execute_sql(result_type)
             ^^^^^^^^^^^^^^^^^^^^^^^^^^^^^^^^
  File "/Users/javierdominguezsegura/Programming/College/Sophomore/Databases/Final project/MMS/.venv/lib/python3.11/site-packages/django/db/models/sql/compiler.py", line 1574, in execute_sql
    cursor.execute(sql, params)
  File "/Users/javierdominguezsegura/Programming/College/Sophomore/Databases/Final project/MMS/.venv/lib/python3.11/site-packages/django/db/backends/utils.py", line 122, in execute
    return super().execute(sql, params)
           ^^^^^^^^^^^^^^^^^^^^^^^^^^^^
  File "/Users/javierdominguezsegura/Programming/College/Sophomore/Databases/Final project/MMS/.venv/lib/python3.11/site-packages/django/db/backends/utils.py", line 79, in execute
    return self._execute_with_wrappers(
           ^^^^^^^^^^^^^^^^^^^^^^^^^^^^
  File "/Users/javierdominguezsegura/Programming/College/Sophomore/Databases/Final project/MMS/.venv/lib/python3.11/site-packages/django/db/backends/utils.py", line 92, in _execute_with_wrappers
    return executor(sql, params, many, context)
           ^^^^^^^^^^^^^^^^^^^^^^^^^^^^^^^^^^^^
  File "/Users/javierdominguezsegura/Programming/College/Sophomore/Databases/Final project/MMS/.venv/lib/python3.11/site-packages/django/db/backends/utils.py", line 100, in _execute
    with self.db.wrap_database_errors:
  File "/Users/javierdominguezsegura/Programming/College/Sophomore/Databases/Final project/MMS/.venv/lib/python3.11/site-packages/django/db/utils.py", line 91, in __exit__
    raise dj_exc_value.with_traceback(traceback) from exc_value
  File "/Users/javierdominguezsegura/Programming/College/Sophomore/Databases/Final project/MMS/.venv/lib/python3.11/site-packages/django/db/backends/utils.py", line 105, in _execute
    return self.cursor.execute(sql, params)
           ^^^^^^^^^^^^^^^^^^^^^^^^^^^^^^^^
  File "/Users/javierdominguezsegura/Programming/College/Sophomore/Databases/Final project/MMS/.venv/lib/python3.11/site-packages/django/db/backends/mysql/base.py", line 76, in execute
    return self.cursor.execute(query, args)
           ^^^^^^^^^^^^^^^^^^^^^^^^^^^^^^^^
  File "/Users/javierdominguezsegura/Programming/College/Sophomore/Databases/Final project/MMS/.venv/lib/python3.11/site-packages/MySQLdb/cursors.py", line 179, in execute
    res = self._query(mogrified_query)
          ^^^^^^^^^^^^^^^^^^^^^^^^^^^^
  File "/Users/javierdominguezsegura/Programming/College/Sophomore/Databases/Final project/MMS/.venv/lib/python3.11/site-packages/MySQLdb/cursors.py", line 330, in _query
    db.query(q)
  File "/Users/javierdominguezsegura/Programming/College/Sophomore/Databases/Final project/MMS/.venv/lib/python3.11/site-packages/MySQLdb/connections.py", line 265, in query
    _mysql.connection.query(self, query)
django.db.utils.DataError: (1406, "Data too long for column 'state' at row 1")

The above exception was the direct cause of the following exception:

Traceback (most recent call last):
  File "/Users/javierdominguezsegura/Programming/College/Sophomore/Databases/Final project/MMS/.venv/lib/python3.11/site-packages/django/core/handlers/exception.py", line 55, in inner
    response = get_response(request)
               ^^^^^^^^^^^^^^^^^^^^^
  File "/Users/javierdominguezsegura/Programming/College/Sophomore/Databases/Final project/MMS/.venv/lib/python3.11/site-packages/django/core/handlers/base.py", line 197, in _get_response
    response = wrapped_callback(request, *callback_args, **callback_kwargs)
               ^^^^^^^^^^^^^^^^^^^^^^^^^^^^^^^^^^^^^^^^^^^^^^^^^^^^^^^^^^^^
  File "/Users/javierdominguezsegura/Programming/College/Sophomore/Databases/Final project/MMS/.venv/lib/python3.11/site-packages/django/contrib/admin/options.py", line 718, in wrapper
    return self.admin_site.admin_view(view)(*args, **kwargs)
           ^^^^^^^^^^^^^^^^^^^^^^^^^^^^^^^^^^^^^^^^^^^^^^^^^
  File "/Users/javierdominguezsegura/Programming/College/Sophomore/Databases/Final project/MMS/.venv/lib/python3.11/site-packages/django/utils/decorators.py", line 188, in _view_wrapper
    result = _process_exception(request, e)
             ^^^^^^^^^^^^^^^^^^^^^^^^^^^^^^
  File "/Users/javierdominguezsegura/Programming/College/Sophomore/Databases/Final project/MMS/.venv/lib/python3.11/site-packages/django/utils/decorators.py", line 186, in _view_wrapper
    response = view_func(request, *args, **kwargs)
               ^^^^^^^^^^^^^^^^^^^^^^^^^^^^^^^^^^^
  File "/Users/javierdominguezsegura/Programming/College/Sophomore/Databases/Final project/MMS/.venv/lib/python3.11/site-packages/django/views/decorators/cache.py", line 80, in _view_wrapper
    response = view_func(request, *args, **kwargs)
               ^^^^^^^^^^^^^^^^^^^^^^^^^^^^^^^^^^^
  File "/Users/javierdominguezsegura/Programming/College/Sophomore/Databases/Final project/MMS/.venv/lib/python3.11/site-packages/django/contrib/admin/sites.py", line 241, in inner
    return view(request, *args, **kwargs)
           ^^^^^^^^^^^^^^^^^^^^^^^^^^^^^^
  File "/Users/javierdominguezsegura/Programming/College/Sophomore/Databases/Final project/MMS/.venv/lib/python3.11/site-packages/django/contrib/admin/options.py", line 1961, in add_view
    return self.changeform_view(request, None, form_url, extra_context)
           ^^^^^^^^^^^^^^^^^^^^^^^^^^^^^^^^^^^^^^^^^^^^^^^^^^^^^^^^^^^^
  File "/Users/javierdominguezsegura/Programming/College/Sophomore/Databases/Final project/MMS/.venv/lib/python3.11/site-packages/django/utils/decorators.py", line 48, in _wrapper
    return bound_method(*args, **kwargs)
           ^^^^^^^^^^^^^^^^^^^^^^^^^^^^^
  File "/Users/javierdominguezsegura/Programming/College/Sophomore/Databases/Final project/MMS/.venv/lib/python3.11/site-packages/django/utils/decorators.py", line 188, in _view_wrapper
    result = _process_exception(request, e)
             ^^^^^^^^^^^^^^^^^^^^^^^^^^^^^^
  File "/Users/javierdominguezsegura/Programming/College/Sophomore/Databases/Final project/MMS/.venv/lib/python3.11/site-packages/django/utils/decorators.py", line 186, in _view_wrapper
    response = view_func(request, *args, **kwargs)
               ^^^^^^^^^^^^^^^^^^^^^^^^^^^^^^^^^^^
  File "/Users/javierdominguezsegura/Programming/College/Sophomore/Databases/Final project/MMS/.venv/lib/python3.11/site-packages/django/contrib/admin/options.py", line 1820, in changeform_view
    return self._changeform_view(request, object_id, form_url, extra_context)
           ^^^^^^^^^^^^^^^^^^^^^^^^^^^^^^^^^^^^^^^^^^^^^^^^^^^^^^^^^^^^^^^^^^
  File "/Users/javierdominguezsegura/Programming/College/Sophomore/Databases/Final project/MMS/.venv/lib/python3.11/site-packages/django/contrib/admin/options.py", line 1871, in _changeform_view
    self.save_model(request, new_object, form, not add)
  File "/Users/javierdominguezsegura/Programming/College/Sophomore/Databases/Final project/MMS/src/django_project/menus/admin.py", line 104, in save_model
    ai_call_log.save()
  File "/Users/javierdominguezsegura/Programming/College/Sophomore/Databases/Final project/MMS/.venv/lib/python3.11/site-packages/django/db/models/base.py", line 891, in save
    self.save_base(
  File "/Users/javierdominguezsegura/Programming/College/Sophomore/Databases/Final project/MMS/.venv/lib/python3.11/site-packages/django/db/models/base.py", line 997, in save_base
    updated = self._save_table(
              ^^^^^^^^^^^^^^^^^
  File "/Users/javierdominguezsegura/Programming/College/Sophomore/Databases/Final project/MMS/.venv/lib/python3.11/site-packages/django/db/models/base.py", line 1129, in _save_table
    updated = self._do_update(
              ^^^^^^^^^^^^^^^^
  File "/Users/javierdominguezsegura/Programming/College/Sophomore/Databases/Final project/MMS/.venv/lib/python3.11/site-packages/django/db/models/base.py", line 1194, in _do_update
    return filtered._update(values) > 0
           ^^^^^^^^^^^^^^^^^^^^^^^^
  File "/Users/javierdominguezsegura/Programming/College/Sophomore/Databases/Final project/MMS/.venv/lib/python3.11/site-packages/django/db/models/query.py", line 1278, in _update
    return query.get_compiler(self.db).execute_sql(CURSOR)
           ^^^^^^^^^^^^^^^^^^^^^^^^^^^^^^^^^^^^^^^^^^^^^^^
  File "/Users/javierdominguezsegura/Programming/College/Sophomore/Databases/Final project/MMS/.venv/lib/python3.11/site-packages/django/db/models/sql/compiler.py", line 2003, in execute_sql
    cursor = super().execute_sql(result_type)
             ^^^^^^^^^^^^^^^^^^^^^^^^^^^^^^^^
  File "/Users/javierdominguezsegura/Programming/College/Sophomore/Databases/Final project/MMS/.venv/lib/python3.11/site-packages/django/db/models/sql/compiler.py", line 1574, in execute_sql
    cursor.execute(sql, params)
  File "/Users/javierdominguezsegura/Programming/College/Sophomore/Databases/Final project/MMS/.venv/lib/python3.11/site-packages/django/db/backends/utils.py", line 122, in execute
    return super().execute(sql, params)
           ^^^^^^^^^^^^^^^^^^^^^^^^^^^^
  File "/Users/javierdominguezsegura/Programming/College/Sophomore/Databases/Final project/MMS/.venv/lib/python3.11/site-packages/django/db/backends/utils.py", line 79, in execute
    return self._execute_with_wrappers(
           ^^^^^^^^^^^^^^^^^^^^^^^^^^^^
  File "/Users/javierdominguezsegura/Programming/College/Sophomore/Databases/Final project/MMS/.venv/lib/python3.11/site-packages/django/db/backends/utils.py", line 92, in _execute_with_wrappers
    return executor(sql, params, many, context)
           ^^^^^^^^^^^^^^^^^^^^^^^^^^^^^^^^^^^^
  File "/Users/javierdominguezsegura/Programming/College/Sophomore/Databases/Final project/MMS/.venv/lib/python3.11/site-packages/django/db/backends/utils.py", line 99, in _execute
    self.db.validate_no_broken_transaction()
  File "/Users/javierdominguezsegura/Programming/College/Sophomore/Databases/Final project/MMS/.venv/lib/python3.11/site-packages/django/db/backends/base/base.py", line 521, in validate_no_broken_transaction
    raise TransactionManagementError(
django.db.transaction.TransactionManagementError: An error occurred in the current transaction. You can't execute queries until the end of the 'atomic' block.
INFO 2024-11-26 09:45:14,186 logging_middleware 21843 6125645824 Response: {
  "type": "response",
  "status_code": 500,
  "content": "<undecodable content>",
  "duration": "40.35s",
  "headers": {
    "Content-Type": "text/html; charset=utf-8"
  }
}
ERROR 2024-11-26 09:45:14,187 basehttp 21843 6125645824 "POST /admin/menus/menu/add/ HTTP/1.1" 500 322155
INFO 2024-11-26 09:45:30,453 logging_middleware 21843 6125645824 Request: {
  "type": "request",
  "method": "GET",
  "path": "/admin/menus/menu/add/",
  "user": "test1",
  "GET_params": {},
  "POST_params": {},
  "body": null,
  "headers": {
    "Content-Length": "",
    "Content-Type": "text/plain",
    "Host": "127.0.0.1:8000",
    "Connection": "keep-alive",
    "Sec-Ch-Ua": "\"Google Chrome\";v=\"131\", \"Chromium\";v=\"131\", \"Not_A Brand\";v=\"24\"",
    "Sec-Ch-Ua-Mobile": "?0",
    "Sec-Ch-Ua-Platform": "\"macOS\"",
    "Dnt": "1",
    "Upgrade-Insecure-Requests": "1",
    "User-Agent": "Mozilla/5.0 (Macintosh; Intel Mac OS X 10_15_7) AppleWebKit/537.36 (KHTML, like Gecko) Chrome/131.0.0.0 Safari/537.36",
    "Accept": "text/html,application/xhtml+xml,application/xml;q=0.9,image/avif,image/webp,image/apng,*/*;q=0.8,application/signed-exchange;v=b3;q=0.7",
    "Sec-Fetch-Site": "same-origin",
    "Sec-Fetch-Mode": "navigate",
    "Sec-Fetch-Dest": "document",
    "Referer": "http://127.0.0.1:8000/admin/menus/menu/",
    "Accept-Encoding": "gzip, deflate, br, zstd",
    "Accept-Language": "en-US,en;q=0.9",
    "Cookie": "csrftoken=uKQJBU73rvbu8GSXQ2wEBjLfi7FXV5DW; sessionid=vfggt76p119gewsk4m28datc6je0e4pp"
  }
}
INFO 2024-11-26 09:45:30,471 logging_middleware 21843 6125645824 Response: {
  "type": "response",
  "status_code": 200,
  "content": "<undecodable content>",
  "duration": "0.04s",
  "headers": {
    "Content-Type": "text/html; charset=utf-8",
    "Expires": "Tue, 26 Nov 2024 09:45:30 GMT",
    "Cache-Control": "max-age=0, no-cache, no-store, must-revalidate, private",
    "Vary": "Cookie"
  }
}
INFO 2024-11-26 09:45:30,472 basehttp 21843 6125645824 "GET /admin/menus/menu/add/ HTTP/1.1" 200 14974
INFO 2024-11-26 09:45:38,247 logging_middleware 21843 6125645824 Request: {
  "type": "request",
  "method": "POST",
  "path": "/admin/menus/menu/add/",
  "user": "test1",
  "GET_params": {},
  "POST_params": "<file upload>",
  "body": "<binary data>",
  "headers": {
    "Content-Length": "256050",
    "Content-Type": "multipart/form-data; boundary=----WebKitFormBoundaryDnZ8PHTth7Fp9W8e",
    "Host": "127.0.0.1:8000",
    "Connection": "keep-alive",
    "Cache-Control": "max-age=0",
    "Sec-Ch-Ua": "\"Google Chrome\";v=\"131\", \"Chromium\";v=\"131\", \"Not_A Brand\";v=\"24\"",
    "Sec-Ch-Ua-Mobile": "?0",
    "Sec-Ch-Ua-Platform": "\"macOS\"",
    "Origin": "http://127.0.0.1:8000",
    "Dnt": "1",
    "Upgrade-Insecure-Requests": "1",
    "User-Agent": "Mozilla/5.0 (Macintosh; Intel Mac OS X 10_15_7) AppleWebKit/537.36 (KHTML, like Gecko) Chrome/131.0.0.0 Safari/537.36",
    "Accept": "text/html,application/xhtml+xml,application/xml;q=0.9,image/avif,image/webp,image/apng,*/*;q=0.8,application/signed-exchange;v=b3;q=0.7",
    "Sec-Fetch-Site": "same-origin",
    "Sec-Fetch-Mode": "navigate",
    "Sec-Fetch-User": "?1",
    "Sec-Fetch-Dest": "document",
    "Referer": "http://127.0.0.1:8000/admin/menus/menu/add/",
    "Accept-Encoding": "gzip, deflate, br, zstd",
    "Accept-Language": "en-US,en;q=0.9",
    "Cookie": "csrftoken=uKQJBU73rvbu8GSXQ2wEBjLfi7FXV5DW; sessionid=vfggt76p119gewsk4m28datc6je0e4pp"
  }
}
INFO 2024-11-26 09:46:00,630 logging_middleware 21843 6125645824 Response: {
  "type": "response",
  "status_code": 302,
  "content": "<undecodable content>",
  "duration": "22.39s",
  "headers": {
    "Content-Type": "text/html; charset=utf-8",
    "Location": "/admin/menus/menu/",
    "Expires": "Tue, 26 Nov 2024 09:46:00 GMT",
    "Cache-Control": "max-age=0, no-cache, no-store, must-revalidate, private"
  }
}
INFO 2024-11-26 09:46:00,631 basehttp 21843 6125645824 "POST /admin/menus/menu/add/ HTTP/1.1" 302 0
INFO 2024-11-26 09:46:00,641 logging_middleware 21843 6125645824 Request: {
  "type": "request",
  "method": "GET",
  "path": "/admin/menus/menu/",
  "user": "test1",
  "GET_params": {},
  "POST_params": {},
  "body": null,
  "headers": {
    "Content-Length": "",
    "Content-Type": "text/plain",
    "Host": "127.0.0.1:8000",
    "Connection": "keep-alive",
    "Cache-Control": "max-age=0",
    "Dnt": "1",
    "Upgrade-Insecure-Requests": "1",
    "User-Agent": "Mozilla/5.0 (Macintosh; Intel Mac OS X 10_15_7) AppleWebKit/537.36 (KHTML, like Gecko) Chrome/131.0.0.0 Safari/537.36",
    "Accept": "text/html,application/xhtml+xml,application/xml;q=0.9,image/avif,image/webp,image/apng,*/*;q=0.8,application/signed-exchange;v=b3;q=0.7",
    "Sec-Fetch-Site": "same-origin",
    "Sec-Fetch-Mode": "navigate",
    "Sec-Fetch-User": "?1",
    "Sec-Fetch-Dest": "document",
    "Sec-Ch-Ua": "\"Google Chrome\";v=\"131\", \"Chromium\";v=\"131\", \"Not_A Brand\";v=\"24\"",
    "Sec-Ch-Ua-Mobile": "?0",
    "Sec-Ch-Ua-Platform": "\"macOS\"",
    "Referer": "http://127.0.0.1:8000/admin/menus/menu/add/",
    "Accept-Encoding": "gzip, deflate, br, zstd",
    "Accept-Language": "en-US,en;q=0.9",
    "Cookie": "csrftoken=uKQJBU73rvbu8GSXQ2wEBjLfi7FXV5DW; sessionid=vfggt76p119gewsk4m28datc6je0e4pp; messages=.eJwdjUEKwjAQAL8S9hzdpupBqf2BF_HWlLAk20ZpInQbxd9bepnLwEzXgXMveWeXWIRGBm10fdLwiKxunIuypa6Mb0jFmYerBaSQnhnT6mQjniv0kfLIaKG9syxUZsrL7nO4mGOD1G6JoL4kikLgoKR4v-6GMk2_PWiAvv8DHustBg:1tFs8u:Il0ZGBiabxyhm9jNKJlWY1affvGu6mOZuTvcgUeywLQ"
  }
}
INFO 2024-11-26 09:46:00,668 logging_middleware 21843 6125645824 Response: {
  "type": "response",
  "status_code": 200,
  "content": "<undecodable content>",
  "duration": "0.03s",
  "headers": {
    "Content-Type": "text/html; charset=utf-8",
    "Expires": "Tue, 26 Nov 2024 09:46:00 GMT",
    "Cache-Control": "max-age=0, no-cache, no-store, must-revalidate, private",
    "Vary": "Cookie"
  }
}
INFO 2024-11-26 09:46:00,668 basehttp 21843 6125645824 "GET /admin/menus/menu/ HTTP/1.1" 200 24003
INFO 2024-11-26 09:46:00,700 logging_middleware 21843 6125645824 Request: {
  "type": "request",
  "method": "GET",
  "path": "/admin/jsi18n/",
  "user": "test1",
  "GET_params": {},
  "POST_params": {},
  "body": null,
  "headers": {
    "Content-Length": "",
    "Content-Type": "text/plain",
    "Host": "127.0.0.1:8000",
    "Connection": "keep-alive",
    "Sec-Ch-Ua-Platform": "\"macOS\"",
    "User-Agent": "Mozilla/5.0 (Macintosh; Intel Mac OS X 10_15_7) AppleWebKit/537.36 (KHTML, like Gecko) Chrome/131.0.0.0 Safari/537.36",
    "Sec-Ch-Ua": "\"Google Chrome\";v=\"131\", \"Chromium\";v=\"131\", \"Not_A Brand\";v=\"24\"",
    "Dnt": "1",
    "Sec-Ch-Ua-Mobile": "?0",
    "Accept": "*/*",
    "Sec-Fetch-Site": "same-origin",
    "Sec-Fetch-Mode": "no-cors",
    "Sec-Fetch-Dest": "script",
    "Referer": "http://127.0.0.1:8000/admin/menus/menu/",
    "Accept-Encoding": "gzip, deflate, br, zstd",
    "Accept-Language": "en-US,en;q=0.9",
    "Cookie": "csrftoken=uKQJBU73rvbu8GSXQ2wEBjLfi7FXV5DW; sessionid=vfggt76p119gewsk4m28datc6je0e4pp"
  }
}
INFO 2024-11-26 09:46:00,701 logging_middleware 21843 6125645824 Response: {
  "type": "response",
  "status_code": 200,
  "content": "<undecodable content>",
  "duration": "0.01s",
  "headers": {
    "Content-Type": "text/javascript; charset=\"utf-8\""
  }
}
INFO 2024-11-26 09:46:00,702 basehttp 21843 6125645824 "GET /admin/jsi18n/ HTTP/1.1" 200 3342
INFO 2024-11-26 09:46:12,311 logging_middleware 21843 6125645824 Request: {
  "type": "request",
  "method": "GET",
  "path": "/media/defaultRestaurant_wdzWNBg.png",
  "user": "test1",
  "GET_params": {},
  "POST_params": {},
  "body": null,
  "headers": {
    "Content-Length": "",
    "Content-Type": "text/plain",
    "Host": "127.0.0.1:8000",
    "Connection": "keep-alive",
    "Sec-Ch-Ua": "\"Google Chrome\";v=\"131\", \"Chromium\";v=\"131\", \"Not_A Brand\";v=\"24\"",
    "Sec-Ch-Ua-Mobile": "?0",
    "Sec-Ch-Ua-Platform": "\"macOS\"",
    "Dnt": "1",
    "Upgrade-Insecure-Requests": "1",
    "User-Agent": "Mozilla/5.0 (Macintosh; Intel Mac OS X 10_15_7) AppleWebKit/537.36 (KHTML, like Gecko) Chrome/131.0.0.0 Safari/537.36",
    "Accept": "text/html,application/xhtml+xml,application/xml;q=0.9,image/avif,image/webp,image/apng,*/*;q=0.8,application/signed-exchange;v=b3;q=0.7",
    "Sec-Fetch-Site": "same-origin",
    "Sec-Fetch-Mode": "navigate",
    "Sec-Fetch-User": "?1",
    "Sec-Fetch-Dest": "document",
    "Referer": "http://127.0.0.1:8000/admin/menus/menu/",
    "Accept-Encoding": "gzip, deflate, br, zstd",
    "Accept-Language": "en-US,en;q=0.9",
    "Cookie": "csrftoken=uKQJBU73rvbu8GSXQ2wEBjLfi7FXV5DW; sessionid=vfggt76p119gewsk4m28datc6je0e4pp"
  }
}
INFO 2024-11-26 09:46:12,312 logging_middleware 21843 6125645824 Response: {
  "type": "response",
  "status_code": 200,
  "content": null,
  "duration": "0.01s",
  "headers": {
    "Content-Type": "image/png",
    "Content-Length": "255278",
    "Content-Disposition": "inline; filename=\"defaultRestaurant_wdzWNBg.png\"",
    "Last-Modified": "Tue, 26 Nov 2024 09:45:38 GMT"
  }
}
INFO 2024-11-26 09:46:12,314 basehttp 21843 6125645824 "GET /media/defaultRestaurant_wdzWNBg.png HTTP/1.1" 200 255278
INFO 2024-11-26 09:46:16,873 logging_middleware 21843 6125645824 Request: {
  "type": "request",
  "method": "GET",
  "path": "/admin/menus/menu/add/",
  "user": "test1",
  "GET_params": {},
  "POST_params": {},
  "body": null,
  "headers": {
    "Content-Length": "",
    "Content-Type": "text/plain",
    "Host": "127.0.0.1:8000",
    "Connection": "keep-alive",
    "Sec-Ch-Ua": "\"Google Chrome\";v=\"131\", \"Chromium\";v=\"131\", \"Not_A Brand\";v=\"24\"",
    "Sec-Ch-Ua-Mobile": "?0",
    "Sec-Ch-Ua-Platform": "\"macOS\"",
    "Dnt": "1",
    "Upgrade-Insecure-Requests": "1",
    "User-Agent": "Mozilla/5.0 (Macintosh; Intel Mac OS X 10_15_7) AppleWebKit/537.36 (KHTML, like Gecko) Chrome/131.0.0.0 Safari/537.36",
    "Accept": "text/html,application/xhtml+xml,application/xml;q=0.9,image/avif,image/webp,image/apng,*/*;q=0.8,application/signed-exchange;v=b3;q=0.7",
    "Sec-Fetch-Site": "same-origin",
    "Sec-Fetch-Mode": "navigate",
    "Sec-Fetch-User": "?1",
    "Sec-Fetch-Dest": "document",
    "Referer": "http://127.0.0.1:8000/admin/menus/menu/",
    "Accept-Encoding": "gzip, deflate, br, zstd",
    "Accept-Language": "en-US,en;q=0.9",
    "Cookie": "csrftoken=uKQJBU73rvbu8GSXQ2wEBjLfi7FXV5DW; sessionid=vfggt76p119gewsk4m28datc6je0e4pp"
  }
}
INFO 2024-11-26 09:46:16,891 logging_middleware 21843 6125645824 Response: {
  "type": "response",
  "status_code": 200,
  "content": "<undecodable content>",
  "duration": "0.02s",
  "headers": {
    "Content-Type": "text/html; charset=utf-8",
    "Expires": "Tue, 26 Nov 2024 09:46:16 GMT",
    "Cache-Control": "max-age=0, no-cache, no-store, must-revalidate, private",
    "Vary": "Cookie"
  }
}
INFO 2024-11-26 09:46:16,892 basehttp 21843 6125645824 "GET /admin/menus/menu/add/ HTTP/1.1" 200 14974
INFO 2024-11-26 09:46:16,915 logging_middleware 21843 6125645824 Request: {
  "type": "request",
  "method": "GET",
  "path": "/admin/jsi18n/",
  "user": "test1",
  "GET_params": {},
  "POST_params": {},
  "body": null,
  "headers": {
    "Content-Length": "",
    "Content-Type": "text/plain",
    "Host": "127.0.0.1:8000",
    "Connection": "keep-alive",
    "Sec-Ch-Ua-Platform": "\"macOS\"",
    "User-Agent": "Mozilla/5.0 (Macintosh; Intel Mac OS X 10_15_7) AppleWebKit/537.36 (KHTML, like Gecko) Chrome/131.0.0.0 Safari/537.36",
    "Sec-Ch-Ua": "\"Google Chrome\";v=\"131\", \"Chromium\";v=\"131\", \"Not_A Brand\";v=\"24\"",
    "Dnt": "1",
    "Sec-Ch-Ua-Mobile": "?0",
    "Accept": "*/*",
    "Sec-Fetch-Site": "same-origin",
    "Sec-Fetch-Mode": "no-cors",
    "Sec-Fetch-Dest": "script",
    "Referer": "http://127.0.0.1:8000/admin/menus/menu/add/",
    "Accept-Encoding": "gzip, deflate, br, zstd",
    "Accept-Language": "en-US,en;q=0.9",
    "Cookie": "csrftoken=uKQJBU73rvbu8GSXQ2wEBjLfi7FXV5DW; sessionid=vfggt76p119gewsk4m28datc6je0e4pp"
  }
}
INFO 2024-11-26 09:46:16,919 logging_middleware 21843 6125645824 Response: {
  "type": "response",
  "status_code": 200,
  "content": "<undecodable content>",
  "duration": "0.01s",
  "headers": {
    "Content-Type": "text/javascript; charset=\"utf-8\""
  }
}
INFO 2024-11-26 09:46:16,920 basehttp 21843 6125645824 "GET /admin/jsi18n/ HTTP/1.1" 200 3342
INFO 2024-11-26 09:46:24,551 logging_middleware 21843 6125645824 Request: {
  "type": "request",
  "method": "POST",
  "path": "/admin/menus/menu/add/",
  "user": "test1",
  "GET_params": {},
  "POST_params": "<file upload>",
  "body": "<binary data>",
  "headers": {
    "Content-Length": "902230",
    "Content-Type": "multipart/form-data; boundary=----WebKitFormBoundaryIGcpyVYDxEkopxGX",
    "Host": "127.0.0.1:8000",
    "Connection": "keep-alive",
    "Cache-Control": "max-age=0",
    "Sec-Ch-Ua": "\"Google Chrome\";v=\"131\", \"Chromium\";v=\"131\", \"Not_A Brand\";v=\"24\"",
    "Sec-Ch-Ua-Mobile": "?0",
    "Sec-Ch-Ua-Platform": "\"macOS\"",
    "Origin": "http://127.0.0.1:8000",
    "Dnt": "1",
    "Upgrade-Insecure-Requests": "1",
    "User-Agent": "Mozilla/5.0 (Macintosh; Intel Mac OS X 10_15_7) AppleWebKit/537.36 (KHTML, like Gecko) Chrome/131.0.0.0 Safari/537.36",
    "Accept": "text/html,application/xhtml+xml,application/xml;q=0.9,image/avif,image/webp,image/apng,*/*;q=0.8,application/signed-exchange;v=b3;q=0.7",
    "Sec-Fetch-Site": "same-origin",
    "Sec-Fetch-Mode": "navigate",
    "Sec-Fetch-User": "?1",
    "Sec-Fetch-Dest": "document",
    "Referer": "http://127.0.0.1:8000/admin/menus/menu/add/",
    "Accept-Encoding": "gzip, deflate, br, zstd",
    "Accept-Language": "en-US,en;q=0.9",
    "Cookie": "csrftoken=uKQJBU73rvbu8GSXQ2wEBjLfi7FXV5DW; sessionid=vfggt76p119gewsk4m28datc6je0e4pp"
  }
}
ERROR 2024-11-26 09:47:36,705 log 21843 6125645824 Internal Server Error: /admin/menus/menu/add/
Traceback (most recent call last):
  File "/Users/javierdominguezsegura/Programming/College/Sophomore/Databases/Final project/MMS/.venv/lib/python3.11/site-packages/django/db/backends/utils.py", line 105, in _execute
    return self.cursor.execute(sql, params)
           ^^^^^^^^^^^^^^^^^^^^^^^^^^^^^^^^
  File "/Users/javierdominguezsegura/Programming/College/Sophomore/Databases/Final project/MMS/.venv/lib/python3.11/site-packages/django/db/backends/mysql/base.py", line 76, in execute
    return self.cursor.execute(query, args)
           ^^^^^^^^^^^^^^^^^^^^^^^^^^^^^^^^
  File "/Users/javierdominguezsegura/Programming/College/Sophomore/Databases/Final project/MMS/.venv/lib/python3.11/site-packages/MySQLdb/cursors.py", line 179, in execute
    res = self._query(mogrified_query)
          ^^^^^^^^^^^^^^^^^^^^^^^^^^^^
  File "/Users/javierdominguezsegura/Programming/College/Sophomore/Databases/Final project/MMS/.venv/lib/python3.11/site-packages/MySQLdb/cursors.py", line 330, in _query
    db.query(q)
  File "/Users/javierdominguezsegura/Programming/College/Sophomore/Databases/Final project/MMS/.venv/lib/python3.11/site-packages/MySQLdb/connections.py", line 265, in query
    _mysql.connection.query(self, query)
MySQLdb.DataError: (1406, "Data too long for column 'state' at row 1")

The above exception was the direct cause of the following exception:

Traceback (most recent call last):
  File "/Users/javierdominguezsegura/Programming/College/Sophomore/Databases/Final project/MMS/src/django_project/menus/utils/insertion.py", line 51, in populate_menu_data
    menu.restaurant.save()
  File "/Users/javierdominguezsegura/Programming/College/Sophomore/Databases/Final project/MMS/.venv/lib/python3.11/site-packages/django/db/models/base.py", line 891, in save
    self.save_base(
  File "/Users/javierdominguezsegura/Programming/College/Sophomore/Databases/Final project/MMS/.venv/lib/python3.11/site-packages/django/db/models/base.py", line 997, in save_base
    updated = self._save_table(
              ^^^^^^^^^^^^^^^^^
  File "/Users/javierdominguezsegura/Programming/College/Sophomore/Databases/Final project/MMS/.venv/lib/python3.11/site-packages/django/db/models/base.py", line 1129, in _save_table
    updated = self._do_update(
              ^^^^^^^^^^^^^^^^
  File "/Users/javierdominguezsegura/Programming/College/Sophomore/Databases/Final project/MMS/.venv/lib/python3.11/site-packages/django/db/models/base.py", line 1194, in _do_update
    return filtered._update(values) > 0
           ^^^^^^^^^^^^^^^^^^^^^^^^
  File "/Users/javierdominguezsegura/Programming/College/Sophomore/Databases/Final project/MMS/.venv/lib/python3.11/site-packages/django/db/models/query.py", line 1278, in _update
    return query.get_compiler(self.db).execute_sql(CURSOR)
           ^^^^^^^^^^^^^^^^^^^^^^^^^^^^^^^^^^^^^^^^^^^^^^^
  File "/Users/javierdominguezsegura/Programming/College/Sophomore/Databases/Final project/MMS/.venv/lib/python3.11/site-packages/django/db/models/sql/compiler.py", line 2003, in execute_sql
    cursor = super().execute_sql(result_type)
             ^^^^^^^^^^^^^^^^^^^^^^^^^^^^^^^^
  File "/Users/javierdominguezsegura/Programming/College/Sophomore/Databases/Final project/MMS/.venv/lib/python3.11/site-packages/django/db/models/sql/compiler.py", line 1574, in execute_sql
    cursor.execute(sql, params)
  File "/Users/javierdominguezsegura/Programming/College/Sophomore/Databases/Final project/MMS/.venv/lib/python3.11/site-packages/django/db/backends/utils.py", line 122, in execute
    return super().execute(sql, params)
           ^^^^^^^^^^^^^^^^^^^^^^^^^^^^
  File "/Users/javierdominguezsegura/Programming/College/Sophomore/Databases/Final project/MMS/.venv/lib/python3.11/site-packages/django/db/backends/utils.py", line 79, in execute
    return self._execute_with_wrappers(
           ^^^^^^^^^^^^^^^^^^^^^^^^^^^^
  File "/Users/javierdominguezsegura/Programming/College/Sophomore/Databases/Final project/MMS/.venv/lib/python3.11/site-packages/django/db/backends/utils.py", line 92, in _execute_with_wrappers
    return executor(sql, params, many, context)
           ^^^^^^^^^^^^^^^^^^^^^^^^^^^^^^^^^^^^
  File "/Users/javierdominguezsegura/Programming/College/Sophomore/Databases/Final project/MMS/.venv/lib/python3.11/site-packages/django/db/backends/utils.py", line 100, in _execute
    with self.db.wrap_database_errors:
  File "/Users/javierdominguezsegura/Programming/College/Sophomore/Databases/Final project/MMS/.venv/lib/python3.11/site-packages/django/db/utils.py", line 91, in __exit__
    raise dj_exc_value.with_traceback(traceback) from exc_value
  File "/Users/javierdominguezsegura/Programming/College/Sophomore/Databases/Final project/MMS/.venv/lib/python3.11/site-packages/django/db/backends/utils.py", line 105, in _execute
    return self.cursor.execute(sql, params)
           ^^^^^^^^^^^^^^^^^^^^^^^^^^^^^^^^
  File "/Users/javierdominguezsegura/Programming/College/Sophomore/Databases/Final project/MMS/.venv/lib/python3.11/site-packages/django/db/backends/mysql/base.py", line 76, in execute
    return self.cursor.execute(query, args)
           ^^^^^^^^^^^^^^^^^^^^^^^^^^^^^^^^
  File "/Users/javierdominguezsegura/Programming/College/Sophomore/Databases/Final project/MMS/.venv/lib/python3.11/site-packages/MySQLdb/cursors.py", line 179, in execute
    res = self._query(mogrified_query)
          ^^^^^^^^^^^^^^^^^^^^^^^^^^^^
  File "/Users/javierdominguezsegura/Programming/College/Sophomore/Databases/Final project/MMS/.venv/lib/python3.11/site-packages/MySQLdb/cursors.py", line 330, in _query
    db.query(q)
  File "/Users/javierdominguezsegura/Programming/College/Sophomore/Databases/Final project/MMS/.venv/lib/python3.11/site-packages/MySQLdb/connections.py", line 265, in query
    _mysql.connection.query(self, query)
django.db.utils.DataError: (1406, "Data too long for column 'state' at row 1")

The above exception was the direct cause of the following exception:

Traceback (most recent call last):
  File "/Users/javierdominguezsegura/Programming/College/Sophomore/Databases/Final project/MMS/.venv/lib/python3.11/site-packages/django/core/handlers/exception.py", line 55, in inner
    response = get_response(request)
               ^^^^^^^^^^^^^^^^^^^^^
  File "/Users/javierdominguezsegura/Programming/College/Sophomore/Databases/Final project/MMS/.venv/lib/python3.11/site-packages/django/core/handlers/base.py", line 197, in _get_response
    response = wrapped_callback(request, *callback_args, **callback_kwargs)
               ^^^^^^^^^^^^^^^^^^^^^^^^^^^^^^^^^^^^^^^^^^^^^^^^^^^^^^^^^^^^
  File "/Users/javierdominguezsegura/Programming/College/Sophomore/Databases/Final project/MMS/.venv/lib/python3.11/site-packages/django/contrib/admin/options.py", line 718, in wrapper
    return self.admin_site.admin_view(view)(*args, **kwargs)
           ^^^^^^^^^^^^^^^^^^^^^^^^^^^^^^^^^^^^^^^^^^^^^^^^^
  File "/Users/javierdominguezsegura/Programming/College/Sophomore/Databases/Final project/MMS/.venv/lib/python3.11/site-packages/django/utils/decorators.py", line 188, in _view_wrapper
    result = _process_exception(request, e)
             ^^^^^^^^^^^^^^^^^^^^^^^^^^^^^^
  File "/Users/javierdominguezsegura/Programming/College/Sophomore/Databases/Final project/MMS/.venv/lib/python3.11/site-packages/django/utils/decorators.py", line 186, in _view_wrapper
    response = view_func(request, *args, **kwargs)
               ^^^^^^^^^^^^^^^^^^^^^^^^^^^^^^^^^^^
  File "/Users/javierdominguezsegura/Programming/College/Sophomore/Databases/Final project/MMS/.venv/lib/python3.11/site-packages/django/views/decorators/cache.py", line 80, in _view_wrapper
    response = view_func(request, *args, **kwargs)
               ^^^^^^^^^^^^^^^^^^^^^^^^^^^^^^^^^^^
  File "/Users/javierdominguezsegura/Programming/College/Sophomore/Databases/Final project/MMS/.venv/lib/python3.11/site-packages/django/contrib/admin/sites.py", line 241, in inner
    return view(request, *args, **kwargs)
           ^^^^^^^^^^^^^^^^^^^^^^^^^^^^^^
  File "/Users/javierdominguezsegura/Programming/College/Sophomore/Databases/Final project/MMS/.venv/lib/python3.11/site-packages/django/contrib/admin/options.py", line 1961, in add_view
    return self.changeform_view(request, None, form_url, extra_context)
           ^^^^^^^^^^^^^^^^^^^^^^^^^^^^^^^^^^^^^^^^^^^^^^^^^^^^^^^^^^^^
  File "/Users/javierdominguezsegura/Programming/College/Sophomore/Databases/Final project/MMS/.venv/lib/python3.11/site-packages/django/utils/decorators.py", line 48, in _wrapper
    return bound_method(*args, **kwargs)
           ^^^^^^^^^^^^^^^^^^^^^^^^^^^^^
  File "/Users/javierdominguezsegura/Programming/College/Sophomore/Databases/Final project/MMS/.venv/lib/python3.11/site-packages/django/utils/decorators.py", line 188, in _view_wrapper
    result = _process_exception(request, e)
             ^^^^^^^^^^^^^^^^^^^^^^^^^^^^^^
  File "/Users/javierdominguezsegura/Programming/College/Sophomore/Databases/Final project/MMS/.venv/lib/python3.11/site-packages/django/utils/decorators.py", line 186, in _view_wrapper
    response = view_func(request, *args, **kwargs)
               ^^^^^^^^^^^^^^^^^^^^^^^^^^^^^^^^^^^
  File "/Users/javierdominguezsegura/Programming/College/Sophomore/Databases/Final project/MMS/.venv/lib/python3.11/site-packages/django/contrib/admin/options.py", line 1820, in changeform_view
    return self._changeform_view(request, object_id, form_url, extra_context)
           ^^^^^^^^^^^^^^^^^^^^^^^^^^^^^^^^^^^^^^^^^^^^^^^^^^^^^^^^^^^^^^^^^^
  File "/Users/javierdominguezsegura/Programming/College/Sophomore/Databases/Final project/MMS/.venv/lib/python3.11/site-packages/django/contrib/admin/options.py", line 1871, in _changeform_view
    self.save_model(request, new_object, form, not add)
  File "/Users/javierdominguezsegura/Programming/College/Sophomore/Databases/Final project/MMS/src/django_project/menus/admin.py", line 104, in save_model
    ai_call_log.save()
  File "/Users/javierdominguezsegura/Programming/College/Sophomore/Databases/Final project/MMS/.venv/lib/python3.11/site-packages/django/db/models/base.py", line 891, in save
    self.save_base(
  File "/Users/javierdominguezsegura/Programming/College/Sophomore/Databases/Final project/MMS/.venv/lib/python3.11/site-packages/django/db/models/base.py", line 997, in save_base
    updated = self._save_table(
              ^^^^^^^^^^^^^^^^^
  File "/Users/javierdominguezsegura/Programming/College/Sophomore/Databases/Final project/MMS/.venv/lib/python3.11/site-packages/django/db/models/base.py", line 1129, in _save_table
    updated = self._do_update(
              ^^^^^^^^^^^^^^^^
  File "/Users/javierdominguezsegura/Programming/College/Sophomore/Databases/Final project/MMS/.venv/lib/python3.11/site-packages/django/db/models/base.py", line 1194, in _do_update
    return filtered._update(values) > 0
           ^^^^^^^^^^^^^^^^^^^^^^^^
  File "/Users/javierdominguezsegura/Programming/College/Sophomore/Databases/Final project/MMS/.venv/lib/python3.11/site-packages/django/db/models/query.py", line 1278, in _update
    return query.get_compiler(self.db).execute_sql(CURSOR)
           ^^^^^^^^^^^^^^^^^^^^^^^^^^^^^^^^^^^^^^^^^^^^^^^
  File "/Users/javierdominguezsegura/Programming/College/Sophomore/Databases/Final project/MMS/.venv/lib/python3.11/site-packages/django/db/models/sql/compiler.py", line 2003, in execute_sql
    cursor = super().execute_sql(result_type)
             ^^^^^^^^^^^^^^^^^^^^^^^^^^^^^^^^
  File "/Users/javierdominguezsegura/Programming/College/Sophomore/Databases/Final project/MMS/.venv/lib/python3.11/site-packages/django/db/models/sql/compiler.py", line 1574, in execute_sql
    cursor.execute(sql, params)
  File "/Users/javierdominguezsegura/Programming/College/Sophomore/Databases/Final project/MMS/.venv/lib/python3.11/site-packages/django/db/backends/utils.py", line 122, in execute
    return super().execute(sql, params)
           ^^^^^^^^^^^^^^^^^^^^^^^^^^^^
  File "/Users/javierdominguezsegura/Programming/College/Sophomore/Databases/Final project/MMS/.venv/lib/python3.11/site-packages/django/db/backends/utils.py", line 79, in execute
    return self._execute_with_wrappers(
           ^^^^^^^^^^^^^^^^^^^^^^^^^^^^
  File "/Users/javierdominguezsegura/Programming/College/Sophomore/Databases/Final project/MMS/.venv/lib/python3.11/site-packages/django/db/backends/utils.py", line 92, in _execute_with_wrappers
    return executor(sql, params, many, context)
           ^^^^^^^^^^^^^^^^^^^^^^^^^^^^^^^^^^^^
  File "/Users/javierdominguezsegura/Programming/College/Sophomore/Databases/Final project/MMS/.venv/lib/python3.11/site-packages/django/db/backends/utils.py", line 99, in _execute
    self.db.validate_no_broken_transaction()
  File "/Users/javierdominguezsegura/Programming/College/Sophomore/Databases/Final project/MMS/.venv/lib/python3.11/site-packages/django/db/backends/base/base.py", line 521, in validate_no_broken_transaction
    raise TransactionManagementError(
django.db.transaction.TransactionManagementError: An error occurred in the current transaction. You can't execute queries until the end of the 'atomic' block.
INFO 2024-11-26 09:47:36,709 logging_middleware 21843 6125645824 Response: {
  "type": "response",
  "status_code": 500,
  "content": "<undecodable content>",
  "duration": "72.16s",
  "headers": {
    "Content-Type": "text/html; charset=utf-8"
  }
}
ERROR 2024-11-26 09:47:36,711 basehttp 21843 6125645824 "POST /admin/menus/menu/add/ HTTP/1.1" 500 322258
INFO 2024-11-26 09:49:12,470 autoreload 21843 7993774848 /Users/javierdominguezsegura/Programming/College/Sophomore/Databases/Final project/MMS/src/django_project/menus/models.py changed, reloading.
INFO 2024-11-26 09:49:13,488 autoreload 22438 7993774848 Watching for file changes with StatReloader
INFO 2024-11-26 09:50:23,341 autoreload 22586 7993774848 Watching for file changes with StatReloader
INFO 2024-11-26 09:50:32,188 logging_middleware 22586 6201012224 Request: {
  "type": "request",
  "method": "GET",
  "path": "/admin/",
  "user": "test1",
  "GET_params": {},
  "POST_params": {},
  "body": null,
  "headers": {
    "Content-Length": "",
    "Content-Type": "text/plain",
    "Host": "127.0.0.1:8000",
    "Connection": "keep-alive",
    "Dnt": "1",
    "Upgrade-Insecure-Requests": "1",
    "User-Agent": "Mozilla/5.0 (Macintosh; Intel Mac OS X 10_15_7) AppleWebKit/537.36 (KHTML, like Gecko) Chrome/131.0.0.0 Safari/537.36",
    "Accept": "text/html,application/xhtml+xml,application/xml;q=0.9,image/avif,image/webp,image/apng,*/*;q=0.8,application/signed-exchange;v=b3;q=0.7",
    "Sec-Fetch-Site": "none",
    "Sec-Fetch-Mode": "navigate",
    "Sec-Fetch-User": "?1",
    "Sec-Fetch-Dest": "document",
    "Sec-Ch-Ua": "\"Google Chrome\";v=\"131\", \"Chromium\";v=\"131\", \"Not_A Brand\";v=\"24\"",
    "Sec-Ch-Ua-Mobile": "?0",
    "Sec-Ch-Ua-Platform": "\"macOS\"",
    "Accept-Encoding": "gzip, deflate, br, zstd",
    "Accept-Language": "en-US,en;q=0.9",
    "Cookie": "csrftoken=uKQJBU73rvbu8GSXQ2wEBjLfi7FXV5DW; sessionid=vfggt76p119gewsk4m28datc6je0e4pp"
  }
}
INFO 2024-11-26 09:50:32,222 logging_middleware 22586 6201012224 Response: {
  "type": "response",
  "status_code": 200,
  "content": "<undecodable content>",
  "duration": "0.04s",
  "headers": {
    "Content-Type": "text/html; charset=utf-8",
    "Expires": "Tue, 26 Nov 2024 09:50:32 GMT",
    "Cache-Control": "max-age=0, no-cache, no-store, must-revalidate, private",
    "Vary": "Cookie"
  }
}
INFO 2024-11-26 09:50:32,222 basehttp 22586 6201012224 "GET /admin/ HTTP/1.1" 200 13877
INFO 2024-11-26 09:50:34,715 logging_middleware 22586 6201012224 Request: {
  "type": "request",
  "method": "GET",
  "path": "/admin/menus/menu/",
  "user": "test1",
  "GET_params": {},
  "POST_params": {},
  "body": null,
  "headers": {
    "Content-Length": "",
    "Content-Type": "text/plain",
    "Host": "127.0.0.1:8000",
    "Connection": "keep-alive",
    "Sec-Ch-Ua": "\"Google Chrome\";v=\"131\", \"Chromium\";v=\"131\", \"Not_A Brand\";v=\"24\"",
    "Sec-Ch-Ua-Mobile": "?0",
    "Sec-Ch-Ua-Platform": "\"macOS\"",
    "Dnt": "1",
    "Upgrade-Insecure-Requests": "1",
    "User-Agent": "Mozilla/5.0 (Macintosh; Intel Mac OS X 10_15_7) AppleWebKit/537.36 (KHTML, like Gecko) Chrome/131.0.0.0 Safari/537.36",
    "Accept": "text/html,application/xhtml+xml,application/xml;q=0.9,image/avif,image/webp,image/apng,*/*;q=0.8,application/signed-exchange;v=b3;q=0.7",
    "Sec-Fetch-Site": "same-origin",
    "Sec-Fetch-Mode": "navigate",
    "Sec-Fetch-User": "?1",
    "Sec-Fetch-Dest": "document",
    "Referer": "http://127.0.0.1:8000/admin/",
    "Accept-Encoding": "gzip, deflate, br, zstd",
    "Accept-Language": "en-US,en;q=0.9",
    "Cookie": "csrftoken=uKQJBU73rvbu8GSXQ2wEBjLfi7FXV5DW; sessionid=vfggt76p119gewsk4m28datc6je0e4pp"
  }
}
INFO 2024-11-26 09:50:34,773 logging_middleware 22586 6201012224 Response: {
  "type": "response",
  "status_code": 200,
  "content": "<undecodable content>",
  "duration": "0.06s",
  "headers": {
    "Content-Type": "text/html; charset=utf-8",
    "Expires": "Tue, 26 Nov 2024 09:50:34 GMT",
    "Cache-Control": "max-age=0, no-cache, no-store, must-revalidate, private",
    "Vary": "Cookie"
  }
}
INFO 2024-11-26 09:50:34,774 basehttp 22586 6201012224 "GET /admin/menus/menu/ HTTP/1.1" 200 23799
INFO 2024-11-26 09:50:34,799 logging_middleware 22586 6201012224 Request: {
  "type": "request",
  "method": "GET",
  "path": "/admin/jsi18n/",
  "user": "test1",
  "GET_params": {},
  "POST_params": {},
  "body": null,
  "headers": {
    "Content-Length": "",
    "Content-Type": "text/plain",
    "Host": "127.0.0.1:8000",
    "Connection": "keep-alive",
    "Sec-Ch-Ua-Platform": "\"macOS\"",
    "User-Agent": "Mozilla/5.0 (Macintosh; Intel Mac OS X 10_15_7) AppleWebKit/537.36 (KHTML, like Gecko) Chrome/131.0.0.0 Safari/537.36",
    "Sec-Ch-Ua": "\"Google Chrome\";v=\"131\", \"Chromium\";v=\"131\", \"Not_A Brand\";v=\"24\"",
    "Dnt": "1",
    "Sec-Ch-Ua-Mobile": "?0",
    "Accept": "*/*",
    "Sec-Fetch-Site": "same-origin",
    "Sec-Fetch-Mode": "no-cors",
    "Sec-Fetch-Dest": "script",
    "Referer": "http://127.0.0.1:8000/admin/menus/menu/",
    "Accept-Encoding": "gzip, deflate, br, zstd",
    "Accept-Language": "en-US,en;q=0.9",
    "Cookie": "csrftoken=uKQJBU73rvbu8GSXQ2wEBjLfi7FXV5DW; sessionid=vfggt76p119gewsk4m28datc6je0e4pp"
  }
}
INFO 2024-11-26 09:50:34,801 logging_middleware 22586 6201012224 Response: {
  "type": "response",
  "status_code": 200,
  "content": "<undecodable content>",
  "duration": "0.01s",
  "headers": {
    "Content-Type": "text/javascript; charset=\"utf-8\""
  }
}
INFO 2024-11-26 09:50:34,801 basehttp 22586 6201012224 "GET /admin/jsi18n/ HTTP/1.1" 200 3342
INFO 2024-11-26 09:50:36,895 logging_middleware 22586 6201012224 Request: {
  "type": "request",
  "method": "GET",
  "path": "/admin/menus/menu/add/",
  "user": "test1",
  "GET_params": {},
  "POST_params": {},
  "body": null,
  "headers": {
    "Content-Length": "",
    "Content-Type": "text/plain",
    "Host": "127.0.0.1:8000",
    "Connection": "keep-alive",
    "Sec-Ch-Ua": "\"Google Chrome\";v=\"131\", \"Chromium\";v=\"131\", \"Not_A Brand\";v=\"24\"",
    "Sec-Ch-Ua-Mobile": "?0",
    "Sec-Ch-Ua-Platform": "\"macOS\"",
    "Dnt": "1",
    "Upgrade-Insecure-Requests": "1",
    "User-Agent": "Mozilla/5.0 (Macintosh; Intel Mac OS X 10_15_7) AppleWebKit/537.36 (KHTML, like Gecko) Chrome/131.0.0.0 Safari/537.36",
    "Accept": "text/html,application/xhtml+xml,application/xml;q=0.9,image/avif,image/webp,image/apng,*/*;q=0.8,application/signed-exchange;v=b3;q=0.7",
    "Sec-Fetch-Site": "same-origin",
    "Sec-Fetch-Mode": "navigate",
    "Sec-Fetch-User": "?1",
    "Sec-Fetch-Dest": "document",
    "Referer": "http://127.0.0.1:8000/admin/menus/menu/",
    "Accept-Encoding": "gzip, deflate, br, zstd",
    "Accept-Language": "en-US,en;q=0.9",
    "Cookie": "csrftoken=uKQJBU73rvbu8GSXQ2wEBjLfi7FXV5DW; sessionid=vfggt76p119gewsk4m28datc6je0e4pp"
  }
}
INFO 2024-11-26 09:50:36,923 logging_middleware 22586 6201012224 Response: {
  "type": "response",
  "status_code": 200,
  "content": "<undecodable content>",
  "duration": "0.03s",
  "headers": {
    "Content-Type": "text/html; charset=utf-8",
    "Expires": "Tue, 26 Nov 2024 09:50:36 GMT",
    "Cache-Control": "max-age=0, no-cache, no-store, must-revalidate, private",
    "Vary": "Cookie"
  }
}
INFO 2024-11-26 09:50:36,924 basehttp 22586 6201012224 "GET /admin/menus/menu/add/ HTTP/1.1" 200 14974
INFO 2024-11-26 09:50:36,942 logging_middleware 22586 6201012224 Request: {
  "type": "request",
  "method": "GET",
  "path": "/admin/jsi18n/",
  "user": "test1",
  "GET_params": {},
  "POST_params": {},
  "body": null,
  "headers": {
    "Content-Length": "",
    "Content-Type": "text/plain",
    "Host": "127.0.0.1:8000",
    "Connection": "keep-alive",
    "Sec-Ch-Ua-Platform": "\"macOS\"",
    "User-Agent": "Mozilla/5.0 (Macintosh; Intel Mac OS X 10_15_7) AppleWebKit/537.36 (KHTML, like Gecko) Chrome/131.0.0.0 Safari/537.36",
    "Sec-Ch-Ua": "\"Google Chrome\";v=\"131\", \"Chromium\";v=\"131\", \"Not_A Brand\";v=\"24\"",
    "Dnt": "1",
    "Sec-Ch-Ua-Mobile": "?0",
    "Accept": "*/*",
    "Sec-Fetch-Site": "same-origin",
    "Sec-Fetch-Mode": "no-cors",
    "Sec-Fetch-Dest": "script",
    "Referer": "http://127.0.0.1:8000/admin/menus/menu/add/",
    "Accept-Encoding": "gzip, deflate, br, zstd",
    "Accept-Language": "en-US,en;q=0.9",
    "Cookie": "csrftoken=uKQJBU73rvbu8GSXQ2wEBjLfi7FXV5DW; sessionid=vfggt76p119gewsk4m28datc6je0e4pp"
  }
}
INFO 2024-11-26 09:50:36,943 logging_middleware 22586 6201012224 Response: {
  "type": "response",
  "status_code": 200,
  "content": "<undecodable content>",
  "duration": "0.01s",
  "headers": {
    "Content-Type": "text/javascript; charset=\"utf-8\""
  }
}
INFO 2024-11-26 09:50:36,944 basehttp 22586 6201012224 "GET /admin/jsi18n/ HTTP/1.1" 200 3342
INFO 2024-11-26 09:50:43,493 logging_middleware 22586 6201012224 Request: {
  "type": "request",
  "method": "POST",
  "path": "/admin/menus/menu/add/",
  "user": "test1",
  "GET_params": {},
  "POST_params": "<file upload>",
  "body": "<binary data>",
  "headers": {
    "Content-Length": "902230",
    "Content-Type": "multipart/form-data; boundary=----WebKitFormBoundarykRqHfEO0rUbzp4xL",
    "Host": "127.0.0.1:8000",
    "Connection": "keep-alive",
    "Cache-Control": "max-age=0",
    "Sec-Ch-Ua": "\"Google Chrome\";v=\"131\", \"Chromium\";v=\"131\", \"Not_A Brand\";v=\"24\"",
    "Sec-Ch-Ua-Mobile": "?0",
    "Sec-Ch-Ua-Platform": "\"macOS\"",
    "Origin": "http://127.0.0.1:8000",
    "Dnt": "1",
    "Upgrade-Insecure-Requests": "1",
    "User-Agent": "Mozilla/5.0 (Macintosh; Intel Mac OS X 10_15_7) AppleWebKit/537.36 (KHTML, like Gecko) Chrome/131.0.0.0 Safari/537.36",
    "Accept": "text/html,application/xhtml+xml,application/xml;q=0.9,image/avif,image/webp,image/apng,*/*;q=0.8,application/signed-exchange;v=b3;q=0.7",
    "Sec-Fetch-Site": "same-origin",
    "Sec-Fetch-Mode": "navigate",
    "Sec-Fetch-User": "?1",
    "Sec-Fetch-Dest": "document",
    "Referer": "http://127.0.0.1:8000/admin/menus/menu/add/",
    "Accept-Encoding": "gzip, deflate, br, zstd",
    "Accept-Language": "en-US,en;q=0.9",
    "Cookie": "csrftoken=uKQJBU73rvbu8GSXQ2wEBjLfi7FXV5DW; sessionid=vfggt76p119gewsk4m28datc6je0e4pp"
  }
}
ERROR 2024-11-26 09:52:15,434 log 22586 6201012224 Internal Server Error: /admin/menus/menu/add/
Traceback (most recent call last):
  File "/Users/javierdominguezsegura/Programming/College/Sophomore/Databases/Final project/MMS/src/django_project/menus/utils/extraction.py", line 134, in ai_call
    json_response = json.loads(json_str)
                    ^^^^^^^^^^^^^^^^^^^^
  File "/opt/homebrew/Cellar/python@3.11/3.11.10/Frameworks/Python.framework/Versions/3.11/lib/python3.11/json/__init__.py", line 346, in loads
    return _default_decoder.decode(s)
           ^^^^^^^^^^^^^^^^^^^^^^^^^^
  File "/opt/homebrew/Cellar/python@3.11/3.11.10/Frameworks/Python.framework/Versions/3.11/lib/python3.11/json/decoder.py", line 337, in decode
    obj, end = self.raw_decode(s, idx=_w(s, 0).end())
               ^^^^^^^^^^^^^^^^^^^^^^^^^^^^^^^^^^^^^^
  File "/opt/homebrew/Cellar/python@3.11/3.11.10/Frameworks/Python.framework/Versions/3.11/lib/python3.11/json/decoder.py", line 353, in raw_decode
    obj, end = self.scan_once(s, idx)
               ^^^^^^^^^^^^^^^^^^^^^^
json.decoder.JSONDecodeError: Expecting ',' delimiter: line 359 column 25 (char 11872)

During handling of the above exception, another exception occurred:

Traceback (most recent call last):
  File "/Users/javierdominguezsegura/Programming/College/Sophomore/Databases/Final project/MMS/.venv/lib/python3.11/site-packages/django/db/backends/utils.py", line 105, in _execute
    return self.cursor.execute(sql, params)
           ^^^^^^^^^^^^^^^^^^^^^^^^^^^^^^^^
  File "/Users/javierdominguezsegura/Programming/College/Sophomore/Databases/Final project/MMS/.venv/lib/python3.11/site-packages/django/db/backends/mysql/base.py", line 76, in execute
    return self.cursor.execute(query, args)
           ^^^^^^^^^^^^^^^^^^^^^^^^^^^^^^^^
  File "/Users/javierdominguezsegura/Programming/College/Sophomore/Databases/Final project/MMS/.venv/lib/python3.11/site-packages/MySQLdb/cursors.py", line 179, in execute
    res = self._query(mogrified_query)
          ^^^^^^^^^^^^^^^^^^^^^^^^^^^^
  File "/Users/javierdominguezsegura/Programming/College/Sophomore/Databases/Final project/MMS/.venv/lib/python3.11/site-packages/MySQLdb/cursors.py", line 330, in _query
    db.query(q)
  File "/Users/javierdominguezsegura/Programming/College/Sophomore/Databases/Final project/MMS/.venv/lib/python3.11/site-packages/MySQLdb/connections.py", line 265, in query
    _mysql.connection.query(self, query)
MySQLdb.DataError: (1406, "Data too long for column 'other' at row 1")

The above exception was the direct cause of the following exception:

Traceback (most recent call last):
  File "/Users/javierdominguezsegura/Programming/College/Sophomore/Databases/Final project/MMS/src/django_project/menus/utils/extraction.py", line 149, in ai_call
    ai_call_log.save()
  File "/Users/javierdominguezsegura/Programming/College/Sophomore/Databases/Final project/MMS/.venv/lib/python3.11/site-packages/django/db/models/base.py", line 891, in save
    self.save_base(
  File "/Users/javierdominguezsegura/Programming/College/Sophomore/Databases/Final project/MMS/.venv/lib/python3.11/site-packages/django/db/models/base.py", line 997, in save_base
    updated = self._save_table(
              ^^^^^^^^^^^^^^^^^
  File "/Users/javierdominguezsegura/Programming/College/Sophomore/Databases/Final project/MMS/.venv/lib/python3.11/site-packages/django/db/models/base.py", line 1129, in _save_table
    updated = self._do_update(
              ^^^^^^^^^^^^^^^^
  File "/Users/javierdominguezsegura/Programming/College/Sophomore/Databases/Final project/MMS/.venv/lib/python3.11/site-packages/django/db/models/base.py", line 1194, in _do_update
    return filtered._update(values) > 0
           ^^^^^^^^^^^^^^^^^^^^^^^^
  File "/Users/javierdominguezsegura/Programming/College/Sophomore/Databases/Final project/MMS/.venv/lib/python3.11/site-packages/django/db/models/query.py", line 1278, in _update
    return query.get_compiler(self.db).execute_sql(CURSOR)
           ^^^^^^^^^^^^^^^^^^^^^^^^^^^^^^^^^^^^^^^^^^^^^^^
  File "/Users/javierdominguezsegura/Programming/College/Sophomore/Databases/Final project/MMS/.venv/lib/python3.11/site-packages/django/db/models/sql/compiler.py", line 2003, in execute_sql
    cursor = super().execute_sql(result_type)
             ^^^^^^^^^^^^^^^^^^^^^^^^^^^^^^^^
  File "/Users/javierdominguezsegura/Programming/College/Sophomore/Databases/Final project/MMS/.venv/lib/python3.11/site-packages/django/db/models/sql/compiler.py", line 1574, in execute_sql
    cursor.execute(sql, params)
  File "/Users/javierdominguezsegura/Programming/College/Sophomore/Databases/Final project/MMS/.venv/lib/python3.11/site-packages/django/db/backends/utils.py", line 122, in execute
    return super().execute(sql, params)
           ^^^^^^^^^^^^^^^^^^^^^^^^^^^^
  File "/Users/javierdominguezsegura/Programming/College/Sophomore/Databases/Final project/MMS/.venv/lib/python3.11/site-packages/django/db/backends/utils.py", line 79, in execute
    return self._execute_with_wrappers(
           ^^^^^^^^^^^^^^^^^^^^^^^^^^^^
  File "/Users/javierdominguezsegura/Programming/College/Sophomore/Databases/Final project/MMS/.venv/lib/python3.11/site-packages/django/db/backends/utils.py", line 92, in _execute_with_wrappers
    return executor(sql, params, many, context)
           ^^^^^^^^^^^^^^^^^^^^^^^^^^^^^^^^^^^^
  File "/Users/javierdominguezsegura/Programming/College/Sophomore/Databases/Final project/MMS/.venv/lib/python3.11/site-packages/django/db/backends/utils.py", line 100, in _execute
    with self.db.wrap_database_errors:
  File "/Users/javierdominguezsegura/Programming/College/Sophomore/Databases/Final project/MMS/.venv/lib/python3.11/site-packages/django/db/utils.py", line 91, in __exit__
    raise dj_exc_value.with_traceback(traceback) from exc_value
  File "/Users/javierdominguezsegura/Programming/College/Sophomore/Databases/Final project/MMS/.venv/lib/python3.11/site-packages/django/db/backends/utils.py", line 105, in _execute
    return self.cursor.execute(sql, params)
           ^^^^^^^^^^^^^^^^^^^^^^^^^^^^^^^^
  File "/Users/javierdominguezsegura/Programming/College/Sophomore/Databases/Final project/MMS/.venv/lib/python3.11/site-packages/django/db/backends/mysql/base.py", line 76, in execute
    return self.cursor.execute(query, args)
           ^^^^^^^^^^^^^^^^^^^^^^^^^^^^^^^^
  File "/Users/javierdominguezsegura/Programming/College/Sophomore/Databases/Final project/MMS/.venv/lib/python3.11/site-packages/MySQLdb/cursors.py", line 179, in execute
    res = self._query(mogrified_query)
          ^^^^^^^^^^^^^^^^^^^^^^^^^^^^
  File "/Users/javierdominguezsegura/Programming/College/Sophomore/Databases/Final project/MMS/.venv/lib/python3.11/site-packages/MySQLdb/cursors.py", line 330, in _query
    db.query(q)
  File "/Users/javierdominguezsegura/Programming/College/Sophomore/Databases/Final project/MMS/.venv/lib/python3.11/site-packages/MySQLdb/connections.py", line 265, in query
    _mysql.connection.query(self, query)
django.db.utils.DataError: (1406, "Data too long for column 'other' at row 1")

The above exception was the direct cause of the following exception:

Traceback (most recent call last):
  File "/Users/javierdominguezsegura/Programming/College/Sophomore/Databases/Final project/MMS/src/django_project/menus/admin.py", line 85, in save_model
    menu_json, ai_call_log = ai_call(menu, extension=extension)
                             ^^^^^^^^^^^^^^^^^^^^^^^^^^^^^^^^^^
  File "/Users/javierdominguezsegura/Programming/College/Sophomore/Databases/Final project/MMS/src/django_project/menus/utils/extraction.py", line 156, in ai_call
    ai_call_log.save()
  File "/Users/javierdominguezsegura/Programming/College/Sophomore/Databases/Final project/MMS/.venv/lib/python3.11/site-packages/django/db/models/base.py", line 891, in save
    self.save_base(
  File "/Users/javierdominguezsegura/Programming/College/Sophomore/Databases/Final project/MMS/.venv/lib/python3.11/site-packages/django/db/models/base.py", line 997, in save_base
    updated = self._save_table(
              ^^^^^^^^^^^^^^^^^
  File "/Users/javierdominguezsegura/Programming/College/Sophomore/Databases/Final project/MMS/.venv/lib/python3.11/site-packages/django/db/models/base.py", line 1129, in _save_table
    updated = self._do_update(
              ^^^^^^^^^^^^^^^^
  File "/Users/javierdominguezsegura/Programming/College/Sophomore/Databases/Final project/MMS/.venv/lib/python3.11/site-packages/django/db/models/base.py", line 1194, in _do_update
    return filtered._update(values) > 0
           ^^^^^^^^^^^^^^^^^^^^^^^^
  File "/Users/javierdominguezsegura/Programming/College/Sophomore/Databases/Final project/MMS/.venv/lib/python3.11/site-packages/django/db/models/query.py", line 1278, in _update
    return query.get_compiler(self.db).execute_sql(CURSOR)
           ^^^^^^^^^^^^^^^^^^^^^^^^^^^^^^^^^^^^^^^^^^^^^^^
  File "/Users/javierdominguezsegura/Programming/College/Sophomore/Databases/Final project/MMS/.venv/lib/python3.11/site-packages/django/db/models/sql/compiler.py", line 2003, in execute_sql
    cursor = super().execute_sql(result_type)
             ^^^^^^^^^^^^^^^^^^^^^^^^^^^^^^^^
  File "/Users/javierdominguezsegura/Programming/College/Sophomore/Databases/Final project/MMS/.venv/lib/python3.11/site-packages/django/db/models/sql/compiler.py", line 1574, in execute_sql
    cursor.execute(sql, params)
  File "/Users/javierdominguezsegura/Programming/College/Sophomore/Databases/Final project/MMS/.venv/lib/python3.11/site-packages/django/db/backends/utils.py", line 122, in execute
    return super().execute(sql, params)
           ^^^^^^^^^^^^^^^^^^^^^^^^^^^^
  File "/Users/javierdominguezsegura/Programming/College/Sophomore/Databases/Final project/MMS/.venv/lib/python3.11/site-packages/django/db/backends/utils.py", line 79, in execute
    return self._execute_with_wrappers(
           ^^^^^^^^^^^^^^^^^^^^^^^^^^^^
  File "/Users/javierdominguezsegura/Programming/College/Sophomore/Databases/Final project/MMS/.venv/lib/python3.11/site-packages/django/db/backends/utils.py", line 92, in _execute_with_wrappers
    return executor(sql, params, many, context)
           ^^^^^^^^^^^^^^^^^^^^^^^^^^^^^^^^^^^^
  File "/Users/javierdominguezsegura/Programming/College/Sophomore/Databases/Final project/MMS/.venv/lib/python3.11/site-packages/django/db/backends/utils.py", line 99, in _execute
    self.db.validate_no_broken_transaction()
  File "/Users/javierdominguezsegura/Programming/College/Sophomore/Databases/Final project/MMS/.venv/lib/python3.11/site-packages/django/db/backends/base/base.py", line 521, in validate_no_broken_transaction
    raise TransactionManagementError(
django.db.transaction.TransactionManagementError: An error occurred in the current transaction. You can't execute queries until the end of the 'atomic' block.

During handling of the above exception, another exception occurred:

Traceback (most recent call last):
  File "/Users/javierdominguezsegura/Programming/College/Sophomore/Databases/Final project/MMS/.venv/lib/python3.11/site-packages/django/core/handlers/exception.py", line 55, in inner
    response = get_response(request)
               ^^^^^^^^^^^^^^^^^^^^^
  File "/Users/javierdominguezsegura/Programming/College/Sophomore/Databases/Final project/MMS/.venv/lib/python3.11/site-packages/django/core/handlers/base.py", line 197, in _get_response
    response = wrapped_callback(request, *callback_args, **callback_kwargs)
               ^^^^^^^^^^^^^^^^^^^^^^^^^^^^^^^^^^^^^^^^^^^^^^^^^^^^^^^^^^^^
  File "/Users/javierdominguezsegura/Programming/College/Sophomore/Databases/Final project/MMS/.venv/lib/python3.11/site-packages/django/contrib/admin/options.py", line 718, in wrapper
    return self.admin_site.admin_view(view)(*args, **kwargs)
           ^^^^^^^^^^^^^^^^^^^^^^^^^^^^^^^^^^^^^^^^^^^^^^^^^
  File "/Users/javierdominguezsegura/Programming/College/Sophomore/Databases/Final project/MMS/.venv/lib/python3.11/site-packages/django/utils/decorators.py", line 188, in _view_wrapper
    result = _process_exception(request, e)
             ^^^^^^^^^^^^^^^^^^^^^^^^^^^^^^
  File "/Users/javierdominguezsegura/Programming/College/Sophomore/Databases/Final project/MMS/.venv/lib/python3.11/site-packages/django/utils/decorators.py", line 186, in _view_wrapper
    response = view_func(request, *args, **kwargs)
               ^^^^^^^^^^^^^^^^^^^^^^^^^^^^^^^^^^^
  File "/Users/javierdominguezsegura/Programming/College/Sophomore/Databases/Final project/MMS/.venv/lib/python3.11/site-packages/django/views/decorators/cache.py", line 80, in _view_wrapper
    response = view_func(request, *args, **kwargs)
               ^^^^^^^^^^^^^^^^^^^^^^^^^^^^^^^^^^^
  File "/Users/javierdominguezsegura/Programming/College/Sophomore/Databases/Final project/MMS/.venv/lib/python3.11/site-packages/django/contrib/admin/sites.py", line 241, in inner
    return view(request, *args, **kwargs)
           ^^^^^^^^^^^^^^^^^^^^^^^^^^^^^^
  File "/Users/javierdominguezsegura/Programming/College/Sophomore/Databases/Final project/MMS/.venv/lib/python3.11/site-packages/django/contrib/admin/options.py", line 1961, in add_view
    return self.changeform_view(request, None, form_url, extra_context)
           ^^^^^^^^^^^^^^^^^^^^^^^^^^^^^^^^^^^^^^^^^^^^^^^^^^^^^^^^^^^^
  File "/Users/javierdominguezsegura/Programming/College/Sophomore/Databases/Final project/MMS/.venv/lib/python3.11/site-packages/django/utils/decorators.py", line 48, in _wrapper
    return bound_method(*args, **kwargs)
           ^^^^^^^^^^^^^^^^^^^^^^^^^^^^^
  File "/Users/javierdominguezsegura/Programming/College/Sophomore/Databases/Final project/MMS/.venv/lib/python3.11/site-packages/django/utils/decorators.py", line 188, in _view_wrapper
    result = _process_exception(request, e)
             ^^^^^^^^^^^^^^^^^^^^^^^^^^^^^^
  File "/Users/javierdominguezsegura/Programming/College/Sophomore/Databases/Final project/MMS/.venv/lib/python3.11/site-packages/django/utils/decorators.py", line 186, in _view_wrapper
    response = view_func(request, *args, **kwargs)
               ^^^^^^^^^^^^^^^^^^^^^^^^^^^^^^^^^^^
  File "/Users/javierdominguezsegura/Programming/College/Sophomore/Databases/Final project/MMS/.venv/lib/python3.11/site-packages/django/contrib/admin/options.py", line 1820, in changeform_view
    return self._changeform_view(request, object_id, form_url, extra_context)
           ^^^^^^^^^^^^^^^^^^^^^^^^^^^^^^^^^^^^^^^^^^^^^^^^^^^^^^^^^^^^^^^^^^
  File "/Users/javierdominguezsegura/Programming/College/Sophomore/Databases/Final project/MMS/.venv/lib/python3.11/site-packages/django/contrib/admin/options.py", line 1871, in _changeform_view
    self.save_model(request, new_object, form, not add)
  File "/Users/javierdominguezsegura/Programming/College/Sophomore/Databases/Final project/MMS/src/django_project/menus/admin.py", line 102, in save_model
    ai_call_log.status = "Failed"
    ^^^^^^^^^^^
UnboundLocalError: cannot access local variable 'ai_call_log' where it is not associated with a value
INFO 2024-11-26 09:52:15,441 logging_middleware 22586 6201012224 Response: {
  "type": "response",
  "status_code": 500,
  "content": "<undecodable content>",
  "duration": "91.96s",
  "headers": {
    "Content-Type": "text/html; charset=utf-8"
  }
}
ERROR 2024-11-26 09:52:15,442 basehttp 22586 6201012224 "POST /admin/menus/menu/add/ HTTP/1.1" 500 460298
INFO 2024-11-26 09:53:25,382 autoreload 22857 7993774848 Watching for file changes with StatReloader
INFO 2024-11-26 09:53:26,540 logging_middleware 22857 6132002816 Request: {
  "type": "request",
  "method": "GET",
  "path": "/admin/",
  "user": "test1",
  "GET_params": {},
  "POST_params": {},
  "body": null,
  "headers": {
    "Content-Length": "",
    "Content-Type": "text/plain",
    "Host": "127.0.0.1:8000",
    "Connection": "keep-alive",
    "Dnt": "1",
    "Upgrade-Insecure-Requests": "1",
    "User-Agent": "Mozilla/5.0 (Macintosh; Intel Mac OS X 10_15_7) AppleWebKit/537.36 (KHTML, like Gecko) Chrome/131.0.0.0 Safari/537.36",
    "Accept": "text/html,application/xhtml+xml,application/xml;q=0.9,image/avif,image/webp,image/apng,*/*;q=0.8,application/signed-exchange;v=b3;q=0.7",
    "Sec-Fetch-Site": "none",
    "Sec-Fetch-Mode": "navigate",
    "Sec-Fetch-User": "?1",
    "Sec-Fetch-Dest": "document",
    "Sec-Ch-Ua": "\"Google Chrome\";v=\"131\", \"Chromium\";v=\"131\", \"Not_A Brand\";v=\"24\"",
    "Sec-Ch-Ua-Mobile": "?0",
    "Sec-Ch-Ua-Platform": "\"macOS\"",
    "Accept-Encoding": "gzip, deflate, br, zstd",
    "Accept-Language": "en-US,en;q=0.9",
    "Cookie": "csrftoken=uKQJBU73rvbu8GSXQ2wEBjLfi7FXV5DW; sessionid=vfggt76p119gewsk4m28datc6je0e4pp"
  }
}
INFO 2024-11-26 09:53:26,611 logging_middleware 22857 6132002816 Response: {
  "type": "response",
  "status_code": 200,
  "content": "<undecodable content>",
  "duration": "0.08s",
  "headers": {
    "Content-Type": "text/html; charset=utf-8",
    "Expires": "Tue, 26 Nov 2024 09:53:26 GMT",
    "Cache-Control": "max-age=0, no-cache, no-store, must-revalidate, private",
    "Vary": "Cookie"
  }
}
INFO 2024-11-26 09:53:26,612 basehttp 22857 6132002816 "GET /admin/ HTTP/1.1" 200 13877
INFO 2024-11-26 09:53:28,347 logging_middleware 22857 6132002816 Request: {
  "type": "request",
  "method": "GET",
  "path": "/admin/menus/menu/",
  "user": "test1",
  "GET_params": {},
  "POST_params": {},
  "body": null,
  "headers": {
    "Content-Length": "",
    "Content-Type": "text/plain",
    "Host": "127.0.0.1:8000",
    "Connection": "keep-alive",
    "Sec-Ch-Ua": "\"Google Chrome\";v=\"131\", \"Chromium\";v=\"131\", \"Not_A Brand\";v=\"24\"",
    "Sec-Ch-Ua-Mobile": "?0",
    "Sec-Ch-Ua-Platform": "\"macOS\"",
    "Dnt": "1",
    "Upgrade-Insecure-Requests": "1",
    "User-Agent": "Mozilla/5.0 (Macintosh; Intel Mac OS X 10_15_7) AppleWebKit/537.36 (KHTML, like Gecko) Chrome/131.0.0.0 Safari/537.36",
    "Accept": "text/html,application/xhtml+xml,application/xml;q=0.9,image/avif,image/webp,image/apng,*/*;q=0.8,application/signed-exchange;v=b3;q=0.7",
    "Sec-Fetch-Site": "same-origin",
    "Sec-Fetch-Mode": "navigate",
    "Sec-Fetch-User": "?1",
    "Sec-Fetch-Dest": "document",
    "Referer": "http://127.0.0.1:8000/admin/",
    "Accept-Encoding": "gzip, deflate, br, zstd",
    "Accept-Language": "en-US,en;q=0.9",
    "Cookie": "csrftoken=uKQJBU73rvbu8GSXQ2wEBjLfi7FXV5DW; sessionid=vfggt76p119gewsk4m28datc6je0e4pp"
  }
}
INFO 2024-11-26 09:53:28,399 logging_middleware 22857 6132002816 Response: {
  "type": "response",
  "status_code": 200,
  "content": "<undecodable content>",
  "duration": "0.06s",
  "headers": {
    "Content-Type": "text/html; charset=utf-8",
    "Expires": "Tue, 26 Nov 2024 09:53:28 GMT",
    "Cache-Control": "max-age=0, no-cache, no-store, must-revalidate, private",
    "Vary": "Cookie"
  }
}
INFO 2024-11-26 09:53:28,400 basehttp 22857 6132002816 "GET /admin/menus/menu/ HTTP/1.1" 200 23799
INFO 2024-11-26 09:53:28,420 logging_middleware 22857 6132002816 Request: {
  "type": "request",
  "method": "GET",
  "path": "/admin/jsi18n/",
  "user": "test1",
  "GET_params": {},
  "POST_params": {},
  "body": null,
  "headers": {
    "Content-Length": "",
    "Content-Type": "text/plain",
    "Host": "127.0.0.1:8000",
    "Connection": "keep-alive",
    "Sec-Ch-Ua-Platform": "\"macOS\"",
    "User-Agent": "Mozilla/5.0 (Macintosh; Intel Mac OS X 10_15_7) AppleWebKit/537.36 (KHTML, like Gecko) Chrome/131.0.0.0 Safari/537.36",
    "Sec-Ch-Ua": "\"Google Chrome\";v=\"131\", \"Chromium\";v=\"131\", \"Not_A Brand\";v=\"24\"",
    "Dnt": "1",
    "Sec-Ch-Ua-Mobile": "?0",
    "Accept": "*/*",
    "Sec-Fetch-Site": "same-origin",
    "Sec-Fetch-Mode": "no-cors",
    "Sec-Fetch-Dest": "script",
    "Referer": "http://127.0.0.1:8000/admin/menus/menu/",
    "Accept-Encoding": "gzip, deflate, br, zstd",
    "Accept-Language": "en-US,en;q=0.9",
    "Cookie": "csrftoken=uKQJBU73rvbu8GSXQ2wEBjLfi7FXV5DW; sessionid=vfggt76p119gewsk4m28datc6je0e4pp"
  }
}
INFO 2024-11-26 09:53:28,422 logging_middleware 22857 6132002816 Response: {
  "type": "response",
  "status_code": 200,
  "content": "<undecodable content>",
  "duration": "0.01s",
  "headers": {
    "Content-Type": "text/javascript; charset=\"utf-8\""
  }
}
INFO 2024-11-26 09:53:28,422 basehttp 22857 6132002816 "GET /admin/jsi18n/ HTTP/1.1" 200 3342
INFO 2024-11-26 09:53:29,965 logging_middleware 22857 6132002816 Request: {
  "type": "request",
  "method": "GET",
  "path": "/admin/menus/menu/add/",
  "user": "test1",
  "GET_params": {},
  "POST_params": {},
  "body": null,
  "headers": {
    "Content-Length": "",
    "Content-Type": "text/plain",
    "Host": "127.0.0.1:8000",
    "Connection": "keep-alive",
    "Sec-Ch-Ua": "\"Google Chrome\";v=\"131\", \"Chromium\";v=\"131\", \"Not_A Brand\";v=\"24\"",
    "Sec-Ch-Ua-Mobile": "?0",
    "Sec-Ch-Ua-Platform": "\"macOS\"",
    "Dnt": "1",
    "Upgrade-Insecure-Requests": "1",
    "User-Agent": "Mozilla/5.0 (Macintosh; Intel Mac OS X 10_15_7) AppleWebKit/537.36 (KHTML, like Gecko) Chrome/131.0.0.0 Safari/537.36",
    "Accept": "text/html,application/xhtml+xml,application/xml;q=0.9,image/avif,image/webp,image/apng,*/*;q=0.8,application/signed-exchange;v=b3;q=0.7",
    "Sec-Fetch-Site": "same-origin",
    "Sec-Fetch-Mode": "navigate",
    "Sec-Fetch-User": "?1",
    "Sec-Fetch-Dest": "document",
    "Referer": "http://127.0.0.1:8000/admin/menus/menu/",
    "Accept-Encoding": "gzip, deflate, br, zstd",
    "Accept-Language": "en-US,en;q=0.9",
    "Cookie": "csrftoken=uKQJBU73rvbu8GSXQ2wEBjLfi7FXV5DW; sessionid=vfggt76p119gewsk4m28datc6je0e4pp"
  }
}
INFO 2024-11-26 09:53:29,983 logging_middleware 22857 6132002816 Response: {
  "type": "response",
  "status_code": 200,
  "content": "<undecodable content>",
  "duration": "0.02s",
  "headers": {
    "Content-Type": "text/html; charset=utf-8",
    "Expires": "Tue, 26 Nov 2024 09:53:29 GMT",
    "Cache-Control": "max-age=0, no-cache, no-store, must-revalidate, private",
    "Vary": "Cookie"
  }
}
INFO 2024-11-26 09:53:29,983 basehttp 22857 6132002816 "GET /admin/menus/menu/add/ HTTP/1.1" 200 14974
INFO 2024-11-26 09:53:30,003 logging_middleware 22857 6132002816 Request: {
  "type": "request",
  "method": "GET",
  "path": "/admin/jsi18n/",
  "user": "test1",
  "GET_params": {},
  "POST_params": {},
  "body": null,
  "headers": {
    "Content-Length": "",
    "Content-Type": "text/plain",
    "Host": "127.0.0.1:8000",
    "Connection": "keep-alive",
    "Sec-Ch-Ua-Platform": "\"macOS\"",
    "User-Agent": "Mozilla/5.0 (Macintosh; Intel Mac OS X 10_15_7) AppleWebKit/537.36 (KHTML, like Gecko) Chrome/131.0.0.0 Safari/537.36",
    "Sec-Ch-Ua": "\"Google Chrome\";v=\"131\", \"Chromium\";v=\"131\", \"Not_A Brand\";v=\"24\"",
    "Dnt": "1",
    "Sec-Ch-Ua-Mobile": "?0",
    "Accept": "*/*",
    "Sec-Fetch-Site": "same-origin",
    "Sec-Fetch-Mode": "no-cors",
    "Sec-Fetch-Dest": "script",
    "Referer": "http://127.0.0.1:8000/admin/menus/menu/add/",
    "Accept-Encoding": "gzip, deflate, br, zstd",
    "Accept-Language": "en-US,en;q=0.9",
    "Cookie": "csrftoken=uKQJBU73rvbu8GSXQ2wEBjLfi7FXV5DW; sessionid=vfggt76p119gewsk4m28datc6je0e4pp"
  }
}
INFO 2024-11-26 09:53:30,004 logging_middleware 22857 6132002816 Response: {
  "type": "response",
  "status_code": 200,
  "content": "<undecodable content>",
  "duration": "0.00s",
  "headers": {
    "Content-Type": "text/javascript; charset=\"utf-8\""
  }
}
INFO 2024-11-26 09:53:30,004 basehttp 22857 6132002816 "GET /admin/jsi18n/ HTTP/1.1" 200 3342
INFO 2024-11-26 09:53:39,056 logging_middleware 22857 6132002816 Request: {
  "type": "request",
  "method": "POST",
  "path": "/admin/menus/menu/add/",
  "user": "test1",
  "GET_params": {},
  "POST_params": "<file upload>",
  "body": "<binary data>",
  "headers": {
    "Content-Length": "422953",
    "Content-Type": "multipart/form-data; boundary=----WebKitFormBoundarylFiBdYLvMBM42brO",
    "Host": "127.0.0.1:8000",
    "Connection": "keep-alive",
    "Cache-Control": "max-age=0",
    "Sec-Ch-Ua": "\"Google Chrome\";v=\"131\", \"Chromium\";v=\"131\", \"Not_A Brand\";v=\"24\"",
    "Sec-Ch-Ua-Mobile": "?0",
    "Sec-Ch-Ua-Platform": "\"macOS\"",
    "Origin": "http://127.0.0.1:8000",
    "Dnt": "1",
    "Upgrade-Insecure-Requests": "1",
    "User-Agent": "Mozilla/5.0 (Macintosh; Intel Mac OS X 10_15_7) AppleWebKit/537.36 (KHTML, like Gecko) Chrome/131.0.0.0 Safari/537.36",
    "Accept": "text/html,application/xhtml+xml,application/xml;q=0.9,image/avif,image/webp,image/apng,*/*;q=0.8,application/signed-exchange;v=b3;q=0.7",
    "Sec-Fetch-Site": "same-origin",
    "Sec-Fetch-Mode": "navigate",
    "Sec-Fetch-User": "?1",
    "Sec-Fetch-Dest": "document",
    "Referer": "http://127.0.0.1:8000/admin/menus/menu/add/",
    "Accept-Encoding": "gzip, deflate, br, zstd",
    "Accept-Language": "en-US,en;q=0.9",
    "Cookie": "csrftoken=uKQJBU73rvbu8GSXQ2wEBjLfi7FXV5DW; sessionid=vfggt76p119gewsk4m28datc6je0e4pp"
  }
}
INFO 2024-11-26 09:54:10,920 logging_middleware 22857 6132002816 Response: {
  "type": "response",
  "status_code": 302,
  "content": "<undecodable content>",
  "duration": "31.87s",
  "headers": {
    "Content-Type": "text/html; charset=utf-8",
    "Location": "/admin/menus/menu/",
    "Expires": "Tue, 26 Nov 2024 09:54:10 GMT",
    "Cache-Control": "max-age=0, no-cache, no-store, must-revalidate, private"
  }
}
INFO 2024-11-26 09:54:10,921 basehttp 22857 6132002816 "POST /admin/menus/menu/add/ HTTP/1.1" 302 0
INFO 2024-11-26 09:54:10,926 logging_middleware 22857 6132002816 Request: {
  "type": "request",
  "method": "GET",
  "path": "/admin/menus/menu/",
  "user": "test1",
  "GET_params": {},
  "POST_params": {},
  "body": null,
  "headers": {
    "Content-Length": "",
    "Content-Type": "text/plain",
    "Host": "127.0.0.1:8000",
    "Connection": "keep-alive",
    "Cache-Control": "max-age=0",
    "Dnt": "1",
    "Upgrade-Insecure-Requests": "1",
    "User-Agent": "Mozilla/5.0 (Macintosh; Intel Mac OS X 10_15_7) AppleWebKit/537.36 (KHTML, like Gecko) Chrome/131.0.0.0 Safari/537.36",
    "Accept": "text/html,application/xhtml+xml,application/xml;q=0.9,image/avif,image/webp,image/apng,*/*;q=0.8,application/signed-exchange;v=b3;q=0.7",
    "Sec-Fetch-Site": "same-origin",
    "Sec-Fetch-Mode": "navigate",
    "Sec-Fetch-User": "?1",
    "Sec-Fetch-Dest": "document",
    "Sec-Ch-Ua": "\"Google Chrome\";v=\"131\", \"Chromium\";v=\"131\", \"Not_A Brand\";v=\"24\"",
    "Sec-Ch-Ua-Mobile": "?0",
    "Sec-Ch-Ua-Platform": "\"macOS\"",
    "Referer": "http://127.0.0.1:8000/admin/menus/menu/add/",
    "Accept-Encoding": "gzip, deflate, br, zstd",
    "Accept-Language": "en-US,en;q=0.9",
    "Cookie": "csrftoken=uKQJBU73rvbu8GSXQ2wEBjLfi7FXV5DW; sessionid=vfggt76p119gewsk4m28datc6je0e4pp; messages=.eJwdjssOgjAQAH9lsyacqpUaYxTkD4wcvAEha7s8DK3GWh98vYTLXCaZTFFgXd_83dWWvaeWUcRCbQVeOoYTuwBlUOtYpwTdk5tjiZKM7Z20k_Mz5X4jdUeuZVlidr4yR4uv2iUe8n4cCSKyjwRy8i9avtVBxamkbK4a-JAHMoYN-KD1dNCEYfitUCBW1R90IDI2:1tFsGo:u-jf5RtmaPI4WOlcKJP8lc8mQ1M3SarQUv7tEplXodI"
  }
}
INFO 2024-11-26 09:54:10,951 logging_middleware 22857 6132002816 Response: {
  "type": "response",
  "status_code": 200,
  "content": "<undecodable content>",
  "duration": "0.03s",
  "headers": {
    "Content-Type": "text/html; charset=utf-8",
    "Expires": "Tue, 26 Nov 2024 09:54:10 GMT",
    "Cache-Control": "max-age=0, no-cache, no-store, must-revalidate, private",
    "Vary": "Cookie"
  }
}
INFO 2024-11-26 09:54:10,951 basehttp 22857 6132002816 "GET /admin/menus/menu/ HTTP/1.1" 200 24926
INFO 2024-11-26 09:54:10,977 logging_middleware 22857 6132002816 Request: {
  "type": "request",
  "method": "GET",
  "path": "/admin/jsi18n/",
  "user": "test1",
  "GET_params": {},
  "POST_params": {},
  "body": null,
  "headers": {
    "Content-Length": "",
    "Content-Type": "text/plain",
    "Host": "127.0.0.1:8000",
    "Connection": "keep-alive",
    "Sec-Ch-Ua-Platform": "\"macOS\"",
    "User-Agent": "Mozilla/5.0 (Macintosh; Intel Mac OS X 10_15_7) AppleWebKit/537.36 (KHTML, like Gecko) Chrome/131.0.0.0 Safari/537.36",
    "Sec-Ch-Ua": "\"Google Chrome\";v=\"131\", \"Chromium\";v=\"131\", \"Not_A Brand\";v=\"24\"",
    "Dnt": "1",
    "Sec-Ch-Ua-Mobile": "?0",
    "Accept": "*/*",
    "Sec-Fetch-Site": "same-origin",
    "Sec-Fetch-Mode": "no-cors",
    "Sec-Fetch-Dest": "script",
    "Referer": "http://127.0.0.1:8000/admin/menus/menu/",
    "Accept-Encoding": "gzip, deflate, br, zstd",
    "Accept-Language": "en-US,en;q=0.9",
    "Cookie": "csrftoken=uKQJBU73rvbu8GSXQ2wEBjLfi7FXV5DW; sessionid=vfggt76p119gewsk4m28datc6je0e4pp"
  }
}
INFO 2024-11-26 09:54:10,978 logging_middleware 22857 6132002816 Response: {
  "type": "response",
  "status_code": 200,
  "content": "<undecodable content>",
  "duration": "0.00s",
  "headers": {
    "Content-Type": "text/javascript; charset=\"utf-8\""
  }
}
INFO 2024-11-26 09:54:10,978 basehttp 22857 6132002816 "GET /admin/jsi18n/ HTTP/1.1" 200 3342
INFO 2024-11-26 09:54:17,717 logging_middleware 22857 6132002816 Request: {
  "type": "request",
  "method": "GET",
  "path": "/media/PDF-Menus-For-Restaurants_1_fdtPQVJ.png",
  "user": "test1",
  "GET_params": {},
  "POST_params": {},
  "body": null,
  "headers": {
    "Content-Length": "",
    "Content-Type": "text/plain",
    "Host": "127.0.0.1:8000",
    "Connection": "keep-alive",
    "Sec-Ch-Ua": "\"Google Chrome\";v=\"131\", \"Chromium\";v=\"131\", \"Not_A Brand\";v=\"24\"",
    "Sec-Ch-Ua-Mobile": "?0",
    "Sec-Ch-Ua-Platform": "\"macOS\"",
    "Dnt": "1",
    "Upgrade-Insecure-Requests": "1",
    "User-Agent": "Mozilla/5.0 (Macintosh; Intel Mac OS X 10_15_7) AppleWebKit/537.36 (KHTML, like Gecko) Chrome/131.0.0.0 Safari/537.36",
    "Accept": "text/html,application/xhtml+xml,application/xml;q=0.9,image/avif,image/webp,image/apng,*/*;q=0.8,application/signed-exchange;v=b3;q=0.7",
    "Sec-Fetch-Site": "same-origin",
    "Sec-Fetch-Mode": "navigate",
    "Sec-Fetch-User": "?1",
    "Sec-Fetch-Dest": "document",
    "Referer": "http://127.0.0.1:8000/admin/menus/menu/",
    "Accept-Encoding": "gzip, deflate, br, zstd",
    "Accept-Language": "en-US,en;q=0.9",
    "Cookie": "csrftoken=uKQJBU73rvbu8GSXQ2wEBjLfi7FXV5DW; sessionid=vfggt76p119gewsk4m28datc6je0e4pp"
  }
}
INFO 2024-11-26 09:54:17,722 logging_middleware 22857 6132002816 Response: {
  "type": "response",
  "status_code": 200,
  "content": null,
  "duration": "0.01s",
  "headers": {
    "Content-Type": "image/png",
    "Content-Length": "422169",
    "Content-Disposition": "inline; filename=\"PDF-Menus-For-Restaurants_1_fdtPQVJ.png\"",
    "Last-Modified": "Tue, 26 Nov 2024 09:53:39 GMT"
  }
}
INFO 2024-11-26 09:54:17,725 basehttp 22857 6132002816 "GET /media/PDF-Menus-For-Restaurants_1_fdtPQVJ.png HTTP/1.1" 200 422169
INFO 2024-11-26 09:54:23,906 logging_middleware 22857 6132002816 Request: {
  "type": "request",
  "method": "GET",
  "path": "/admin/menus/auditlog/",
  "user": "test1",
  "GET_params": {},
  "POST_params": {},
  "body": null,
  "headers": {
    "Content-Length": "",
    "Content-Type": "text/plain",
    "Host": "127.0.0.1:8000",
    "Connection": "keep-alive",
    "Sec-Ch-Ua": "\"Google Chrome\";v=\"131\", \"Chromium\";v=\"131\", \"Not_A Brand\";v=\"24\"",
    "Sec-Ch-Ua-Mobile": "?0",
    "Sec-Ch-Ua-Platform": "\"macOS\"",
    "Dnt": "1",
    "Upgrade-Insecure-Requests": "1",
    "User-Agent": "Mozilla/5.0 (Macintosh; Intel Mac OS X 10_15_7) AppleWebKit/537.36 (KHTML, like Gecko) Chrome/131.0.0.0 Safari/537.36",
    "Accept": "text/html,application/xhtml+xml,application/xml;q=0.9,image/avif,image/webp,image/apng,*/*;q=0.8,application/signed-exchange;v=b3;q=0.7",
    "Sec-Fetch-Site": "same-origin",
    "Sec-Fetch-Mode": "navigate",
    "Sec-Fetch-User": "?1",
    "Sec-Fetch-Dest": "document",
    "Referer": "http://127.0.0.1:8000/admin/menus/menu/",
    "Accept-Encoding": "gzip, deflate, br, zstd",
    "Accept-Language": "en-US,en;q=0.9",
    "Cookie": "csrftoken=uKQJBU73rvbu8GSXQ2wEBjLfi7FXV5DW; sessionid=vfggt76p119gewsk4m28datc6je0e4pp"
  }
}
INFO 2024-11-26 09:54:23,956 logging_middleware 22857 6132002816 Response: {
  "type": "response",
  "status_code": 200,
  "content": "<undecodable content>",
  "duration": "0.05s",
  "headers": {
    "Content-Type": "text/html; charset=utf-8",
    "Expires": "Tue, 26 Nov 2024 09:54:23 GMT",
    "Cache-Control": "max-age=0, no-cache, no-store, must-revalidate, private",
    "Vary": "Cookie"
  }
}
INFO 2024-11-26 09:54:23,957 basehttp 22857 6132002816 "GET /admin/menus/auditlog/ HTTP/1.1" 200 30824
INFO 2024-11-26 09:54:23,978 logging_middleware 22857 6132002816 Request: {
  "type": "request",
  "method": "GET",
  "path": "/admin/jsi18n/",
  "user": "test1",
  "GET_params": {},
  "POST_params": {},
  "body": null,
  "headers": {
    "Content-Length": "",
    "Content-Type": "text/plain",
    "Host": "127.0.0.1:8000",
    "Connection": "keep-alive",
    "Sec-Ch-Ua-Platform": "\"macOS\"",
    "User-Agent": "Mozilla/5.0 (Macintosh; Intel Mac OS X 10_15_7) AppleWebKit/537.36 (KHTML, like Gecko) Chrome/131.0.0.0 Safari/537.36",
    "Sec-Ch-Ua": "\"Google Chrome\";v=\"131\", \"Chromium\";v=\"131\", \"Not_A Brand\";v=\"24\"",
    "Dnt": "1",
    "Sec-Ch-Ua-Mobile": "?0",
    "Accept": "*/*",
    "Sec-Fetch-Site": "same-origin",
    "Sec-Fetch-Mode": "no-cors",
    "Sec-Fetch-Dest": "script",
    "Referer": "http://127.0.0.1:8000/admin/menus/auditlog/",
    "Accept-Encoding": "gzip, deflate, br, zstd",
    "Accept-Language": "en-US,en;q=0.9",
    "Cookie": "csrftoken=uKQJBU73rvbu8GSXQ2wEBjLfi7FXV5DW; sessionid=vfggt76p119gewsk4m28datc6je0e4pp"
  }
}
INFO 2024-11-26 09:54:23,980 logging_middleware 22857 6132002816 Response: {
  "type": "response",
  "status_code": 200,
  "content": "<undecodable content>",
  "duration": "0.01s",
  "headers": {
    "Content-Type": "text/javascript; charset=\"utf-8\""
  }
}
INFO 2024-11-26 09:54:23,981 basehttp 22857 6132002816 "GET /admin/jsi18n/ HTTP/1.1" 200 3342
INFO 2024-11-26 09:54:50,828 logging_middleware 22857 6132002816 Request: {
  "type": "request",
  "method": "GET",
  "path": "/admin/menus/dietaryrestriction/",
  "user": "test1",
  "GET_params": {},
  "POST_params": {},
  "body": null,
  "headers": {
    "Content-Length": "",
    "Content-Type": "text/plain",
    "Host": "127.0.0.1:8000",
    "Connection": "keep-alive",
    "Sec-Ch-Ua": "\"Google Chrome\";v=\"131\", \"Chromium\";v=\"131\", \"Not_A Brand\";v=\"24\"",
    "Sec-Ch-Ua-Mobile": "?0",
    "Sec-Ch-Ua-Platform": "\"macOS\"",
    "Dnt": "1",
    "Upgrade-Insecure-Requests": "1",
    "User-Agent": "Mozilla/5.0 (Macintosh; Intel Mac OS X 10_15_7) AppleWebKit/537.36 (KHTML, like Gecko) Chrome/131.0.0.0 Safari/537.36",
    "Accept": "text/html,application/xhtml+xml,application/xml;q=0.9,image/avif,image/webp,image/apng,*/*;q=0.8,application/signed-exchange;v=b3;q=0.7",
    "Sec-Fetch-Site": "same-origin",
    "Sec-Fetch-Mode": "navigate",
    "Sec-Fetch-User": "?1",
    "Sec-Fetch-Dest": "document",
    "Referer": "http://127.0.0.1:8000/admin/menus/auditlog/",
    "Accept-Encoding": "gzip, deflate, br, zstd",
    "Accept-Language": "en-US,en;q=0.9",
    "Cookie": "csrftoken=uKQJBU73rvbu8GSXQ2wEBjLfi7FXV5DW; sessionid=vfggt76p119gewsk4m28datc6je0e4pp"
  }
}
INFO 2024-11-26 09:54:50,855 logging_middleware 22857 6132002816 Response: {
  "type": "response",
  "status_code": 200,
  "content": "<undecodable content>",
  "duration": "0.03s",
  "headers": {
    "Content-Type": "text/html; charset=utf-8",
    "Expires": "Tue, 26 Nov 2024 09:54:50 GMT",
    "Cache-Control": "max-age=0, no-cache, no-store, must-revalidate, private",
    "Vary": "Cookie"
  }
}
INFO 2024-11-26 09:54:50,856 basehttp 22857 6132002816 "GET /admin/menus/dietaryrestriction/ HTTP/1.1" 200 14096
INFO 2024-11-26 09:54:50,875 logging_middleware 22857 6132002816 Request: {
  "type": "request",
  "method": "GET",
  "path": "/admin/jsi18n/",
  "user": "test1",
  "GET_params": {},
  "POST_params": {},
  "body": null,
  "headers": {
    "Content-Length": "",
    "Content-Type": "text/plain",
    "Host": "127.0.0.1:8000",
    "Connection": "keep-alive",
    "Sec-Ch-Ua-Platform": "\"macOS\"",
    "User-Agent": "Mozilla/5.0 (Macintosh; Intel Mac OS X 10_15_7) AppleWebKit/537.36 (KHTML, like Gecko) Chrome/131.0.0.0 Safari/537.36",
    "Sec-Ch-Ua": "\"Google Chrome\";v=\"131\", \"Chromium\";v=\"131\", \"Not_A Brand\";v=\"24\"",
    "Dnt": "1",
    "Sec-Ch-Ua-Mobile": "?0",
    "Accept": "*/*",
    "Sec-Fetch-Site": "same-origin",
    "Sec-Fetch-Mode": "no-cors",
    "Sec-Fetch-Dest": "script",
    "Referer": "http://127.0.0.1:8000/admin/menus/dietaryrestriction/",
    "Accept-Encoding": "gzip, deflate, br, zstd",
    "Accept-Language": "en-US,en;q=0.9",
    "Cookie": "csrftoken=uKQJBU73rvbu8GSXQ2wEBjLfi7FXV5DW; sessionid=vfggt76p119gewsk4m28datc6je0e4pp"
  }
}
INFO 2024-11-26 09:54:50,876 logging_middleware 22857 6132002816 Response: {
  "type": "response",
  "status_code": 200,
  "content": "<undecodable content>",
  "duration": "0.00s",
  "headers": {
    "Content-Type": "text/javascript; charset=\"utf-8\""
  }
}
INFO 2024-11-26 09:54:50,877 basehttp 22857 6132002816 "GET /admin/jsi18n/ HTTP/1.1" 200 3342
INFO 2024-11-26 09:54:54,093 logging_middleware 22857 6132002816 Request: {
  "type": "request",
  "method": "GET",
  "path": "/admin/menus/menuitem/",
  "user": "test1",
  "GET_params": {},
  "POST_params": {},
  "body": null,
  "headers": {
    "Content-Length": "",
    "Content-Type": "text/plain",
    "Host": "127.0.0.1:8000",
    "Connection": "keep-alive",
    "Sec-Ch-Ua": "\"Google Chrome\";v=\"131\", \"Chromium\";v=\"131\", \"Not_A Brand\";v=\"24\"",
    "Sec-Ch-Ua-Mobile": "?0",
    "Sec-Ch-Ua-Platform": "\"macOS\"",
    "Dnt": "1",
    "Upgrade-Insecure-Requests": "1",
    "User-Agent": "Mozilla/5.0 (Macintosh; Intel Mac OS X 10_15_7) AppleWebKit/537.36 (KHTML, like Gecko) Chrome/131.0.0.0 Safari/537.36",
    "Accept": "text/html,application/xhtml+xml,application/xml;q=0.9,image/avif,image/webp,image/apng,*/*;q=0.8,application/signed-exchange;v=b3;q=0.7",
    "Sec-Fetch-Site": "same-origin",
    "Sec-Fetch-Mode": "navigate",
    "Sec-Fetch-User": "?1",
    "Sec-Fetch-Dest": "document",
    "Referer": "http://127.0.0.1:8000/admin/menus/dietaryrestriction/",
    "Accept-Encoding": "gzip, deflate, br, zstd",
    "Accept-Language": "en-US,en;q=0.9",
    "Cookie": "csrftoken=uKQJBU73rvbu8GSXQ2wEBjLfi7FXV5DW; sessionid=vfggt76p119gewsk4m28datc6je0e4pp"
  }
}
INFO 2024-11-26 09:54:54,312 logging_middleware 22857 6132002816 Response: {
  "type": "response",
  "status_code": 200,
  "content": "<undecodable content>",
  "duration": "0.22s",
  "headers": {
    "Content-Type": "text/html; charset=utf-8",
    "Expires": "Tue, 26 Nov 2024 09:54:54 GMT",
    "Cache-Control": "max-age=0, no-cache, no-store, must-revalidate, private",
    "Vary": "Cookie"
  }
}
INFO 2024-11-26 09:54:54,312 basehttp 22857 6132002816 "GET /admin/menus/menuitem/ HTTP/1.1" 200 80576
INFO 2024-11-26 09:54:54,338 logging_middleware 22857 6132002816 Request: {
  "type": "request",
  "method": "GET",
  "path": "/admin/jsi18n/",
  "user": "test1",
  "GET_params": {},
  "POST_params": {},
  "body": null,
  "headers": {
    "Content-Length": "",
    "Content-Type": "text/plain",
    "Host": "127.0.0.1:8000",
    "Connection": "keep-alive",
    "Sec-Ch-Ua-Platform": "\"macOS\"",
    "User-Agent": "Mozilla/5.0 (Macintosh; Intel Mac OS X 10_15_7) AppleWebKit/537.36 (KHTML, like Gecko) Chrome/131.0.0.0 Safari/537.36",
    "Sec-Ch-Ua": "\"Google Chrome\";v=\"131\", \"Chromium\";v=\"131\", \"Not_A Brand\";v=\"24\"",
    "Dnt": "1",
    "Sec-Ch-Ua-Mobile": "?0",
    "Accept": "*/*",
    "Sec-Fetch-Site": "same-origin",
    "Sec-Fetch-Mode": "no-cors",
    "Sec-Fetch-Dest": "script",
    "Referer": "http://127.0.0.1:8000/admin/menus/menuitem/",
    "Accept-Encoding": "gzip, deflate, br, zstd",
    "Accept-Language": "en-US,en;q=0.9",
    "Cookie": "csrftoken=uKQJBU73rvbu8GSXQ2wEBjLfi7FXV5DW; sessionid=vfggt76p119gewsk4m28datc6je0e4pp"
  }
}
INFO 2024-11-26 09:54:54,339 logging_middleware 22857 6132002816 Response: {
  "type": "response",
  "status_code": 200,
  "content": "<undecodable content>",
  "duration": "0.00s",
  "headers": {
    "Content-Type": "text/javascript; charset=\"utf-8\""
  }
}
INFO 2024-11-26 09:54:54,339 basehttp 22857 6132002816 "GET /admin/jsi18n/ HTTP/1.1" 200 3342
INFO 2024-11-26 09:55:45,781 logging_middleware 22857 6132002816 Request: {
  "type": "request",
  "method": "GET",
  "path": "/admin/menus/menusection/",
  "user": "test1",
  "GET_params": {},
  "POST_params": {},
  "body": null,
  "headers": {
    "Content-Length": "",
    "Content-Type": "text/plain",
    "Host": "127.0.0.1:8000",
    "Connection": "keep-alive",
    "Sec-Ch-Ua": "\"Google Chrome\";v=\"131\", \"Chromium\";v=\"131\", \"Not_A Brand\";v=\"24\"",
    "Sec-Ch-Ua-Mobile": "?0",
    "Sec-Ch-Ua-Platform": "\"macOS\"",
    "Dnt": "1",
    "Upgrade-Insecure-Requests": "1",
    "User-Agent": "Mozilla/5.0 (Macintosh; Intel Mac OS X 10_15_7) AppleWebKit/537.36 (KHTML, like Gecko) Chrome/131.0.0.0 Safari/537.36",
    "Accept": "text/html,application/xhtml+xml,application/xml;q=0.9,image/avif,image/webp,image/apng,*/*;q=0.8,application/signed-exchange;v=b3;q=0.7",
    "Sec-Fetch-Site": "same-origin",
    "Sec-Fetch-Mode": "navigate",
    "Sec-Fetch-User": "?1",
    "Sec-Fetch-Dest": "document",
    "Referer": "http://127.0.0.1:8000/admin/menus/menuitem/",
    "Accept-Encoding": "gzip, deflate, br, zstd",
    "Accept-Language": "en-US,en;q=0.9",
    "Cookie": "csrftoken=uKQJBU73rvbu8GSXQ2wEBjLfi7FXV5DW; sessionid=vfggt76p119gewsk4m28datc6je0e4pp"
  }
}
INFO 2024-11-26 09:55:45,888 logging_middleware 22857 6132002816 Response: {
  "type": "response",
  "status_code": 200,
  "content": "<undecodable content>",
  "duration": "0.11s",
  "headers": {
    "Content-Type": "text/html; charset=utf-8",
    "Expires": "Tue, 26 Nov 2024 09:55:45 GMT",
    "Cache-Control": "max-age=0, no-cache, no-store, must-revalidate, private",
    "Vary": "Cookie"
  }
}
INFO 2024-11-26 09:55:45,889 basehttp 22857 6132002816 "GET /admin/menus/menusection/ HTTP/1.1" 200 36943
INFO 2024-11-26 09:55:45,929 logging_middleware 22857 6132002816 Request: {
  "type": "request",
  "method": "GET",
  "path": "/admin/jsi18n/",
  "user": "test1",
  "GET_params": {},
  "POST_params": {},
  "body": null,
  "headers": {
    "Content-Length": "",
    "Content-Type": "text/plain",
    "Host": "127.0.0.1:8000",
    "Connection": "keep-alive",
    "Sec-Ch-Ua-Platform": "\"macOS\"",
    "User-Agent": "Mozilla/5.0 (Macintosh; Intel Mac OS X 10_15_7) AppleWebKit/537.36 (KHTML, like Gecko) Chrome/131.0.0.0 Safari/537.36",
    "Sec-Ch-Ua": "\"Google Chrome\";v=\"131\", \"Chromium\";v=\"131\", \"Not_A Brand\";v=\"24\"",
    "Dnt": "1",
    "Sec-Ch-Ua-Mobile": "?0",
    "Accept": "*/*",
    "Sec-Fetch-Site": "same-origin",
    "Sec-Fetch-Mode": "no-cors",
    "Sec-Fetch-Dest": "script",
    "Referer": "http://127.0.0.1:8000/admin/menus/menusection/",
    "Accept-Encoding": "gzip, deflate, br, zstd",
    "Accept-Language": "en-US,en;q=0.9",
    "Cookie": "csrftoken=uKQJBU73rvbu8GSXQ2wEBjLfi7FXV5DW; sessionid=vfggt76p119gewsk4m28datc6je0e4pp"
  }
}
INFO 2024-11-26 09:55:45,930 logging_middleware 22857 6132002816 Response: {
  "type": "response",
  "status_code": 200,
  "content": "<undecodable content>",
  "duration": "0.00s",
  "headers": {
    "Content-Type": "text/javascript; charset=\"utf-8\""
  }
}
INFO 2024-11-26 09:55:45,930 basehttp 22857 6132002816 "GET /admin/jsi18n/ HTTP/1.1" 200 3342
INFO 2024-11-26 09:55:54,281 logging_middleware 22857 6132002816 Request: {
  "type": "request",
  "method": "GET",
  "path": "/admin/menus/menu/",
  "user": "test1",
  "GET_params": {},
  "POST_params": {},
  "body": null,
  "headers": {
    "Content-Length": "",
    "Content-Type": "text/plain",
    "Host": "127.0.0.1:8000",
    "Connection": "keep-alive",
    "Sec-Ch-Ua": "\"Google Chrome\";v=\"131\", \"Chromium\";v=\"131\", \"Not_A Brand\";v=\"24\"",
    "Sec-Ch-Ua-Mobile": "?0",
    "Sec-Ch-Ua-Platform": "\"macOS\"",
    "Dnt": "1",
    "Upgrade-Insecure-Requests": "1",
    "User-Agent": "Mozilla/5.0 (Macintosh; Intel Mac OS X 10_15_7) AppleWebKit/537.36 (KHTML, like Gecko) Chrome/131.0.0.0 Safari/537.36",
    "Accept": "text/html,application/xhtml+xml,application/xml;q=0.9,image/avif,image/webp,image/apng,*/*;q=0.8,application/signed-exchange;v=b3;q=0.7",
    "Sec-Fetch-Site": "same-origin",
    "Sec-Fetch-Mode": "navigate",
    "Sec-Fetch-User": "?1",
    "Sec-Fetch-Dest": "document",
    "Referer": "http://127.0.0.1:8000/admin/menus/menusection/",
    "Accept-Encoding": "gzip, deflate, br, zstd",
    "Accept-Language": "en-US,en;q=0.9",
    "Cookie": "csrftoken=uKQJBU73rvbu8GSXQ2wEBjLfi7FXV5DW; sessionid=vfggt76p119gewsk4m28datc6je0e4pp"
  }
}
INFO 2024-11-26 09:55:54,326 logging_middleware 22857 6132002816 Response: {
  "type": "response",
  "status_code": 200,
  "content": "<undecodable content>",
  "duration": "0.05s",
  "headers": {
    "Content-Type": "text/html; charset=utf-8",
    "Expires": "Tue, 26 Nov 2024 09:55:54 GMT",
    "Cache-Control": "max-age=0, no-cache, no-store, must-revalidate, private",
    "Vary": "Cookie"
  }
}
INFO 2024-11-26 09:55:54,326 basehttp 22857 6132002816 "GET /admin/menus/menu/ HTTP/1.1" 200 24703
INFO 2024-11-26 09:55:54,354 logging_middleware 22857 6132002816 Request: {
  "type": "request",
  "method": "GET",
  "path": "/admin/jsi18n/",
  "user": "test1",
  "GET_params": {},
  "POST_params": {},
  "body": null,
  "headers": {
    "Content-Length": "",
    "Content-Type": "text/plain",
    "Host": "127.0.0.1:8000",
    "Connection": "keep-alive",
    "Sec-Ch-Ua-Platform": "\"macOS\"",
    "User-Agent": "Mozilla/5.0 (Macintosh; Intel Mac OS X 10_15_7) AppleWebKit/537.36 (KHTML, like Gecko) Chrome/131.0.0.0 Safari/537.36",
    "Sec-Ch-Ua": "\"Google Chrome\";v=\"131\", \"Chromium\";v=\"131\", \"Not_A Brand\";v=\"24\"",
    "Dnt": "1",
    "Sec-Ch-Ua-Mobile": "?0",
    "Accept": "*/*",
    "Sec-Fetch-Site": "same-origin",
    "Sec-Fetch-Mode": "no-cors",
    "Sec-Fetch-Dest": "script",
    "Referer": "http://127.0.0.1:8000/admin/menus/menu/",
    "Accept-Encoding": "gzip, deflate, br, zstd",
    "Accept-Language": "en-US,en;q=0.9",
    "Cookie": "csrftoken=uKQJBU73rvbu8GSXQ2wEBjLfi7FXV5DW; sessionid=vfggt76p119gewsk4m28datc6je0e4pp"
  }
}
INFO 2024-11-26 09:55:54,355 logging_middleware 22857 6132002816 Response: {
  "type": "response",
  "status_code": 200,
  "content": "<undecodable content>",
  "duration": "0.00s",
  "headers": {
    "Content-Type": "text/javascript; charset=\"utf-8\""
  }
}
INFO 2024-11-26 09:55:54,355 basehttp 22857 6132002816 "GET /admin/jsi18n/ HTTP/1.1" 200 3342
INFO 2024-11-26 09:55:55,735 logging_middleware 22857 6132002816 Request: {
  "type": "request",
  "method": "GET",
  "path": "/media/PDF-Menus-For-Restaurants_1_fdtPQVJ.png",
  "user": "test1",
  "GET_params": {},
  "POST_params": {},
  "body": null,
  "headers": {
    "Content-Length": "",
    "Content-Type": "text/plain",
    "Host": "127.0.0.1:8000",
    "Connection": "keep-alive",
    "Sec-Ch-Ua": "\"Google Chrome\";v=\"131\", \"Chromium\";v=\"131\", \"Not_A Brand\";v=\"24\"",
    "Sec-Ch-Ua-Mobile": "?0",
    "Sec-Ch-Ua-Platform": "\"macOS\"",
    "Dnt": "1",
    "Upgrade-Insecure-Requests": "1",
    "User-Agent": "Mozilla/5.0 (Macintosh; Intel Mac OS X 10_15_7) AppleWebKit/537.36 (KHTML, like Gecko) Chrome/131.0.0.0 Safari/537.36",
    "Accept": "text/html,application/xhtml+xml,application/xml;q=0.9,image/avif,image/webp,image/apng,*/*;q=0.8,application/signed-exchange;v=b3;q=0.7",
    "Sec-Fetch-Site": "same-origin",
    "Sec-Fetch-Mode": "navigate",
    "Sec-Fetch-User": "?1",
    "Sec-Fetch-Dest": "document",
    "Referer": "http://127.0.0.1:8000/admin/menus/menu/",
    "Accept-Encoding": "gzip, deflate, br, zstd",
    "Accept-Language": "en-US,en;q=0.9",
    "Cookie": "csrftoken=uKQJBU73rvbu8GSXQ2wEBjLfi7FXV5DW; sessionid=vfggt76p119gewsk4m28datc6je0e4pp",
    "If-Modified-Since": "Tue, 26 Nov 2024 09:53:39 GMT"
  }
}
INFO 2024-11-26 09:55:55,736 logging_middleware 22857 6132002816 Response: {
  "type": "response",
  "status_code": 304,
  "content": "<undecodable content>",
  "duration": "0.00s",
  "headers": {}
}
INFO 2024-11-26 09:55:55,737 basehttp 22857 6132002816 "GET /media/PDF-Menus-For-Restaurants_1_fdtPQVJ.png HTTP/1.1" 304 0
INFO 2024-11-26 09:57:05,953 logging_middleware 22857 6132002816 Request: {
  "type": "request",
  "method": "GET",
  "path": "/admin/menus/restaurant/",
  "user": "test1",
  "GET_params": {},
  "POST_params": {},
  "body": null,
  "headers": {
    "Content-Length": "",
    "Content-Type": "text/plain",
    "Host": "127.0.0.1:8000",
    "Connection": "keep-alive",
    "Sec-Ch-Ua": "\"Google Chrome\";v=\"131\", \"Chromium\";v=\"131\", \"Not_A Brand\";v=\"24\"",
    "Sec-Ch-Ua-Mobile": "?0",
    "Sec-Ch-Ua-Platform": "\"macOS\"",
    "Dnt": "1",
    "Upgrade-Insecure-Requests": "1",
    "User-Agent": "Mozilla/5.0 (Macintosh; Intel Mac OS X 10_15_7) AppleWebKit/537.36 (KHTML, like Gecko) Chrome/131.0.0.0 Safari/537.36",
    "Accept": "text/html,application/xhtml+xml,application/xml;q=0.9,image/avif,image/webp,image/apng,*/*;q=0.8,application/signed-exchange;v=b3;q=0.7",
    "Sec-Fetch-Site": "same-origin",
    "Sec-Fetch-Mode": "navigate",
    "Sec-Fetch-User": "?1",
    "Sec-Fetch-Dest": "document",
    "Referer": "http://127.0.0.1:8000/admin/menus/menu/",
    "Accept-Encoding": "gzip, deflate, br, zstd",
    "Accept-Language": "en-US,en;q=0.9",
    "Cookie": "csrftoken=uKQJBU73rvbu8GSXQ2wEBjLfi7FXV5DW; sessionid=vfggt76p119gewsk4m28datc6je0e4pp"
  }
}
INFO 2024-11-26 09:57:05,979 logging_middleware 22857 6132002816 Response: {
  "type": "response",
  "status_code": 200,
  "content": "<undecodable content>",
  "duration": "0.04s",
  "headers": {
    "Content-Type": "text/html; charset=utf-8",
    "Expires": "Tue, 26 Nov 2024 09:57:05 GMT",
    "Cache-Control": "max-age=0, no-cache, no-store, must-revalidate, private",
    "Vary": "Cookie"
  }
}
INFO 2024-11-26 09:57:05,979 basehttp 22857 6132002816 "GET /admin/menus/restaurant/ HTTP/1.1" 200 18547
INFO 2024-11-26 09:57:06,004 logging_middleware 22857 6132002816 Request: {
  "type": "request",
  "method": "GET",
  "path": "/admin/jsi18n/",
  "user": "test1",
  "GET_params": {},
  "POST_params": {},
  "body": null,
  "headers": {
    "Content-Length": "",
    "Content-Type": "text/plain",
    "Host": "127.0.0.1:8000",
    "Connection": "keep-alive",
    "Sec-Ch-Ua-Platform": "\"macOS\"",
    "User-Agent": "Mozilla/5.0 (Macintosh; Intel Mac OS X 10_15_7) AppleWebKit/537.36 (KHTML, like Gecko) Chrome/131.0.0.0 Safari/537.36",
    "Sec-Ch-Ua": "\"Google Chrome\";v=\"131\", \"Chromium\";v=\"131\", \"Not_A Brand\";v=\"24\"",
    "Dnt": "1",
    "Sec-Ch-Ua-Mobile": "?0",
    "Accept": "*/*",
    "Sec-Fetch-Site": "same-origin",
    "Sec-Fetch-Mode": "no-cors",
    "Sec-Fetch-Dest": "script",
    "Referer": "http://127.0.0.1:8000/admin/menus/restaurant/",
    "Accept-Encoding": "gzip, deflate, br, zstd",
    "Accept-Language": "en-US,en;q=0.9",
    "Cookie": "csrftoken=uKQJBU73rvbu8GSXQ2wEBjLfi7FXV5DW; sessionid=vfggt76p119gewsk4m28datc6je0e4pp"
  }
}
INFO 2024-11-26 09:57:06,005 logging_middleware 22857 6132002816 Response: {
  "type": "response",
  "status_code": 200,
  "content": "<undecodable content>",
  "duration": "0.00s",
  "headers": {
    "Content-Type": "text/javascript; charset=\"utf-8\""
  }
}
INFO 2024-11-26 09:57:06,005 basehttp 22857 6132002816 "GET /admin/jsi18n/ HTTP/1.1" 200 3342
INFO 2024-11-26 09:57:10,899 logging_middleware 22857 6132002816 Request: {
  "type": "request",
  "method": "GET",
  "path": "/admin/menus/menusection/",
  "user": "test1",
  "GET_params": {},
  "POST_params": {},
  "body": null,
  "headers": {
    "Content-Length": "",
    "Content-Type": "text/plain",
    "Host": "127.0.0.1:8000",
    "Connection": "keep-alive",
    "Sec-Ch-Ua": "\"Google Chrome\";v=\"131\", \"Chromium\";v=\"131\", \"Not_A Brand\";v=\"24\"",
    "Sec-Ch-Ua-Mobile": "?0",
    "Sec-Ch-Ua-Platform": "\"macOS\"",
    "Dnt": "1",
    "Upgrade-Insecure-Requests": "1",
    "User-Agent": "Mozilla/5.0 (Macintosh; Intel Mac OS X 10_15_7) AppleWebKit/537.36 (KHTML, like Gecko) Chrome/131.0.0.0 Safari/537.36",
    "Accept": "text/html,application/xhtml+xml,application/xml;q=0.9,image/avif,image/webp,image/apng,*/*;q=0.8,application/signed-exchange;v=b3;q=0.7",
    "Sec-Fetch-Site": "same-origin",
    "Sec-Fetch-Mode": "navigate",
    "Sec-Fetch-User": "?1",
    "Sec-Fetch-Dest": "document",
    "Referer": "http://127.0.0.1:8000/admin/menus/restaurant/",
    "Accept-Encoding": "gzip, deflate, br, zstd",
    "Accept-Language": "en-US,en;q=0.9",
    "Cookie": "csrftoken=uKQJBU73rvbu8GSXQ2wEBjLfi7FXV5DW; sessionid=vfggt76p119gewsk4m28datc6je0e4pp"
  }
}
INFO 2024-11-26 09:57:11,004 logging_middleware 22857 6132002816 Response: {
  "type": "response",
  "status_code": 200,
  "content": "<undecodable content>",
  "duration": "0.11s",
  "headers": {
    "Content-Type": "text/html; charset=utf-8",
    "Expires": "Tue, 26 Nov 2024 09:57:10 GMT",
    "Cache-Control": "max-age=0, no-cache, no-store, must-revalidate, private",
    "Vary": "Cookie"
  }
}
INFO 2024-11-26 09:57:11,004 basehttp 22857 6132002816 "GET /admin/menus/menusection/ HTTP/1.1" 200 36943
INFO 2024-11-26 09:57:11,031 logging_middleware 22857 6132002816 Request: {
  "type": "request",
  "method": "GET",
  "path": "/admin/jsi18n/",
  "user": "test1",
  "GET_params": {},
  "POST_params": {},
  "body": null,
  "headers": {
    "Content-Length": "",
    "Content-Type": "text/plain",
    "Host": "127.0.0.1:8000",
    "Connection": "keep-alive",
    "Sec-Ch-Ua-Platform": "\"macOS\"",
    "User-Agent": "Mozilla/5.0 (Macintosh; Intel Mac OS X 10_15_7) AppleWebKit/537.36 (KHTML, like Gecko) Chrome/131.0.0.0 Safari/537.36",
    "Sec-Ch-Ua": "\"Google Chrome\";v=\"131\", \"Chromium\";v=\"131\", \"Not_A Brand\";v=\"24\"",
    "Dnt": "1",
    "Sec-Ch-Ua-Mobile": "?0",
    "Accept": "*/*",
    "Sec-Fetch-Site": "same-origin",
    "Sec-Fetch-Mode": "no-cors",
    "Sec-Fetch-Dest": "script",
    "Referer": "http://127.0.0.1:8000/admin/menus/menusection/",
    "Accept-Encoding": "gzip, deflate, br, zstd",
    "Accept-Language": "en-US,en;q=0.9",
    "Cookie": "csrftoken=uKQJBU73rvbu8GSXQ2wEBjLfi7FXV5DW; sessionid=vfggt76p119gewsk4m28datc6je0e4pp"
  }
}
INFO 2024-11-26 09:57:11,032 logging_middleware 22857 6132002816 Response: {
  "type": "response",
  "status_code": 200,
  "content": "<undecodable content>",
  "duration": "0.00s",
  "headers": {
    "Content-Type": "text/javascript; charset=\"utf-8\""
  }
}
INFO 2024-11-26 09:57:11,032 basehttp 22857 6132002816 "GET /admin/jsi18n/ HTTP/1.1" 200 3342
INFO 2024-11-26 10:09:06,369 autoreload 22857 7993774848 /Users/javierdominguezsegura/Programming/College/Sophomore/Databases/Final project/MMS/src/django_project/menus/models.py changed, reloading.
INFO 2024-11-26 10:09:07,347 autoreload 23165 7993774848 Watching for file changes with StatReloader
INFO 2024-11-26 10:09:08,627 autoreload 23165 7993774848 /Users/javierdominguezsegura/Programming/College/Sophomore/Databases/Final project/MMS/src/django_project/menus/models.py changed, reloading.
INFO 2024-11-26 10:09:09,300 autoreload 23176 7993774848 Watching for file changes with StatReloader
INFO 2024-11-26 10:09:13,626 autoreload 23176 7993774848 /Users/javierdominguezsegura/Programming/College/Sophomore/Databases/Final project/MMS/src/django_project/menus/models.py changed, reloading.
INFO 2024-11-26 10:09:14,275 autoreload 23198 7993774848 Watching for file changes with StatReloader
INFO 2024-11-26 10:10:25,542 autoreload 23198 7993774848 /Users/javierdominguezsegura/Programming/College/Sophomore/Databases/Final project/MMS/src/django_project/menus/models.py changed, reloading.
INFO 2024-11-26 10:10:26,470 autoreload 23218 7993774848 Watching for file changes with StatReloader
INFO 2024-11-26 10:10:55,529 autoreload 23218 7993774848 /Users/javierdominguezsegura/Programming/College/Sophomore/Databases/Final project/MMS/src/django_project/menus/utils/insertion.py changed, reloading.
INFO 2024-11-26 10:10:56,499 autoreload 23252 7993774848 Watching for file changes with StatReloader
INFO 2024-11-26 10:10:57,767 autoreload 23252 7993774848 /Users/javierdominguezsegura/Programming/College/Sophomore/Databases/Final project/MMS/src/django_project/menus/utils/insertion.py changed, reloading.
INFO 2024-11-26 10:10:58,484 autoreload 23259 7993774848 Watching for file changes with StatReloader
INFO 2024-11-26 10:10:59,687 autoreload 23259 7993774848 /Users/javierdominguezsegura/Programming/College/Sophomore/Databases/Final project/MMS/src/django_project/menus/utils/insertion.py changed, reloading.
INFO 2024-11-26 10:11:00,361 autoreload 23268 7993774848 Watching for file changes with StatReloader
INFO 2024-11-26 10:11:03,633 autoreload 23268 7993774848 /Users/javierdominguezsegura/Programming/College/Sophomore/Databases/Final project/MMS/src/django_project/menus/utils/insertion.py changed, reloading.
INFO 2024-11-26 10:11:04,266 autoreload 23272 7993774848 Watching for file changes with StatReloader
INFO 2024-11-26 10:11:05,479 autoreload 23272 7993774848 /Users/javierdominguezsegura/Programming/College/Sophomore/Databases/Final project/MMS/src/django_project/menus/utils/insertion.py changed, reloading.
INFO 2024-11-26 10:11:06,140 autoreload 23283 7993774848 Watching for file changes with StatReloader
INFO 2024-11-26 10:11:12,440 autoreload 23283 7993774848 /Users/javierdominguezsegura/Programming/College/Sophomore/Databases/Final project/MMS/src/django_project/menus/utils/insertion.py changed, reloading.
INFO 2024-11-26 10:11:13,171 autoreload 23300 7993774848 Watching for file changes with StatReloader
INFO 2024-11-26 10:11:14,459 autoreload 23300 7993774848 /Users/javierdominguezsegura/Programming/College/Sophomore/Databases/Final project/MMS/src/django_project/menus/utils/insertion.py changed, reloading.
INFO 2024-11-26 10:11:15,239 autoreload 23301 7993774848 Watching for file changes with StatReloader
INFO 2024-11-26 10:11:17,570 autoreload 23301 7993774848 /Users/javierdominguezsegura/Programming/College/Sophomore/Databases/Final project/MMS/src/django_project/menus/utils/insertion.py changed, reloading.
INFO 2024-11-26 10:11:18,276 autoreload 23314 7993774848 Watching for file changes with StatReloader
INFO 2024-11-26 10:11:25,673 autoreload 23314 7993774848 /Users/javierdominguezsegura/Programming/College/Sophomore/Databases/Final project/MMS/src/django_project/menus/utils/insertion.py changed, reloading.
INFO 2024-11-26 10:11:26,352 autoreload 23324 7993774848 Watching for file changes with StatReloader
INFO 2024-11-26 10:11:28,621 autoreload 23324 7993774848 /Users/javierdominguezsegura/Programming/College/Sophomore/Databases/Final project/MMS/src/django_project/menus/utils/insertion.py changed, reloading.
INFO 2024-11-26 10:11:29,301 autoreload 23338 7993774848 Watching for file changes with StatReloader
INFO 2024-11-26 10:11:31,622 autoreload 23338 7993774848 /Users/javierdominguezsegura/Programming/College/Sophomore/Databases/Final project/MMS/src/django_project/menus/utils/insertion.py changed, reloading.
INFO 2024-11-26 10:11:32,325 autoreload 23344 7993774848 Watching for file changes with StatReloader
INFO 2024-11-26 10:11:36,647 autoreload 23344 7993774848 /Users/javierdominguezsegura/Programming/College/Sophomore/Databases/Final project/MMS/src/django_project/menus/utils/insertion.py changed, reloading.
INFO 2024-11-26 10:11:37,314 autoreload 23374 7993774848 Watching for file changes with StatReloader
INFO 2024-11-26 10:11:44,665 autoreload 23374 7993774848 /Users/javierdominguezsegura/Programming/College/Sophomore/Databases/Final project/MMS/src/django_project/menus/utils/insertion.py changed, reloading.
INFO 2024-11-26 10:11:45,382 autoreload 23394 7993774848 Watching for file changes with StatReloader
INFO 2024-11-26 10:14:58,321 autoreload 23394 7993774848 /Users/javierdominguezsegura/Programming/College/Sophomore/Databases/Final project/MMS/src/django_project/menus/utils/insertion.py changed, reloading.
INFO 2024-11-26 10:14:59,373 autoreload 23505 7993774848 Watching for file changes with StatReloader
INFO 2024-11-26 10:15:00,740 autoreload 23505 7993774848 /Users/javierdominguezsegura/Programming/College/Sophomore/Databases/Final project/MMS/src/django_project/menus/utils/insertion.py changed, reloading.
INFO 2024-11-26 10:15:01,430 autoreload 23518 7993774848 Watching for file changes with StatReloader
INFO 2024-11-26 10:16:22,114 autoreload 23518 7993774848 /Users/javierdominguezsegura/Programming/College/Sophomore/Databases/Final project/MMS/src/django_project/menus/utils/insertion.py changed, reloading.
INFO 2024-11-26 10:16:23,077 autoreload 23544 7993774848 Watching for file changes with StatReloader
INFO 2024-11-26 10:16:24,345 autoreload 23544 7993774848 /Users/javierdominguezsegura/Programming/College/Sophomore/Databases/Final project/MMS/src/django_project/menus/utils/insertion.py changed, reloading.
INFO 2024-11-26 10:16:24,985 autoreload 23549 7993774848 Watching for file changes with StatReloader
INFO 2024-11-26 10:16:30,343 autoreload 23549 7993774848 /Users/javierdominguezsegura/Programming/College/Sophomore/Databases/Final project/MMS/src/django_project/menus/utils/insertion.py changed, reloading.
INFO 2024-11-26 10:16:31,057 autoreload 23563 7993774848 Watching for file changes with StatReloader
INFO 2024-11-26 10:16:33,323 autoreload 23563 7993774848 /Users/javierdominguezsegura/Programming/College/Sophomore/Databases/Final project/MMS/src/django_project/menus/utils/insertion.py changed, reloading.
INFO 2024-11-26 10:16:33,997 autoreload 23577 7993774848 Watching for file changes with StatReloader
INFO 2024-11-26 10:16:40,376 autoreload 23577 7993774848 /Users/javierdominguezsegura/Programming/College/Sophomore/Databases/Final project/MMS/src/django_project/menus/models.py changed, reloading.
INFO 2024-11-26 10:16:41,077 autoreload 23594 7993774848 Watching for file changes with StatReloader
INFO 2024-11-26 10:16:52,624 autoreload 23594 7993774848 /Users/javierdominguezsegura/Programming/College/Sophomore/Databases/Final project/MMS/src/django_project/menus/utils/insertion.py changed, reloading.
INFO 2024-11-26 10:16:53,508 autoreload 23616 7993774848 Watching for file changes with StatReloader
INFO 2024-11-26 10:16:59,962 autoreload 23616 7993774848 /Users/javierdominguezsegura/Programming/College/Sophomore/Databases/Final project/MMS/src/django_project/menus/utils/insertion.py changed, reloading.
INFO 2024-11-26 10:17:00,900 autoreload 23630 7993774848 Watching for file changes with StatReloader
INFO 2024-11-26 10:17:02,161 autoreload 23630 7993774848 /Users/javierdominguezsegura/Programming/College/Sophomore/Databases/Final project/MMS/src/django_project/menus/utils/insertion.py changed, reloading.
INFO 2024-11-26 10:17:02,854 autoreload 23635 7993774848 Watching for file changes with StatReloader
INFO 2024-11-26 10:17:05,140 autoreload 23635 7993774848 /Users/javierdominguezsegura/Programming/College/Sophomore/Databases/Final project/MMS/src/django_project/menus/utils/insertion.py changed, reloading.
INFO 2024-11-26 10:17:05,800 autoreload 23647 7993774848 Watching for file changes with StatReloader
INFO 2024-11-26 10:17:07,096 autoreload 23647 7993774848 /Users/javierdominguezsegura/Programming/College/Sophomore/Databases/Final project/MMS/src/django_project/menus/utils/insertion.py changed, reloading.
INFO 2024-11-26 10:17:07,785 autoreload 23651 7993774848 Watching for file changes with StatReloader
INFO 2024-11-26 10:17:13,161 autoreload 23651 7993774848 /Users/javierdominguezsegura/Programming/College/Sophomore/Databases/Final project/MMS/src/django_project/menus/utils/insertion.py changed, reloading.
INFO 2024-11-26 10:17:13,868 autoreload 23665 7993774848 Watching for file changes with StatReloader
INFO 2024-11-26 10:17:16,148 autoreload 23665 7993774848 /Users/javierdominguezsegura/Programming/College/Sophomore/Databases/Final project/MMS/src/django_project/menus/utils/insertion.py changed, reloading.
INFO 2024-11-26 10:17:16,859 autoreload 23678 7993774848 Watching for file changes with StatReloader
INFO 2024-11-26 10:17:18,116 autoreload 23678 7993774848 /Users/javierdominguezsegura/Programming/College/Sophomore/Databases/Final project/MMS/src/django_project/menus/utils/insertion.py changed, reloading.
INFO 2024-11-26 10:17:18,773 autoreload 23680 7993774848 Watching for file changes with StatReloader
INFO 2024-11-26 10:18:07,412 autoreload 23680 7993774848 /Users/javierdominguezsegura/Programming/College/Sophomore/Databases/Final project/MMS/src/django_project/menus/utils/insertion.py changed, reloading.
INFO 2024-11-26 10:18:08,353 autoreload 23729 7993774848 Watching for file changes with StatReloader
INFO 2024-11-26 10:18:11,673 autoreload 23729 7993774848 /Users/javierdominguezsegura/Programming/College/Sophomore/Databases/Final project/MMS/src/django_project/menus/utils/insertion.py changed, reloading.
INFO 2024-11-26 10:18:12,386 autoreload 23743 7993774848 Watching for file changes with StatReloader
INFO 2024-11-26 10:18:14,606 autoreload 23743 7993774848 /Users/javierdominguezsegura/Programming/College/Sophomore/Databases/Final project/MMS/src/django_project/menus/utils/insertion.py changed, reloading.
INFO 2024-11-26 10:18:15,284 autoreload 23760 7993774848 Watching for file changes with StatReloader
INFO 2024-11-26 10:18:24,738 autoreload 23760 7993774848 /Users/javierdominguezsegura/Programming/College/Sophomore/Databases/Final project/MMS/src/django_project/menus/utils/insertion.py changed, reloading.
INFO 2024-11-26 10:18:25,626 autoreload 23775 7993774848 Watching for file changes with StatReloader
INFO 2024-11-26 10:18:56,842 autoreload 23775 7993774848 /Users/javierdominguezsegura/Programming/College/Sophomore/Databases/Final project/MMS/src/django_project/menus/utils/insertion.py changed, reloading.
INFO 2024-11-26 10:18:57,829 autoreload 23803 7993774848 Watching for file changes with StatReloader
INFO 2024-11-26 10:19:03,266 autoreload 23803 7993774848 /Users/javierdominguezsegura/Programming/College/Sophomore/Databases/Final project/MMS/src/django_project/menus/utils/insertion.py changed, reloading.
INFO 2024-11-26 10:19:04,146 autoreload 23820 7993774848 Watching for file changes with StatReloader
INFO 2024-11-26 10:19:08,486 autoreload 23820 7993774848 /Users/javierdominguezsegura/Programming/College/Sophomore/Databases/Final project/MMS/src/django_project/menus/utils/insertion.py changed, reloading.
INFO 2024-11-26 10:19:09,190 autoreload 23837 7993774848 Watching for file changes with StatReloader
INFO 2024-11-26 10:19:10,439 autoreload 23837 7993774848 /Users/javierdominguezsegura/Programming/College/Sophomore/Databases/Final project/MMS/src/django_project/menus/utils/insertion.py changed, reloading.
INFO 2024-11-26 10:19:11,140 autoreload 23842 7993774848 Watching for file changes with StatReloader
INFO 2024-11-26 10:19:14,437 autoreload 23842 7993774848 /Users/javierdominguezsegura/Programming/College/Sophomore/Databases/Final project/MMS/src/django_project/menus/utils/insertion.py changed, reloading.
INFO 2024-11-26 10:19:15,130 autoreload 23858 7993774848 Watching for file changes with StatReloader
INFO 2024-11-26 10:19:51,310 autoreload 23858 7993774848 /Users/javierdominguezsegura/Programming/College/Sophomore/Databases/Final project/MMS/src/django_project/menus/utils/insertion.py changed, reloading.
INFO 2024-11-26 10:19:52,262 autoreload 23904 7993774848 Watching for file changes with StatReloader
INFO 2024-12-02 16:38:14,625 autoreload 6605 8088310528 Watching for file changes with StatReloader
INFO 2024-12-02 16:41:42,319 autoreload 7337 8088310528 Watching for file changes with StatReloader
INFO 2024-12-02 16:42:16,502 autoreload 6605 8088310528 /Users/javierdominguezsegura/Programming/College/Sophomore/Databases/MMS/src/django_project/django_project/settings.py changed, reloading.
INFO 2024-12-02 16:42:16,820 autoreload 7337 8088310528 /Users/javierdominguezsegura/Programming/College/Sophomore/Databases/MMS/src/django_project/django_project/settings.py changed, reloading.
INFO 2024-12-02 16:42:16,891 autoreload 7381 8088310528 Watching for file changes with StatReloader
INFO 2024-12-02 16:42:18,553 autoreload 7382 8088310528 Watching for file changes with StatReloader
INFO 2024-12-02 16:43:44,199 autoreload 7626 8088310528 Watching for file changes with StatReloader
INFO 2024-12-02 16:44:03,843 autoreload 7626 8088310528 /Users/javierdominguezsegura/Programming/College/Sophomore/Databases/MMS/src/django_project/menus/urls.py changed, reloading.
INFO 2024-12-02 16:44:04,669 autoreload 7645 8088310528 Watching for file changes with StatReloader
INFO 2024-12-02 16:44:07,869 autoreload 7645 8088310528 /Users/javierdominguezsegura/Programming/College/Sophomore/Databases/MMS/src/django_project/menus/urls.py changed, reloading.
INFO 2024-12-02 16:44:08,492 autoreload 7661 8088310528 Watching for file changes with StatReloader
INFO 2024-12-02 16:44:11,688 autoreload 7661 8088310528 /Users/javierdominguezsegura/Programming/College/Sophomore/Databases/MMS/src/django_project/menus/urls.py changed, reloading.
INFO 2024-12-02 16:44:12,435 autoreload 7676 8088310528 Watching for file changes with StatReloader
INFO 2024-12-02 16:44:13,611 autoreload 7676 8088310528 /Users/javierdominguezsegura/Programming/College/Sophomore/Databases/MMS/src/django_project/menus/urls.py changed, reloading.
INFO 2024-12-02 16:44:14,232 autoreload 7680 8088310528 Watching for file changes with StatReloader
INFO 2024-12-02 16:44:19,466 autoreload 7680 8088310528 /Users/javierdominguezsegura/Programming/College/Sophomore/Databases/MMS/src/django_project/menus/urls.py changed, reloading.
INFO 2024-12-02 16:44:20,096 autoreload 7695 8088310528 Watching for file changes with StatReloader
INFO 2024-12-02 16:44:21,233 autoreload 7695 8088310528 /Users/javierdominguezsegura/Programming/College/Sophomore/Databases/MMS/src/django_project/menus/urls.py changed, reloading.
INFO 2024-12-02 16:44:21,860 autoreload 7700 8088310528 Watching for file changes with StatReloader
INFO 2024-12-02 16:44:28,109 autoreload 7700 8088310528 /Users/javierdominguezsegura/Programming/College/Sophomore/Databases/MMS/src/django_project/menus/urls.py changed, reloading.
INFO 2024-12-02 16:44:28,755 autoreload 7712 8088310528 Watching for file changes with StatReloader
INFO 2024-12-02 16:44:31,975 autoreload 7712 8088310528 /Users/javierdominguezsegura/Programming/College/Sophomore/Databases/MMS/src/django_project/menus/urls.py changed, reloading.
INFO 2024-12-02 16:44:32,592 autoreload 7724 8088310528 Watching for file changes with StatReloader
INFO 2024-12-02 16:44:37,845 autoreload 7724 8088310528 /Users/javierdominguezsegura/Programming/College/Sophomore/Databases/MMS/src/django_project/menus/urls.py changed, reloading.
INFO 2024-12-02 16:44:38,487 autoreload 7736 8088310528 Watching for file changes with StatReloader
INFO 2024-12-02 16:44:40,642 autoreload 7736 8088310528 /Users/javierdominguezsegura/Programming/College/Sophomore/Databases/MMS/src/django_project/menus/urls.py changed, reloading.
INFO 2024-12-02 16:44:41,318 autoreload 7750 8088310528 Watching for file changes with StatReloader
INFO 2024-12-02 16:44:43,468 autoreload 7750 8088310528 /Users/javierdominguezsegura/Programming/College/Sophomore/Databases/MMS/src/django_project/menus/urls.py changed, reloading.
INFO 2024-12-02 16:44:44,103 autoreload 7757 8088310528 Watching for file changes with StatReloader
INFO 2024-12-02 16:44:45,233 autoreload 7757 8088310528 /Users/javierdominguezsegura/Programming/College/Sophomore/Databases/MMS/src/django_project/menus/urls.py changed, reloading.
INFO 2024-12-02 16:44:45,914 autoreload 7772 8088310528 Watching for file changes with StatReloader
INFO 2024-12-02 16:44:53,210 autoreload 7772 8088310528 /Users/javierdominguezsegura/Programming/College/Sophomore/Databases/MMS/src/django_project/menus/urls.py changed, reloading.
INFO 2024-12-02 16:44:53,847 autoreload 7786 8088310528 Watching for file changes with StatReloader
INFO 2024-12-02 16:45:27,806 autoreload 7786 8088310528 /Users/javierdominguezsegura/Programming/College/Sophomore/Databases/MMS/src/django_project/menus/urls.py changed, reloading.
INFO 2024-12-02 16:45:28,753 autoreload 7863 8088310528 Watching for file changes with StatReloader
INFO 2024-12-02 16:46:33,648 autoreload 7970 8088310528 Watching for file changes with StatReloader
INFO 2024-12-02 16:48:27,079 autoreload 8153 8088310528 Watching for file changes with StatReloader
INFO 2024-12-02 16:48:57,317 autoreload 8224 8088310528 Watching for file changes with StatReloader
INFO 2024-12-02 16:49:25,326 autoreload 8224 8088310528 /Users/javierdominguezsegura/Programming/College/Sophomore/Databases/MMS/src/django_project/menus/urls.py changed, reloading.
INFO 2024-12-02 16:49:26,158 autoreload 8328 8088310528 Watching for file changes with StatReloader
INFO 2024-12-02 16:56:25,196 autoreload 9119 8088310528 Watching for file changes with StatReloader
INFO 2024-12-02 16:56:33,944 autoreload 9172 8088310528 Watching for file changes with StatReloader
ERROR 2024-12-02 16:58:00,461 basehttp 9172 6159200256 "GET /api/menus/ HTTP/1.1" 500 59
INFO 2024-12-02 16:59:49,865 autoreload 9172 8088310528 /Users/javierdominguezsegura/Programming/College/Sophomore/Databases/MMS/src/django_project/menus/urls.py changed, reloading.
INFO 2024-12-02 16:59:50,805 autoreload 9677 8088310528 Watching for file changes with StatReloader
ERROR 2024-12-02 17:00:45,929 basehttp 9677 6133526528 "GET /api/restaurants/ HTTP/1.1" 500 59
INFO 2024-12-02 17:01:37,268 autoreload 9677 8088310528 /Users/javierdominguezsegura/Programming/College/Sophomore/Databases/MMS/src/django_project/django_project/settings.py changed, reloading.
INFO 2024-12-02 17:01:38,187 autoreload 9811 8088310528 Watching for file changes with StatReloader
INFO 2024-12-02 17:01:40,515 autoreload 9811 8088310528 /Users/javierdominguezsegura/Programming/College/Sophomore/Databases/MMS/src/django_project/django_project/settings.py changed, reloading.
INFO 2024-12-02 17:01:41,192 autoreload 9822 8088310528 Watching for file changes with StatReloader
INFO 2024-12-02 17:01:42,461 autoreload 9822 8088310528 /Users/javierdominguezsegura/Programming/College/Sophomore/Databases/MMS/src/django_project/django_project/settings.py changed, reloading.
INFO 2024-12-02 17:01:43,133 autoreload 9824 8088310528 Watching for file changes with StatReloader
INFO 2024-12-02 17:02:09,004 autoreload 9824 8088310528 /Users/javierdominguezsegura/Programming/College/Sophomore/Databases/MMS/src/django_project/django_project/settings.py changed, reloading.
INFO 2024-12-02 17:02:09,904 autoreload 9840 8088310528 Watching for file changes with StatReloader
INFO 2024-12-02 17:04:15,390 autoreload 10058 8088310528 Watching for file changes with StatReloader
INFO 2024-12-02 17:04:24,465 logging_middleware 10058 6167605248 Request: {
  "type": "request",
  "method": "GET",
  "path": "/api/restaurants/",
  "user": "AnonymousUser",
  "GET_params": {},
  "POST_params": {},
  "body": null,
  "headers": {
    "Content-Length": "",
    "Content-Type": "text/plain",
    "Host": "localhost:8000",
    "User-Agent": "python-requests/2.32.3",
    "Accept-Encoding": "gzip, deflate",
    "Accept": "*/*",
    "Connection": "keep-alive"
  }
}
INFO 2024-12-02 17:04:24,483 logging_middleware 10058 6167605248 Response: {
  "type": "response",
  "status_code": 200,
  "content": "<binary data>",
  "duration": "0.02s",
  "headers": {
    "Content-Type": "application/json",
    "Vary": "Accept",
    "Allow": "GET, POST, HEAD, OPTIONS"
  }
}
INFO 2024-12-02 17:04:24,483 basehttp 10058 6167605248 "GET /api/restaurants/ HTTP/1.1" 200 1506
