INFO 2024-12-03 08:35:15,504 autoreload 20778 8088310528 Watching for file changes with StatReloader
WARNING 2024-12-03 08:35:17,141 base 20778 6201880576 Session data corrupted
INFO 2024-12-03 08:35:17,142 logging_middleware 20778 6201880576 Request: {
  "type": "request",
  "method": "GET",
  "path": "/admin/",
  "user": "AnonymousUser",
  "GET_params": {},
  "POST_params": {},
  "body": null,
  "headers": {
    "Content-Length": "",
    "Content-Type": "text/plain",
    "Host": "127.0.0.1:8000",
    "Connection": "keep-alive",
    "Dnt": "1",
    "Upgrade-Insecure-Requests": "1",
    "User-Agent": "Mozilla/5.0 (Macintosh; Intel Mac OS X 10_15_7) AppleWebKit/537.36 (KHTML, like Gecko) Chrome/131.0.0.0 Safari/537.36",
    "Accept": "text/html,application/xhtml+xml,application/xml;q=0.9,image/avif,image/webp,image/apng,*/*;q=0.8,application/signed-exchange;v=b3;q=0.7",
    "Sec-Fetch-Site": "none",
    "Sec-Fetch-Mode": "navigate",
    "Sec-Fetch-User": "?1",
    "Sec-Fetch-Dest": "document",
    "Sec-Ch-Ua": "\"Google Chrome\";v=\"131\", \"Chromium\";v=\"131\", \"Not_A Brand\";v=\"24\"",
    "Sec-Ch-Ua-Mobile": "?0",
    "Sec-Ch-Ua-Platform": "\"macOS\"",
    "Accept-Encoding": "gzip, deflate, br, zstd",
    "Accept-Language": "en-US,en;q=0.9",
    "Cookie": "csrftoken=eJin1TqrMyEB7ApPVq6fnBT9KL0yGYIH; sessionid=cczm49rw4ubqpkmgrma2vpd5dwfw1121"
  }
}
INFO 2024-12-03 08:35:17,169 logging_middleware 20778 6201880576 Response: {
  "type": "response",
  "status_code": 302,
  "content": "<undecodable content>",
  "duration": "0.04s",
  "headers": {
    "Content-Type": "text/html; charset=utf-8",
    "Location": "/admin/login/?next=/admin/",
    "Expires": "Tue, 03 Dec 2024 08:35:17 GMT",
    "Cache-Control": "max-age=0, no-cache, no-store, must-revalidate, private"
  }
}
INFO 2024-12-03 08:35:17,171 basehttp 20778 6201880576 "GET /admin/ HTTP/1.1" 302 0
WARNING 2024-12-03 08:35:17,174 base 20778 6201880576 Session data corrupted
INFO 2024-12-03 08:35:17,175 logging_middleware 20778 6201880576 Request: {
  "type": "request",
  "method": "GET",
  "path": "/admin/login/",
  "user": "AnonymousUser",
  "GET_params": {
    "next": [
      "/admin/"
    ]
  },
  "POST_params": {},
  "body": null,
  "headers": {
    "Content-Length": "",
    "Content-Type": "text/plain",
    "Host": "127.0.0.1:8000",
    "Connection": "keep-alive",
    "Dnt": "1",
    "Upgrade-Insecure-Requests": "1",
    "User-Agent": "Mozilla/5.0 (Macintosh; Intel Mac OS X 10_15_7) AppleWebKit/537.36 (KHTML, like Gecko) Chrome/131.0.0.0 Safari/537.36",
    "Accept": "text/html,application/xhtml+xml,application/xml;q=0.9,image/avif,image/webp,image/apng,*/*;q=0.8,application/signed-exchange;v=b3;q=0.7",
    "Sec-Fetch-Site": "none",
    "Sec-Fetch-Mode": "navigate",
    "Sec-Fetch-User": "?1",
    "Sec-Fetch-Dest": "document",
    "Sec-Ch-Ua": "\"Google Chrome\";v=\"131\", \"Chromium\";v=\"131\", \"Not_A Brand\";v=\"24\"",
    "Sec-Ch-Ua-Mobile": "?0",
    "Sec-Ch-Ua-Platform": "\"macOS\"",
    "Accept-Encoding": "gzip, deflate, br, zstd",
    "Accept-Language": "en-US,en;q=0.9",
    "Cookie": "csrftoken=eJin1TqrMyEB7ApPVq6fnBT9KL0yGYIH; sessionid=cczm49rw4ubqpkmgrma2vpd5dwfw1121"
  }
}
INFO 2024-12-03 08:35:17,205 logging_middleware 20778 6201880576 Response: {
  "type": "response",
  "status_code": 200,
  "content": "<undecodable content>",
  "duration": "0.03s",
  "headers": {
    "Content-Type": "text/html; charset=utf-8",
    "Expires": "Tue, 03 Dec 2024 08:35:17 GMT",
    "Cache-Control": "max-age=0, no-cache, no-store, must-revalidate, private",
    "Vary": "Cookie"
  }
}
INFO 2024-12-03 08:35:17,205 basehttp 20778 6201880576 "GET /admin/login/?next=/admin/ HTTP/1.1" 200 4160
INFO 2024-12-03 08:35:17,229 basehttp 20778 6218706944 "GET /static/admin/css/base.css HTTP/1.1" 304 0
INFO 2024-12-03 08:35:17,230 basehttp 20778 6201880576 "GET /static/admin/css/responsive.css HTTP/1.1" 304 0
INFO 2024-12-03 08:35:17,232 basehttp 20778 6252359680 "GET /static/admin/css/dark_mode.css HTTP/1.1" 304 0
INFO 2024-12-03 08:35:17,233 basehttp 20778 6235533312 "GET /static/admin/css/login.css HTTP/1.1" 304 0
INFO 2024-12-03 08:35:17,234 basehttp 20778 6269186048 "GET /static/admin/css/nav_sidebar.css HTTP/1.1" 304 0
INFO 2024-12-03 08:35:17,235 basehttp 20778 6286012416 "GET /static/admin/js/theme.js HTTP/1.1" 304 0
INFO 2024-12-03 08:35:17,238 basehttp 20778 6286012416 "GET /static/admin/js/nav_sidebar.js HTTP/1.1" 304 0
WARNING 2024-12-03 08:35:17,348 base 20778 6286012416 Session data corrupted
INFO 2024-12-03 08:35:17,348 logging_middleware 20778 6286012416 Request: {
  "type": "request",
  "method": "GET",
  "path": "/favicon.ico",
  "user": "AnonymousUser",
  "GET_params": {},
  "POST_params": {},
  "body": null,
  "headers": {
    "Content-Length": "",
    "Content-Type": "text/plain",
    "Host": "127.0.0.1:8000",
    "Connection": "keep-alive",
    "Sec-Ch-Ua-Platform": "\"macOS\"",
    "User-Agent": "Mozilla/5.0 (Macintosh; Intel Mac OS X 10_15_7) AppleWebKit/537.36 (KHTML, like Gecko) Chrome/131.0.0.0 Safari/537.36",
    "Sec-Ch-Ua": "\"Google Chrome\";v=\"131\", \"Chromium\";v=\"131\", \"Not_A Brand\";v=\"24\"",
    "Dnt": "1",
    "Sec-Ch-Ua-Mobile": "?0",
    "Accept": "image/avif,image/webp,image/apng,image/svg+xml,image/*,*/*;q=0.8",
    "Sec-Fetch-Site": "same-origin",
    "Sec-Fetch-Mode": "no-cors",
    "Sec-Fetch-Dest": "image",
    "Referer": "http://127.0.0.1:8000/admin/login/?next=/admin/",
    "Accept-Encoding": "gzip, deflate, br, zstd",
    "Accept-Language": "en-US,en;q=0.9",
    "Cookie": "csrftoken=eJin1TqrMyEB7ApPVq6fnBT9KL0yGYIH; sessionid=cczm49rw4ubqpkmgrma2vpd5dwfw1121"
  }
}
INFO 2024-12-03 08:35:17,351 logging_middleware 20778 6286012416 Response: {
  "type": "response",
  "status_code": 404,
  "content": "<undecodable content>",
  "duration": "0.01s",
  "headers": {
    "Content-Type": "text/html; charset=utf-8"
  }
}
WARNING 2024-12-03 08:35:17,351 log 20778 6286012416 Not Found: /favicon.ico
WARNING 2024-12-03 08:35:17,352 basehttp 20778 6286012416 "GET /favicon.ico HTTP/1.1" 404 2675
WARNING 2024-12-03 08:35:21,379 base 20778 6286012416 Session data corrupted
INFO 2024-12-03 08:35:21,380 logging_middleware 20778 6286012416 Request: {
  "type": "request",
  "method": "POST",
  "path": "/admin/login/",
  "user": "AnonymousUser",
  "GET_params": {
    "next": [
      "/admin/"
    ]
  },
  "POST_params": {
    "csrfmiddlewaretoken": [
      "yIK3p71RFTeiIrVoIT8wKQ289RHM3whRChSggQh8hhIJFRa3t94BXhL7JsxazkPo"
    ],
    "username": [
      "test1"
    ],
    "password": [
      "test1"
    ],
    "next": [
      "/admin/"
    ]
  },
  "body": "<binary data>",
  "headers": {
    "Content-Length": "131",
    "Content-Type": "application/x-www-form-urlencoded",
    "Host": "127.0.0.1:8000",
    "Connection": "keep-alive",
    "Cache-Control": "max-age=0",
    "Sec-Ch-Ua": "\"Google Chrome\";v=\"131\", \"Chromium\";v=\"131\", \"Not_A Brand\";v=\"24\"",
    "Sec-Ch-Ua-Mobile": "?0",
    "Sec-Ch-Ua-Platform": "\"macOS\"",
    "Origin": "http://127.0.0.1:8000",
    "Dnt": "1",
    "Upgrade-Insecure-Requests": "1",
    "User-Agent": "Mozilla/5.0 (Macintosh; Intel Mac OS X 10_15_7) AppleWebKit/537.36 (KHTML, like Gecko) Chrome/131.0.0.0 Safari/537.36",
    "Accept": "text/html,application/xhtml+xml,application/xml;q=0.9,image/avif,image/webp,image/apng,*/*;q=0.8,application/signed-exchange;v=b3;q=0.7",
    "Sec-Fetch-Site": "same-origin",
    "Sec-Fetch-Mode": "navigate",
    "Sec-Fetch-User": "?1",
    "Sec-Fetch-Dest": "document",
    "Referer": "http://127.0.0.1:8000/admin/login/?next=/admin/",
    "Accept-Encoding": "gzip, deflate, br, zstd",
    "Accept-Language": "en-US,en;q=0.9",
    "Cookie": "csrftoken=eJin1TqrMyEB7ApPVq6fnBT9KL0yGYIH; sessionid=cczm49rw4ubqpkmgrma2vpd5dwfw1121"
  }
}
INFO 2024-12-03 08:35:21,765 logging_middleware 20778 6286012416 Response: {
  "type": "response",
  "status_code": 302,
  "content": "<undecodable content>",
  "duration": "0.39s",
  "headers": {
    "Content-Type": "text/html; charset=utf-8",
    "Location": "/admin/",
    "Expires": "Tue, 03 Dec 2024 08:35:21 GMT",
    "Cache-Control": "max-age=0, no-cache, no-store, must-revalidate, private",
    "Vary": "Cookie"
  }
}
INFO 2024-12-03 08:35:21,767 basehttp 20778 6286012416 "POST /admin/login/?next=/admin/ HTTP/1.1" 302 0
INFO 2024-12-03 08:35:21,773 logging_middleware 20778 6286012416 Request: {
  "type": "request",
  "method": "GET",
  "path": "/admin/",
  "user": "test1",
  "GET_params": {},
  "POST_params": {},
  "body": null,
  "headers": {
    "Content-Length": "",
    "Content-Type": "text/plain",
    "Host": "127.0.0.1:8000",
    "Connection": "keep-alive",
    "Cache-Control": "max-age=0",
    "Dnt": "1",
    "Upgrade-Insecure-Requests": "1",
    "User-Agent": "Mozilla/5.0 (Macintosh; Intel Mac OS X 10_15_7) AppleWebKit/537.36 (KHTML, like Gecko) Chrome/131.0.0.0 Safari/537.36",
    "Accept": "text/html,application/xhtml+xml,application/xml;q=0.9,image/avif,image/webp,image/apng,*/*;q=0.8,application/signed-exchange;v=b3;q=0.7",
    "Sec-Fetch-Site": "same-origin",
    "Sec-Fetch-Mode": "navigate",
    "Sec-Fetch-User": "?1",
    "Sec-Fetch-Dest": "document",
    "Sec-Ch-Ua": "\"Google Chrome\";v=\"131\", \"Chromium\";v=\"131\", \"Not_A Brand\";v=\"24\"",
    "Sec-Ch-Ua-Mobile": "?0",
    "Sec-Ch-Ua-Platform": "\"macOS\"",
    "Referer": "http://127.0.0.1:8000/admin/login/?next=/admin/",
    "Accept-Encoding": "gzip, deflate, br, zstd",
    "Accept-Language": "en-US,en;q=0.9",
    "Cookie": "csrftoken=jbCoRnGhM3vRewJS8tqiCZDmL3lVlcwX; sessionid=vrazqfl5vyjwwdx2k0u4gflmpylk6dcb"
  }
}
INFO 2024-12-03 08:35:21,788 logging_middleware 20778 6286012416 Response: {
  "type": "response",
  "status_code": 200,
  "content": "<undecodable content>",
  "duration": "0.02s",
  "headers": {
    "Content-Type": "text/html; charset=utf-8",
    "Expires": "Tue, 03 Dec 2024 08:35:21 GMT",
    "Cache-Control": "max-age=0, no-cache, no-store, must-revalidate, private",
    "Vary": "Cookie"
  }
}
INFO 2024-12-03 08:35:21,789 basehttp 20778 6286012416 "GET /admin/ HTTP/1.1" 200 13918
INFO 2024-12-03 08:35:21,806 basehttp 20778 6286012416 "GET /static/admin/css/dashboard.css HTTP/1.1" 200 441
INFO 2024-12-03 08:35:21,812 basehttp 20778 6286012416 "GET /static/admin/img/icon-changelink.svg HTTP/1.1" 200 380
INFO 2024-12-03 08:35:21,813 basehttp 20778 6235533312 "GET /static/admin/img/icon-deletelink.svg HTTP/1.1" 200 392
INFO 2024-12-03 08:35:21,815 basehttp 20778 6269186048 "GET /static/admin/img/icon-addlink.svg HTTP/1.1" 200 331
INFO 2024-12-03 08:35:39,943 logging_middleware 20778 6269186048 Request: {
  "type": "request",
  "method": "GET",
  "path": "/admin/menus/menu/",
  "user": "test1",
  "GET_params": {},
  "POST_params": {},
  "body": null,
  "headers": {
    "Content-Length": "",
    "Content-Type": "text/plain",
    "Host": "127.0.0.1:8000",
    "Connection": "keep-alive",
    "Sec-Ch-Ua": "\"Google Chrome\";v=\"131\", \"Chromium\";v=\"131\", \"Not_A Brand\";v=\"24\"",
    "Sec-Ch-Ua-Mobile": "?0",
    "Sec-Ch-Ua-Platform": "\"macOS\"",
    "Dnt": "1",
    "Upgrade-Insecure-Requests": "1",
    "User-Agent": "Mozilla/5.0 (Macintosh; Intel Mac OS X 10_15_7) AppleWebKit/537.36 (KHTML, like Gecko) Chrome/131.0.0.0 Safari/537.36",
    "Accept": "text/html,application/xhtml+xml,application/xml;q=0.9,image/avif,image/webp,image/apng,*/*;q=0.8,application/signed-exchange;v=b3;q=0.7",
    "Sec-Fetch-Site": "same-origin",
    "Sec-Fetch-Mode": "navigate",
    "Sec-Fetch-User": "?1",
    "Sec-Fetch-Dest": "document",
    "Referer": "http://127.0.0.1:8000/admin/",
    "Accept-Encoding": "gzip, deflate, br, zstd",
    "Accept-Language": "en-US,en;q=0.9",
    "Cookie": "csrftoken=jbCoRnGhM3vRewJS8tqiCZDmL3lVlcwX; sessionid=vrazqfl5vyjwwdx2k0u4gflmpylk6dcb"
  }
}
INFO 2024-12-03 08:35:40,001 logging_middleware 20778 6269186048 Response: {
  "type": "response",
  "status_code": 200,
  "content": "<undecodable content>",
  "duration": "0.07s",
  "headers": {
    "Content-Type": "text/html; charset=utf-8",
    "Expires": "Tue, 03 Dec 2024 08:35:39 GMT",
    "Cache-Control": "max-age=0, no-cache, no-store, must-revalidate, private",
    "Vary": "Cookie"
  }
}
INFO 2024-12-03 08:35:40,001 basehttp 20778 6269186048 "GET /admin/menus/menu/ HTTP/1.1" 200 27349
INFO 2024-12-03 08:35:40,025 basehttp 20778 6201880576 "GET /static/admin/css/changelists.css HTTP/1.1" 200 6878
INFO 2024-12-03 08:35:40,026 basehttp 20778 6286012416 "GET /static/admin/js/core.js HTTP/1.1" 200 6208
INFO 2024-12-03 08:35:40,028 basehttp 20778 6252359680 "GET /static/admin/js/actions.js HTTP/1.1" 200 8076
INFO 2024-12-03 08:35:40,030 logging_middleware 20778 6218706944 Request: {
  "type": "request",
  "method": "GET",
  "path": "/admin/jsi18n/",
  "user": "test1",
  "GET_params": {},
  "POST_params": {},
  "body": null,
  "headers": {
    "Content-Length": "",
    "Content-Type": "text/plain",
    "Host": "127.0.0.1:8000",
    "Connection": "keep-alive",
    "Sec-Ch-Ua-Platform": "\"macOS\"",
    "User-Agent": "Mozilla/5.0 (Macintosh; Intel Mac OS X 10_15_7) AppleWebKit/537.36 (KHTML, like Gecko) Chrome/131.0.0.0 Safari/537.36",
    "Sec-Ch-Ua": "\"Google Chrome\";v=\"131\", \"Chromium\";v=\"131\", \"Not_A Brand\";v=\"24\"",
    "Dnt": "1",
    "Sec-Ch-Ua-Mobile": "?0",
    "Accept": "*/*",
    "Sec-Fetch-Site": "same-origin",
    "Sec-Fetch-Mode": "no-cors",
    "Sec-Fetch-Dest": "script",
    "Referer": "http://127.0.0.1:8000/admin/menus/menu/",
    "Accept-Encoding": "gzip, deflate, br, zstd",
    "Accept-Language": "en-US,en;q=0.9",
    "Cookie": "csrftoken=jbCoRnGhM3vRewJS8tqiCZDmL3lVlcwX; sessionid=vrazqfl5vyjwwdx2k0u4gflmpylk6dcb"
  }
}
INFO 2024-12-03 08:35:40,032 basehttp 20778 6286012416 "GET /static/admin/js/admin/RelatedObjectLookups.js HTTP/1.1" 200 9097
INFO 2024-12-03 08:35:40,033 basehttp 20778 6201880576 "GET /static/admin/js/jquery.init.js HTTP/1.1" 200 347
INFO 2024-12-03 08:35:40,035 logging_middleware 20778 6218706944 Response: {
  "type": "response",
  "status_code": 200,
  "content": "<undecodable content>",
  "duration": "0.01s",
  "headers": {
    "Content-Type": "text/javascript; charset=\"utf-8\""
  }
}
INFO 2024-12-03 08:35:40,035 basehttp 20778 6252359680 "GET /static/admin/js/urlify.js HTTP/1.1" 200 7887
INFO 2024-12-03 08:35:40,037 basehttp 20778 6218706944 "GET /admin/jsi18n/ HTTP/1.1" 200 3342
INFO 2024-12-03 08:35:40,038 basehttp 20778 6286012416 "GET /static/admin/js/prepopulate.js HTTP/1.1" 200 1531
INFO 2024-12-03 08:35:40,040 basehttp 20778 6201880576 "GET /static/admin/img/icon-yes.svg HTTP/1.1" 200 436
INFO 2024-12-03 08:35:40,041 basehttp 20778 6252359680 "GET /static/admin/img/search.svg HTTP/1.1" 200 458
INFO 2024-12-03 08:35:40,045 basehttp 20778 6269186048 "GET /static/admin/js/vendor/jquery/jquery.js HTTP/1.1" 200 285314
INFO 2024-12-03 08:35:40,045 basehttp 20778 6235533312 "GET /static/admin/js/vendor/xregexp/xregexp.js HTTP/1.1" 200 325171
INFO 2024-12-03 08:35:40,065 basehttp 20778 6235533312 "GET /static/admin/js/filters.js HTTP/1.1" 200 978
INFO 2024-12-03 08:35:40,072 basehttp 20778 6235533312 "GET /static/admin/img/tooltag-add.svg HTTP/1.1" 200 331
INFO 2024-12-03 08:35:40,086 basehttp 20778 6235533312 "GET /static/admin/img/icon-viewlink.svg HTTP/1.1" 200 581
INFO 2024-12-03 08:35:41,536 logging_middleware 20778 6235533312 Request: {
  "type": "request",
  "method": "GET",
  "path": "/admin/menus/menu/add/",
  "user": "test1",
  "GET_params": {},
  "POST_params": {},
  "body": null,
  "headers": {
    "Content-Length": "",
    "Content-Type": "text/plain",
    "Host": "127.0.0.1:8000",
    "Connection": "keep-alive",
    "Sec-Ch-Ua": "\"Google Chrome\";v=\"131\", \"Chromium\";v=\"131\", \"Not_A Brand\";v=\"24\"",
    "Sec-Ch-Ua-Mobile": "?0",
    "Sec-Ch-Ua-Platform": "\"macOS\"",
    "Dnt": "1",
    "Upgrade-Insecure-Requests": "1",
    "User-Agent": "Mozilla/5.0 (Macintosh; Intel Mac OS X 10_15_7) AppleWebKit/537.36 (KHTML, like Gecko) Chrome/131.0.0.0 Safari/537.36",
    "Accept": "text/html,application/xhtml+xml,application/xml;q=0.9,image/avif,image/webp,image/apng,*/*;q=0.8,application/signed-exchange;v=b3;q=0.7",
    "Sec-Fetch-Site": "same-origin",
    "Sec-Fetch-Mode": "navigate",
    "Sec-Fetch-User": "?1",
    "Sec-Fetch-Dest": "document",
    "Referer": "http://127.0.0.1:8000/admin/menus/menu/",
    "Accept-Encoding": "gzip, deflate, br, zstd",
    "Accept-Language": "en-US,en;q=0.9",
    "Cookie": "csrftoken=jbCoRnGhM3vRewJS8tqiCZDmL3lVlcwX; sessionid=vrazqfl5vyjwwdx2k0u4gflmpylk6dcb"
  }
}
INFO 2024-12-03 08:35:41,557 logging_middleware 20778 6235533312 Response: {
  "type": "response",
  "status_code": 200,
  "content": "<undecodable content>",
  "duration": "0.03s",
  "headers": {
    "Content-Type": "text/html; charset=utf-8",
    "Expires": "Tue, 03 Dec 2024 08:35:41 GMT",
    "Cache-Control": "max-age=0, no-cache, no-store, must-revalidate, private",
    "Vary": "Cookie"
  }
}
INFO 2024-12-03 08:35:41,558 basehttp 20778 6235533312 "GET /admin/menus/menu/add/ HTTP/1.1" 200 14974
INFO 2024-12-03 08:35:41,577 basehttp 20778 6269186048 "GET /static/admin/js/admin/DateTimeShortcuts.js HTTP/1.1" 200 19319
INFO 2024-12-03 08:35:41,578 basehttp 20778 6286012416 "GET /static/admin/js/prepopulate_init.js HTTP/1.1" 200 586
INFO 2024-12-03 08:35:41,579 basehttp 20778 6252359680 "GET /static/admin/css/forms.css HTTP/1.1" 200 8794
INFO 2024-12-03 08:35:41,579 basehttp 20778 6201880576 "GET /static/admin/js/calendar.js HTTP/1.1" 200 9141
INFO 2024-12-03 08:35:41,580 logging_middleware 20778 6235533312 Request: {
  "type": "request",
  "method": "GET",
  "path": "/admin/jsi18n/",
  "user": "test1",
  "GET_params": {},
  "POST_params": {},
  "body": null,
  "headers": {
    "Content-Length": "",
    "Content-Type": "text/plain",
    "Host": "127.0.0.1:8000",
    "Connection": "keep-alive",
    "Sec-Ch-Ua-Platform": "\"macOS\"",
    "User-Agent": "Mozilla/5.0 (Macintosh; Intel Mac OS X 10_15_7) AppleWebKit/537.36 (KHTML, like Gecko) Chrome/131.0.0.0 Safari/537.36",
    "Sec-Ch-Ua": "\"Google Chrome\";v=\"131\", \"Chromium\";v=\"131\", \"Not_A Brand\";v=\"24\"",
    "Dnt": "1",
    "Sec-Ch-Ua-Mobile": "?0",
    "Accept": "*/*",
    "Sec-Fetch-Site": "same-origin",
    "Sec-Fetch-Mode": "no-cors",
    "Sec-Fetch-Dest": "script",
    "Referer": "http://127.0.0.1:8000/admin/menus/menu/add/",
    "Accept-Encoding": "gzip, deflate, br, zstd",
    "Accept-Language": "en-US,en;q=0.9",
    "Cookie": "csrftoken=jbCoRnGhM3vRewJS8tqiCZDmL3lVlcwX; sessionid=vrazqfl5vyjwwdx2k0u4gflmpylk6dcb"
  }
}
INFO 2024-12-03 08:35:41,581 logging_middleware 20778 6235533312 Response: {
  "type": "response",
  "status_code": 200,
  "content": "<undecodable content>",
  "duration": "0.01s",
  "headers": {
    "Content-Type": "text/javascript; charset=\"utf-8\""
  }
}
INFO 2024-12-03 08:35:41,583 basehttp 20778 6235533312 "GET /admin/jsi18n/ HTTP/1.1" 200 3342
INFO 2024-12-03 08:35:41,583 basehttp 20778 6201880576 "GET /static/admin/css/widgets.css HTTP/1.1" 200 11564
INFO 2024-12-03 08:35:41,584 basehttp 20778 6252359680 "GET /static/admin/js/change_form.js HTTP/1.1" 200 606
INFO 2024-12-03 08:35:41,622 basehttp 20778 6201880576 "GET /static/admin/img/icon-calendar.svg HTTP/1.1" 200 1086
INFO 2024-12-03 08:36:01,890 logging_middleware 20778 6201880576 Request: {
  "type": "request",
  "method": "POST",
  "path": "/admin/menus/menu/add/",
  "user": "test1",
  "GET_params": {},
  "POST_params": "<file upload>",
  "body": "<binary data>",
  "headers": {
    "Content-Length": "422953",
    "Content-Type": "multipart/form-data; boundary=----WebKitFormBoundarye3F025et8i6KqxBR",
    "Host": "127.0.0.1:8000",
    "Connection": "keep-alive",
    "Cache-Control": "max-age=0",
    "Sec-Ch-Ua": "\"Google Chrome\";v=\"131\", \"Chromium\";v=\"131\", \"Not_A Brand\";v=\"24\"",
    "Sec-Ch-Ua-Mobile": "?0",
    "Sec-Ch-Ua-Platform": "\"macOS\"",
    "Origin": "http://127.0.0.1:8000",
    "Dnt": "1",
    "Upgrade-Insecure-Requests": "1",
    "User-Agent": "Mozilla/5.0 (Macintosh; Intel Mac OS X 10_15_7) AppleWebKit/537.36 (KHTML, like Gecko) Chrome/131.0.0.0 Safari/537.36",
    "Accept": "text/html,application/xhtml+xml,application/xml;q=0.9,image/avif,image/webp,image/apng,*/*;q=0.8,application/signed-exchange;v=b3;q=0.7",
    "Sec-Fetch-Site": "same-origin",
    "Sec-Fetch-Mode": "navigate",
    "Sec-Fetch-User": "?1",
    "Sec-Fetch-Dest": "document",
    "Referer": "http://127.0.0.1:8000/admin/menus/menu/add/",
    "Accept-Encoding": "gzip, deflate, br, zstd",
    "Accept-Language": "en-US,en;q=0.9",
    "Cookie": "csrftoken=jbCoRnGhM3vRewJS8tqiCZDmL3lVlcwX; sessionid=vrazqfl5vyjwwdx2k0u4gflmpylk6dcb"
  }
}
ERROR 2024-12-03 08:36:01,958 log 20778 6201880576 Internal Server Error: /admin/menus/menu/add/
Traceback (most recent call last):
  File "/Users/javierdominguezsegura/Programming/College/Sophomore/Databases/MMS/src/django_project/menus/utils/extraction.py", line 27, in ai_call
    client = OpenAI(api_key=os.getenv("OPENAI_API_KEY"))
             ^^^^^^^^^^^^^^^^^^^^^^^^^^^^^^^^^^^^^^^^^^^
  File "/Users/javierdominguezsegura/Programming/College/Sophomore/Databases/MMS/.venv/lib/python3.11/site-packages/openai/_client.py", line 105, in __init__
    raise OpenAIError(
openai.OpenAIError: The api_key client option must be set either by passing api_key to the client or by setting the OPENAI_API_KEY environment variable

During handling of the above exception, another exception occurred:

Traceback (most recent call last):
  File "/Users/javierdominguezsegura/Programming/College/Sophomore/Databases/MMS/.venv/lib/python3.11/site-packages/django/db/backends/utils.py", line 105, in _execute
    return self.cursor.execute(sql, params)
           ^^^^^^^^^^^^^^^^^^^^^^^^^^^^^^^^
  File "/Users/javierdominguezsegura/Programming/College/Sophomore/Databases/MMS/.venv/lib/python3.11/site-packages/django/db/backends/mysql/base.py", line 76, in execute
    return self.cursor.execute(query, args)
           ^^^^^^^^^^^^^^^^^^^^^^^^^^^^^^^^
  File "/Users/javierdominguezsegura/Programming/College/Sophomore/Databases/MMS/.venv/lib/python3.11/site-packages/MySQLdb/cursors.py", line 179, in execute
    res = self._query(mogrified_query)
          ^^^^^^^^^^^^^^^^^^^^^^^^^^^^
  File "/Users/javierdominguezsegura/Programming/College/Sophomore/Databases/MMS/.venv/lib/python3.11/site-packages/MySQLdb/cursors.py", line 330, in _query
    db.query(q)
  File "/Users/javierdominguezsegura/Programming/College/Sophomore/Databases/MMS/.venv/lib/python3.11/site-packages/MySQLdb/connections.py", line 265, in query
    _mysql.connection.query(self, query)
MySQLdb.DataError: (1406, "Data too long for column 'other' at row 1")

The above exception was the direct cause of the following exception:

Traceback (most recent call last):
  File "/Users/javierdominguezsegura/Programming/College/Sophomore/Databases/MMS/src/django_project/menus/admin.py", line 85, in save_model
    menu_json, ai_call_log = ai_call(menu, extension=extension)
                             ^^^^^^^^^^^^^^^^^^^^^^^^^^^^^^^^^^
  File "/Users/javierdominguezsegura/Programming/College/Sophomore/Databases/MMS/src/django_project/menus/utils/extraction.py", line 156, in ai_call
    ai_call_log.save()
  File "/Users/javierdominguezsegura/Programming/College/Sophomore/Databases/MMS/.venv/lib/python3.11/site-packages/django/db/models/base.py", line 891, in save
    self.save_base(
  File "/Users/javierdominguezsegura/Programming/College/Sophomore/Databases/MMS/.venv/lib/python3.11/site-packages/django/db/models/base.py", line 997, in save_base
    updated = self._save_table(
              ^^^^^^^^^^^^^^^^^
  File "/Users/javierdominguezsegura/Programming/College/Sophomore/Databases/MMS/.venv/lib/python3.11/site-packages/django/db/models/base.py", line 1129, in _save_table
    updated = self._do_update(
              ^^^^^^^^^^^^^^^^
  File "/Users/javierdominguezsegura/Programming/College/Sophomore/Databases/MMS/.venv/lib/python3.11/site-packages/django/db/models/base.py", line 1194, in _do_update
    return filtered._update(values) > 0
           ^^^^^^^^^^^^^^^^^^^^^^^^
  File "/Users/javierdominguezsegura/Programming/College/Sophomore/Databases/MMS/.venv/lib/python3.11/site-packages/django/db/models/query.py", line 1278, in _update
    return query.get_compiler(self.db).execute_sql(CURSOR)
           ^^^^^^^^^^^^^^^^^^^^^^^^^^^^^^^^^^^^^^^^^^^^^^^
  File "/Users/javierdominguezsegura/Programming/College/Sophomore/Databases/MMS/.venv/lib/python3.11/site-packages/django/db/models/sql/compiler.py", line 2003, in execute_sql
    cursor = super().execute_sql(result_type)
             ^^^^^^^^^^^^^^^^^^^^^^^^^^^^^^^^
  File "/Users/javierdominguezsegura/Programming/College/Sophomore/Databases/MMS/.venv/lib/python3.11/site-packages/django/db/models/sql/compiler.py", line 1574, in execute_sql
    cursor.execute(sql, params)
  File "/Users/javierdominguezsegura/Programming/College/Sophomore/Databases/MMS/.venv/lib/python3.11/site-packages/django/db/backends/utils.py", line 122, in execute
    return super().execute(sql, params)
           ^^^^^^^^^^^^^^^^^^^^^^^^^^^^
  File "/Users/javierdominguezsegura/Programming/College/Sophomore/Databases/MMS/.venv/lib/python3.11/site-packages/django/db/backends/utils.py", line 79, in execute
    return self._execute_with_wrappers(
           ^^^^^^^^^^^^^^^^^^^^^^^^^^^^
  File "/Users/javierdominguezsegura/Programming/College/Sophomore/Databases/MMS/.venv/lib/python3.11/site-packages/django/db/backends/utils.py", line 92, in _execute_with_wrappers
    return executor(sql, params, many, context)
           ^^^^^^^^^^^^^^^^^^^^^^^^^^^^^^^^^^^^
  File "/Users/javierdominguezsegura/Programming/College/Sophomore/Databases/MMS/.venv/lib/python3.11/site-packages/django/db/backends/utils.py", line 100, in _execute
    with self.db.wrap_database_errors:
  File "/Users/javierdominguezsegura/Programming/College/Sophomore/Databases/MMS/.venv/lib/python3.11/site-packages/django/db/utils.py", line 91, in __exit__
    raise dj_exc_value.with_traceback(traceback) from exc_value
  File "/Users/javierdominguezsegura/Programming/College/Sophomore/Databases/MMS/.venv/lib/python3.11/site-packages/django/db/backends/utils.py", line 105, in _execute
    return self.cursor.execute(sql, params)
           ^^^^^^^^^^^^^^^^^^^^^^^^^^^^^^^^
  File "/Users/javierdominguezsegura/Programming/College/Sophomore/Databases/MMS/.venv/lib/python3.11/site-packages/django/db/backends/mysql/base.py", line 76, in execute
    return self.cursor.execute(query, args)
           ^^^^^^^^^^^^^^^^^^^^^^^^^^^^^^^^
  File "/Users/javierdominguezsegura/Programming/College/Sophomore/Databases/MMS/.venv/lib/python3.11/site-packages/MySQLdb/cursors.py", line 179, in execute
    res = self._query(mogrified_query)
          ^^^^^^^^^^^^^^^^^^^^^^^^^^^^
  File "/Users/javierdominguezsegura/Programming/College/Sophomore/Databases/MMS/.venv/lib/python3.11/site-packages/MySQLdb/cursors.py", line 330, in _query
    db.query(q)
  File "/Users/javierdominguezsegura/Programming/College/Sophomore/Databases/MMS/.venv/lib/python3.11/site-packages/MySQLdb/connections.py", line 265, in query
    _mysql.connection.query(self, query)
django.db.utils.DataError: (1406, "Data too long for column 'other' at row 1")

During handling of the above exception, another exception occurred:

Traceback (most recent call last):
  File "/Users/javierdominguezsegura/Programming/College/Sophomore/Databases/MMS/.venv/lib/python3.11/site-packages/django/core/handlers/exception.py", line 55, in inner
    response = get_response(request)
               ^^^^^^^^^^^^^^^^^^^^^
  File "/Users/javierdominguezsegura/Programming/College/Sophomore/Databases/MMS/.venv/lib/python3.11/site-packages/django/core/handlers/base.py", line 197, in _get_response
    response = wrapped_callback(request, *callback_args, **callback_kwargs)
               ^^^^^^^^^^^^^^^^^^^^^^^^^^^^^^^^^^^^^^^^^^^^^^^^^^^^^^^^^^^^
  File "/Users/javierdominguezsegura/Programming/College/Sophomore/Databases/MMS/.venv/lib/python3.11/site-packages/django/contrib/admin/options.py", line 718, in wrapper
    return self.admin_site.admin_view(view)(*args, **kwargs)
           ^^^^^^^^^^^^^^^^^^^^^^^^^^^^^^^^^^^^^^^^^^^^^^^^^
  File "/Users/javierdominguezsegura/Programming/College/Sophomore/Databases/MMS/.venv/lib/python3.11/site-packages/django/utils/decorators.py", line 188, in _view_wrapper
    result = _process_exception(request, e)
             ^^^^^^^^^^^^^^^^^^^^^^^^^^^^^^
  File "/Users/javierdominguezsegura/Programming/College/Sophomore/Databases/MMS/.venv/lib/python3.11/site-packages/django/utils/decorators.py", line 186, in _view_wrapper
    response = view_func(request, *args, **kwargs)
               ^^^^^^^^^^^^^^^^^^^^^^^^^^^^^^^^^^^
  File "/Users/javierdominguezsegura/Programming/College/Sophomore/Databases/MMS/.venv/lib/python3.11/site-packages/django/views/decorators/cache.py", line 80, in _view_wrapper
    response = view_func(request, *args, **kwargs)
               ^^^^^^^^^^^^^^^^^^^^^^^^^^^^^^^^^^^
  File "/Users/javierdominguezsegura/Programming/College/Sophomore/Databases/MMS/.venv/lib/python3.11/site-packages/django/contrib/admin/sites.py", line 241, in inner
    return view(request, *args, **kwargs)
           ^^^^^^^^^^^^^^^^^^^^^^^^^^^^^^
  File "/Users/javierdominguezsegura/Programming/College/Sophomore/Databases/MMS/.venv/lib/python3.11/site-packages/django/contrib/admin/options.py", line 1961, in add_view
    return self.changeform_view(request, None, form_url, extra_context)
           ^^^^^^^^^^^^^^^^^^^^^^^^^^^^^^^^^^^^^^^^^^^^^^^^^^^^^^^^^^^^
  File "/Users/javierdominguezsegura/Programming/College/Sophomore/Databases/MMS/.venv/lib/python3.11/site-packages/django/utils/decorators.py", line 48, in _wrapper
    return bound_method(*args, **kwargs)
           ^^^^^^^^^^^^^^^^^^^^^^^^^^^^^
  File "/Users/javierdominguezsegura/Programming/College/Sophomore/Databases/MMS/.venv/lib/python3.11/site-packages/django/utils/decorators.py", line 188, in _view_wrapper
    result = _process_exception(request, e)
             ^^^^^^^^^^^^^^^^^^^^^^^^^^^^^^
  File "/Users/javierdominguezsegura/Programming/College/Sophomore/Databases/MMS/.venv/lib/python3.11/site-packages/django/utils/decorators.py", line 186, in _view_wrapper
    response = view_func(request, *args, **kwargs)
               ^^^^^^^^^^^^^^^^^^^^^^^^^^^^^^^^^^^
  File "/Users/javierdominguezsegura/Programming/College/Sophomore/Databases/MMS/.venv/lib/python3.11/site-packages/django/contrib/admin/options.py", line 1820, in changeform_view
    return self._changeform_view(request, object_id, form_url, extra_context)
           ^^^^^^^^^^^^^^^^^^^^^^^^^^^^^^^^^^^^^^^^^^^^^^^^^^^^^^^^^^^^^^^^^^
  File "/Users/javierdominguezsegura/Programming/College/Sophomore/Databases/MMS/.venv/lib/python3.11/site-packages/django/contrib/admin/options.py", line 1871, in _changeform_view
    self.save_model(request, new_object, form, not add)
  File "/Users/javierdominguezsegura/Programming/College/Sophomore/Databases/MMS/src/django_project/menus/admin.py", line 102, in save_model
    ai_call_log.status = "Failed"
    ^^^^^^^^^^^
UnboundLocalError: cannot access local variable 'ai_call_log' where it is not associated with a value
INFO 2024-12-03 08:36:01,962 logging_middleware 20778 6201880576 Response: {
  "type": "response",
  "status_code": 500,
  "content": "<undecodable content>",
  "duration": "0.08s",
  "headers": {
    "Content-Type": "text/html; charset=utf-8"
  }
}
ERROR 2024-12-03 08:36:01,963 basehttp 20778 6201880576 "POST /admin/menus/menu/add/ HTTP/1.1" 500 259163
INFO 2024-12-03 08:36:04,274 logging_middleware 20778 6201880576 Request: {
  "type": "request",
  "method": "GET",
  "path": "/admin/menus/menu/add/",
  "user": "test1",
  "GET_params": {},
  "POST_params": {},
  "body": null,
  "headers": {
    "Content-Length": "",
    "Content-Type": "text/plain",
    "Host": "127.0.0.1:8000",
    "Connection": "keep-alive",
    "Sec-Ch-Ua": "\"Google Chrome\";v=\"131\", \"Chromium\";v=\"131\", \"Not_A Brand\";v=\"24\"",
    "Sec-Ch-Ua-Mobile": "?0",
    "Sec-Ch-Ua-Platform": "\"macOS\"",
    "Dnt": "1",
    "Upgrade-Insecure-Requests": "1",
    "User-Agent": "Mozilla/5.0 (Macintosh; Intel Mac OS X 10_15_7) AppleWebKit/537.36 (KHTML, like Gecko) Chrome/131.0.0.0 Safari/537.36",
    "Accept": "text/html,application/xhtml+xml,application/xml;q=0.9,image/avif,image/webp,image/apng,*/*;q=0.8,application/signed-exchange;v=b3;q=0.7",
    "Sec-Fetch-Site": "same-origin",
    "Sec-Fetch-Mode": "navigate",
    "Sec-Fetch-Dest": "document",
    "Referer": "http://127.0.0.1:8000/admin/menus/menu/",
    "Accept-Encoding": "gzip, deflate, br, zstd",
    "Accept-Language": "en-US,en;q=0.9",
    "Cookie": "csrftoken=jbCoRnGhM3vRewJS8tqiCZDmL3lVlcwX; sessionid=vrazqfl5vyjwwdx2k0u4gflmpylk6dcb"
  }
}
INFO 2024-12-03 08:36:04,288 logging_middleware 20778 6201880576 Response: {
  "type": "response",
  "status_code": 200,
  "content": "<undecodable content>",
  "duration": "0.02s",
  "headers": {
    "Content-Type": "text/html; charset=utf-8",
    "Expires": "Tue, 03 Dec 2024 08:36:04 GMT",
    "Cache-Control": "max-age=0, no-cache, no-store, must-revalidate, private",
    "Vary": "Cookie"
  }
}
INFO 2024-12-03 08:36:04,289 basehttp 20778 6201880576 "GET /admin/menus/menu/add/ HTTP/1.1" 200 14974
INFO 2024-12-03 08:44:41,181 autoreload 21983 8088310528 Watching for file changes with StatReloader
INFO 2024-12-03 08:44:42,797 logging_middleware 21983 6196686848 Request: {
  "type": "request",
  "method": "GET",
  "path": "/admin/",
  "user": "test1",
  "GET_params": {},
  "POST_params": {},
  "body": null,
  "headers": {
    "Content-Length": "",
    "Content-Type": "text/plain",
    "Host": "127.0.0.1:8000",
    "Connection": "keep-alive",
    "Dnt": "1",
    "Upgrade-Insecure-Requests": "1",
    "User-Agent": "Mozilla/5.0 (Macintosh; Intel Mac OS X 10_15_7) AppleWebKit/537.36 (KHTML, like Gecko) Chrome/131.0.0.0 Safari/537.36",
    "Accept": "text/html,application/xhtml+xml,application/xml;q=0.9,image/avif,image/webp,image/apng,*/*;q=0.8,application/signed-exchange;v=b3;q=0.7",
    "Sec-Fetch-Site": "none",
    "Sec-Fetch-Mode": "navigate",
    "Sec-Fetch-User": "?1",
    "Sec-Fetch-Dest": "document",
    "Sec-Ch-Ua": "\"Google Chrome\";v=\"131\", \"Chromium\";v=\"131\", \"Not_A Brand\";v=\"24\"",
    "Sec-Ch-Ua-Mobile": "?0",
    "Sec-Ch-Ua-Platform": "\"macOS\"",
    "Accept-Encoding": "gzip, deflate, br, zstd",
    "Accept-Language": "en-US,en;q=0.9",
    "Cookie": "csrftoken=jbCoRnGhM3vRewJS8tqiCZDmL3lVlcwX; sessionid=vrazqfl5vyjwwdx2k0u4gflmpylk6dcb"
  }
}
INFO 2024-12-03 08:44:42,836 logging_middleware 21983 6196686848 Response: {
  "type": "response",
  "status_code": 200,
  "content": "<undecodable content>",
  "duration": "0.05s",
  "headers": {
    "Content-Type": "text/html; charset=utf-8",
    "Expires": "Tue, 03 Dec 2024 08:44:42 GMT",
    "Cache-Control": "max-age=0, no-cache, no-store, must-revalidate, private",
    "Vary": "Cookie"
  }
}
INFO 2024-12-03 08:44:42,837 basehttp 21983 6196686848 "GET /admin/ HTTP/1.1" 200 13918
INFO 2024-12-03 08:44:43,013 logging_middleware 21983 6196686848 Request: {
  "type": "request",
  "method": "GET",
  "path": "/favicon.ico",
  "user": "test1",
  "GET_params": {},
  "POST_params": {},
  "body": null,
  "headers": {
    "Content-Length": "",
    "Content-Type": "text/plain",
    "Host": "127.0.0.1:8000",
    "Connection": "keep-alive",
    "Sec-Ch-Ua-Platform": "\"macOS\"",
    "User-Agent": "Mozilla/5.0 (Macintosh; Intel Mac OS X 10_15_7) AppleWebKit/537.36 (KHTML, like Gecko) Chrome/131.0.0.0 Safari/537.36",
    "Sec-Ch-Ua": "\"Google Chrome\";v=\"131\", \"Chromium\";v=\"131\", \"Not_A Brand\";v=\"24\"",
    "Dnt": "1",
    "Sec-Ch-Ua-Mobile": "?0",
    "Accept": "image/avif,image/webp,image/apng,image/svg+xml,image/*,*/*;q=0.8",
    "Sec-Fetch-Site": "same-origin",
    "Sec-Fetch-Mode": "no-cors",
    "Sec-Fetch-Dest": "image",
    "Referer": "http://127.0.0.1:8000/admin/",
    "Accept-Encoding": "gzip, deflate, br, zstd",
    "Accept-Language": "en-US,en;q=0.9",
    "Cookie": "csrftoken=jbCoRnGhM3vRewJS8tqiCZDmL3lVlcwX; sessionid=vrazqfl5vyjwwdx2k0u4gflmpylk6dcb"
  }
}
INFO 2024-12-03 08:44:43,017 logging_middleware 21983 6196686848 Response: {
  "type": "response",
  "status_code": 404,
  "content": "<undecodable content>",
  "duration": "0.01s",
  "headers": {
    "Content-Type": "text/html; charset=utf-8"
  }
}
WARNING 2024-12-03 08:44:43,017 log 21983 6196686848 Not Found: /favicon.ico
WARNING 2024-12-03 08:44:43,017 basehttp 21983 6196686848 "GET /favicon.ico HTTP/1.1" 404 2675
INFO 2024-12-03 08:44:45,503 logging_middleware 21983 6196686848 Request: {
  "type": "request",
  "method": "GET",
  "path": "/admin/menus/menu/",
  "user": "test1",
  "GET_params": {},
  "POST_params": {},
  "body": null,
  "headers": {
    "Content-Length": "",
    "Content-Type": "text/plain",
    "Host": "127.0.0.1:8000",
    "Connection": "keep-alive",
    "Sec-Ch-Ua": "\"Google Chrome\";v=\"131\", \"Chromium\";v=\"131\", \"Not_A Brand\";v=\"24\"",
    "Sec-Ch-Ua-Mobile": "?0",
    "Sec-Ch-Ua-Platform": "\"macOS\"",
    "Dnt": "1",
    "Upgrade-Insecure-Requests": "1",
    "User-Agent": "Mozilla/5.0 (Macintosh; Intel Mac OS X 10_15_7) AppleWebKit/537.36 (KHTML, like Gecko) Chrome/131.0.0.0 Safari/537.36",
    "Accept": "text/html,application/xhtml+xml,application/xml;q=0.9,image/avif,image/webp,image/apng,*/*;q=0.8,application/signed-exchange;v=b3;q=0.7",
    "Sec-Fetch-Site": "same-origin",
    "Sec-Fetch-Mode": "navigate",
    "Sec-Fetch-User": "?1",
    "Sec-Fetch-Dest": "document",
    "Referer": "http://127.0.0.1:8000/admin/",
    "Accept-Encoding": "gzip, deflate, br, zstd",
    "Accept-Language": "en-US,en;q=0.9",
    "Cookie": "csrftoken=jbCoRnGhM3vRewJS8tqiCZDmL3lVlcwX; sessionid=vrazqfl5vyjwwdx2k0u4gflmpylk6dcb"
  }
}
INFO 2024-12-03 08:44:45,561 logging_middleware 21983 6196686848 Response: {
  "type": "response",
  "status_code": 200,
  "content": "<undecodable content>",
  "duration": "0.06s",
  "headers": {
    "Content-Type": "text/html; charset=utf-8",
    "Expires": "Tue, 03 Dec 2024 08:44:45 GMT",
    "Cache-Control": "max-age=0, no-cache, no-store, must-revalidate, private",
    "Vary": "Cookie"
  }
}
INFO 2024-12-03 08:44:45,562 basehttp 21983 6196686848 "GET /admin/menus/menu/ HTTP/1.1" 200 27349
INFO 2024-12-03 08:44:45,582 logging_middleware 21983 6196686848 Request: {
  "type": "request",
  "method": "GET",
  "path": "/admin/jsi18n/",
  "user": "test1",
  "GET_params": {},
  "POST_params": {},
  "body": null,
  "headers": {
    "Content-Length": "",
    "Content-Type": "text/plain",
    "Host": "127.0.0.1:8000",
    "Connection": "keep-alive",
    "Sec-Ch-Ua-Platform": "\"macOS\"",
    "User-Agent": "Mozilla/5.0 (Macintosh; Intel Mac OS X 10_15_7) AppleWebKit/537.36 (KHTML, like Gecko) Chrome/131.0.0.0 Safari/537.36",
    "Sec-Ch-Ua": "\"Google Chrome\";v=\"131\", \"Chromium\";v=\"131\", \"Not_A Brand\";v=\"24\"",
    "Dnt": "1",
    "Sec-Ch-Ua-Mobile": "?0",
    "Accept": "*/*",
    "Sec-Fetch-Site": "same-origin",
    "Sec-Fetch-Mode": "no-cors",
    "Sec-Fetch-Dest": "script",
    "Referer": "http://127.0.0.1:8000/admin/menus/menu/",
    "Accept-Encoding": "gzip, deflate, br, zstd",
    "Accept-Language": "en-US,en;q=0.9",
    "Cookie": "csrftoken=jbCoRnGhM3vRewJS8tqiCZDmL3lVlcwX; sessionid=vrazqfl5vyjwwdx2k0u4gflmpylk6dcb"
  }
}
INFO 2024-12-03 08:44:45,584 logging_middleware 21983 6196686848 Response: {
  "type": "response",
  "status_code": 200,
  "content": "<undecodable content>",
  "duration": "0.01s",
  "headers": {
    "Content-Type": "text/javascript; charset=\"utf-8\""
  }
}
INFO 2024-12-03 08:44:45,584 basehttp 21983 6196686848 "GET /admin/jsi18n/ HTTP/1.1" 200 3342
INFO 2024-12-03 08:44:47,632 logging_middleware 21983 6196686848 Request: {
  "type": "request",
  "method": "GET",
  "path": "/admin/menus/menu/add/",
  "user": "test1",
  "GET_params": {},
  "POST_params": {},
  "body": null,
  "headers": {
    "Content-Length": "",
    "Content-Type": "text/plain",
    "Host": "127.0.0.1:8000",
    "Connection": "keep-alive",
    "Sec-Ch-Ua": "\"Google Chrome\";v=\"131\", \"Chromium\";v=\"131\", \"Not_A Brand\";v=\"24\"",
    "Sec-Ch-Ua-Mobile": "?0",
    "Sec-Ch-Ua-Platform": "\"macOS\"",
    "Dnt": "1",
    "Upgrade-Insecure-Requests": "1",
    "User-Agent": "Mozilla/5.0 (Macintosh; Intel Mac OS X 10_15_7) AppleWebKit/537.36 (KHTML, like Gecko) Chrome/131.0.0.0 Safari/537.36",
    "Accept": "text/html,application/xhtml+xml,application/xml;q=0.9,image/avif,image/webp,image/apng,*/*;q=0.8,application/signed-exchange;v=b3;q=0.7",
    "Sec-Fetch-Site": "same-origin",
    "Sec-Fetch-Mode": "navigate",
    "Sec-Fetch-User": "?1",
    "Sec-Fetch-Dest": "document",
    "Referer": "http://127.0.0.1:8000/admin/menus/menu/",
    "Accept-Encoding": "gzip, deflate, br, zstd",
    "Accept-Language": "en-US,en;q=0.9",
    "Cookie": "csrftoken=jbCoRnGhM3vRewJS8tqiCZDmL3lVlcwX; sessionid=vrazqfl5vyjwwdx2k0u4gflmpylk6dcb"
  }
}
INFO 2024-12-03 08:44:47,653 logging_middleware 21983 6196686848 Response: {
  "type": "response",
  "status_code": 200,
  "content": "<undecodable content>",
  "duration": "0.03s",
  "headers": {
    "Content-Type": "text/html; charset=utf-8",
    "Expires": "Tue, 03 Dec 2024 08:44:47 GMT",
    "Cache-Control": "max-age=0, no-cache, no-store, must-revalidate, private",
    "Vary": "Cookie"
  }
}
INFO 2024-12-03 08:44:47,654 basehttp 21983 6196686848 "GET /admin/menus/menu/add/ HTTP/1.1" 200 14974
INFO 2024-12-03 08:44:47,673 logging_middleware 21983 6196686848 Request: {
  "type": "request",
  "method": "GET",
  "path": "/admin/jsi18n/",
  "user": "test1",
  "GET_params": {},
  "POST_params": {},
  "body": null,
  "headers": {
    "Content-Length": "",
    "Content-Type": "text/plain",
    "Host": "127.0.0.1:8000",
    "Connection": "keep-alive",
    "Sec-Ch-Ua-Platform": "\"macOS\"",
    "User-Agent": "Mozilla/5.0 (Macintosh; Intel Mac OS X 10_15_7) AppleWebKit/537.36 (KHTML, like Gecko) Chrome/131.0.0.0 Safari/537.36",
    "Sec-Ch-Ua": "\"Google Chrome\";v=\"131\", \"Chromium\";v=\"131\", \"Not_A Brand\";v=\"24\"",
    "Dnt": "1",
    "Sec-Ch-Ua-Mobile": "?0",
    "Accept": "*/*",
    "Sec-Fetch-Site": "same-origin",
    "Sec-Fetch-Mode": "no-cors",
    "Sec-Fetch-Dest": "script",
    "Referer": "http://127.0.0.1:8000/admin/menus/menu/add/",
    "Accept-Encoding": "gzip, deflate, br, zstd",
    "Accept-Language": "en-US,en;q=0.9",
    "Cookie": "csrftoken=jbCoRnGhM3vRewJS8tqiCZDmL3lVlcwX; sessionid=vrazqfl5vyjwwdx2k0u4gflmpylk6dcb"
  }
}
INFO 2024-12-03 08:44:47,673 logging_middleware 21983 6196686848 Response: {
  "type": "response",
  "status_code": 200,
  "content": "<undecodable content>",
  "duration": "0.00s",
  "headers": {
    "Content-Type": "text/javascript; charset=\"utf-8\""
  }
}
INFO 2024-12-03 08:44:47,674 basehttp 21983 6196686848 "GET /admin/jsi18n/ HTTP/1.1" 200 3342
INFO 2024-12-03 08:44:54,549 logging_middleware 21983 6196686848 Request: {
  "type": "request",
  "method": "POST",
  "path": "/admin/menus/menu/add/",
  "user": "test1",
  "GET_params": {},
  "POST_params": "<file upload>",
  "body": "<binary data>",
  "headers": {
    "Content-Length": "422953",
    "Content-Type": "multipart/form-data; boundary=----WebKitFormBoundaryxHiG97vLdx572b8o",
    "Host": "127.0.0.1:8000",
    "Connection": "keep-alive",
    "Cache-Control": "max-age=0",
    "Sec-Ch-Ua": "\"Google Chrome\";v=\"131\", \"Chromium\";v=\"131\", \"Not_A Brand\";v=\"24\"",
    "Sec-Ch-Ua-Mobile": "?0",
    "Sec-Ch-Ua-Platform": "\"macOS\"",
    "Origin": "http://127.0.0.1:8000",
    "Dnt": "1",
    "Upgrade-Insecure-Requests": "1",
    "User-Agent": "Mozilla/5.0 (Macintosh; Intel Mac OS X 10_15_7) AppleWebKit/537.36 (KHTML, like Gecko) Chrome/131.0.0.0 Safari/537.36",
    "Accept": "text/html,application/xhtml+xml,application/xml;q=0.9,image/avif,image/webp,image/apng,*/*;q=0.8,application/signed-exchange;v=b3;q=0.7",
    "Sec-Fetch-Site": "same-origin",
    "Sec-Fetch-Mode": "navigate",
    "Sec-Fetch-User": "?1",
    "Sec-Fetch-Dest": "document",
    "Referer": "http://127.0.0.1:8000/admin/menus/menu/add/",
    "Accept-Encoding": "gzip, deflate, br, zstd",
    "Accept-Language": "en-US,en;q=0.9",
    "Cookie": "csrftoken=jbCoRnGhM3vRewJS8tqiCZDmL3lVlcwX; sessionid=vrazqfl5vyjwwdx2k0u4gflmpylk6dcb"
  }
}
ERROR 2024-12-03 08:44:54,613 log 21983 6196686848 Internal Server Error: /admin/menus/menu/add/
Traceback (most recent call last):
  File "/Users/javierdominguezsegura/Programming/College/Sophomore/Databases/MMS/src/django_project/menus/utils/extraction.py", line 27, in ai_call
    client = OpenAI(api_key=os.getenv("OPENAI_API_KEY"))
             ^^^^^^^^^^^^^^^^^^^^^^^^^^^^^^^^^^^^^^^^^^^
  File "/Users/javierdominguezsegura/Programming/College/Sophomore/Databases/MMS/.venv/lib/python3.11/site-packages/openai/_client.py", line 105, in __init__
    raise OpenAIError(
openai.OpenAIError: The api_key client option must be set either by passing api_key to the client or by setting the OPENAI_API_KEY environment variable

During handling of the above exception, another exception occurred:

Traceback (most recent call last):
  File "/Users/javierdominguezsegura/Programming/College/Sophomore/Databases/MMS/.venv/lib/python3.11/site-packages/django/db/backends/utils.py", line 105, in _execute
    return self.cursor.execute(sql, params)
           ^^^^^^^^^^^^^^^^^^^^^^^^^^^^^^^^
  File "/Users/javierdominguezsegura/Programming/College/Sophomore/Databases/MMS/.venv/lib/python3.11/site-packages/django/db/backends/mysql/base.py", line 76, in execute
    return self.cursor.execute(query, args)
           ^^^^^^^^^^^^^^^^^^^^^^^^^^^^^^^^
  File "/Users/javierdominguezsegura/Programming/College/Sophomore/Databases/MMS/.venv/lib/python3.11/site-packages/MySQLdb/cursors.py", line 179, in execute
    res = self._query(mogrified_query)
          ^^^^^^^^^^^^^^^^^^^^^^^^^^^^
  File "/Users/javierdominguezsegura/Programming/College/Sophomore/Databases/MMS/.venv/lib/python3.11/site-packages/MySQLdb/cursors.py", line 330, in _query
    db.query(q)
  File "/Users/javierdominguezsegura/Programming/College/Sophomore/Databases/MMS/.venv/lib/python3.11/site-packages/MySQLdb/connections.py", line 265, in query
    _mysql.connection.query(self, query)
MySQLdb.DataError: (1406, "Data too long for column 'other' at row 1")

The above exception was the direct cause of the following exception:

Traceback (most recent call last):
  File "/Users/javierdominguezsegura/Programming/College/Sophomore/Databases/MMS/src/django_project/menus/admin.py", line 85, in save_model
    menu_json, ai_call_log = ai_call(menu, extension=extension)
                             ^^^^^^^^^^^^^^^^^^^^^^^^^^^^^^^^^^
  File "/Users/javierdominguezsegura/Programming/College/Sophomore/Databases/MMS/src/django_project/menus/utils/extraction.py", line 156, in ai_call
    ai_call_log.save()
  File "/Users/javierdominguezsegura/Programming/College/Sophomore/Databases/MMS/.venv/lib/python3.11/site-packages/django/db/models/base.py", line 891, in save
    self.save_base(
  File "/Users/javierdominguezsegura/Programming/College/Sophomore/Databases/MMS/.venv/lib/python3.11/site-packages/django/db/models/base.py", line 997, in save_base
    updated = self._save_table(
              ^^^^^^^^^^^^^^^^^
  File "/Users/javierdominguezsegura/Programming/College/Sophomore/Databases/MMS/.venv/lib/python3.11/site-packages/django/db/models/base.py", line 1129, in _save_table
    updated = self._do_update(
              ^^^^^^^^^^^^^^^^
  File "/Users/javierdominguezsegura/Programming/College/Sophomore/Databases/MMS/.venv/lib/python3.11/site-packages/django/db/models/base.py", line 1194, in _do_update
    return filtered._update(values) > 0
           ^^^^^^^^^^^^^^^^^^^^^^^^
  File "/Users/javierdominguezsegura/Programming/College/Sophomore/Databases/MMS/.venv/lib/python3.11/site-packages/django/db/models/query.py", line 1278, in _update
    return query.get_compiler(self.db).execute_sql(CURSOR)
           ^^^^^^^^^^^^^^^^^^^^^^^^^^^^^^^^^^^^^^^^^^^^^^^
  File "/Users/javierdominguezsegura/Programming/College/Sophomore/Databases/MMS/.venv/lib/python3.11/site-packages/django/db/models/sql/compiler.py", line 2003, in execute_sql
    cursor = super().execute_sql(result_type)
             ^^^^^^^^^^^^^^^^^^^^^^^^^^^^^^^^
  File "/Users/javierdominguezsegura/Programming/College/Sophomore/Databases/MMS/.venv/lib/python3.11/site-packages/django/db/models/sql/compiler.py", line 1574, in execute_sql
    cursor.execute(sql, params)
  File "/Users/javierdominguezsegura/Programming/College/Sophomore/Databases/MMS/.venv/lib/python3.11/site-packages/django/db/backends/utils.py", line 122, in execute
    return super().execute(sql, params)
           ^^^^^^^^^^^^^^^^^^^^^^^^^^^^
  File "/Users/javierdominguezsegura/Programming/College/Sophomore/Databases/MMS/.venv/lib/python3.11/site-packages/django/db/backends/utils.py", line 79, in execute
    return self._execute_with_wrappers(
           ^^^^^^^^^^^^^^^^^^^^^^^^^^^^
  File "/Users/javierdominguezsegura/Programming/College/Sophomore/Databases/MMS/.venv/lib/python3.11/site-packages/django/db/backends/utils.py", line 92, in _execute_with_wrappers
    return executor(sql, params, many, context)
           ^^^^^^^^^^^^^^^^^^^^^^^^^^^^^^^^^^^^
  File "/Users/javierdominguezsegura/Programming/College/Sophomore/Databases/MMS/.venv/lib/python3.11/site-packages/django/db/backends/utils.py", line 100, in _execute
    with self.db.wrap_database_errors:
  File "/Users/javierdominguezsegura/Programming/College/Sophomore/Databases/MMS/.venv/lib/python3.11/site-packages/django/db/utils.py", line 91, in __exit__
    raise dj_exc_value.with_traceback(traceback) from exc_value
  File "/Users/javierdominguezsegura/Programming/College/Sophomore/Databases/MMS/.venv/lib/python3.11/site-packages/django/db/backends/utils.py", line 105, in _execute
    return self.cursor.execute(sql, params)
           ^^^^^^^^^^^^^^^^^^^^^^^^^^^^^^^^
  File "/Users/javierdominguezsegura/Programming/College/Sophomore/Databases/MMS/.venv/lib/python3.11/site-packages/django/db/backends/mysql/base.py", line 76, in execute
    return self.cursor.execute(query, args)
           ^^^^^^^^^^^^^^^^^^^^^^^^^^^^^^^^
  File "/Users/javierdominguezsegura/Programming/College/Sophomore/Databases/MMS/.venv/lib/python3.11/site-packages/MySQLdb/cursors.py", line 179, in execute
    res = self._query(mogrified_query)
          ^^^^^^^^^^^^^^^^^^^^^^^^^^^^
  File "/Users/javierdominguezsegura/Programming/College/Sophomore/Databases/MMS/.venv/lib/python3.11/site-packages/MySQLdb/cursors.py", line 330, in _query
    db.query(q)
  File "/Users/javierdominguezsegura/Programming/College/Sophomore/Databases/MMS/.venv/lib/python3.11/site-packages/MySQLdb/connections.py", line 265, in query
    _mysql.connection.query(self, query)
django.db.utils.DataError: (1406, "Data too long for column 'other' at row 1")

During handling of the above exception, another exception occurred:

Traceback (most recent call last):
  File "/Users/javierdominguezsegura/Programming/College/Sophomore/Databases/MMS/.venv/lib/python3.11/site-packages/django/core/handlers/exception.py", line 55, in inner
    response = get_response(request)
               ^^^^^^^^^^^^^^^^^^^^^
  File "/Users/javierdominguezsegura/Programming/College/Sophomore/Databases/MMS/.venv/lib/python3.11/site-packages/django/core/handlers/base.py", line 197, in _get_response
    response = wrapped_callback(request, *callback_args, **callback_kwargs)
               ^^^^^^^^^^^^^^^^^^^^^^^^^^^^^^^^^^^^^^^^^^^^^^^^^^^^^^^^^^^^
  File "/Users/javierdominguezsegura/Programming/College/Sophomore/Databases/MMS/.venv/lib/python3.11/site-packages/django/contrib/admin/options.py", line 718, in wrapper
    return self.admin_site.admin_view(view)(*args, **kwargs)
           ^^^^^^^^^^^^^^^^^^^^^^^^^^^^^^^^^^^^^^^^^^^^^^^^^
  File "/Users/javierdominguezsegura/Programming/College/Sophomore/Databases/MMS/.venv/lib/python3.11/site-packages/django/utils/decorators.py", line 188, in _view_wrapper
    result = _process_exception(request, e)
             ^^^^^^^^^^^^^^^^^^^^^^^^^^^^^^
  File "/Users/javierdominguezsegura/Programming/College/Sophomore/Databases/MMS/.venv/lib/python3.11/site-packages/django/utils/decorators.py", line 186, in _view_wrapper
    response = view_func(request, *args, **kwargs)
               ^^^^^^^^^^^^^^^^^^^^^^^^^^^^^^^^^^^
  File "/Users/javierdominguezsegura/Programming/College/Sophomore/Databases/MMS/.venv/lib/python3.11/site-packages/django/views/decorators/cache.py", line 80, in _view_wrapper
    response = view_func(request, *args, **kwargs)
               ^^^^^^^^^^^^^^^^^^^^^^^^^^^^^^^^^^^
  File "/Users/javierdominguezsegura/Programming/College/Sophomore/Databases/MMS/.venv/lib/python3.11/site-packages/django/contrib/admin/sites.py", line 241, in inner
    return view(request, *args, **kwargs)
           ^^^^^^^^^^^^^^^^^^^^^^^^^^^^^^
  File "/Users/javierdominguezsegura/Programming/College/Sophomore/Databases/MMS/.venv/lib/python3.11/site-packages/django/contrib/admin/options.py", line 1961, in add_view
    return self.changeform_view(request, None, form_url, extra_context)
           ^^^^^^^^^^^^^^^^^^^^^^^^^^^^^^^^^^^^^^^^^^^^^^^^^^^^^^^^^^^^
  File "/Users/javierdominguezsegura/Programming/College/Sophomore/Databases/MMS/.venv/lib/python3.11/site-packages/django/utils/decorators.py", line 48, in _wrapper
    return bound_method(*args, **kwargs)
           ^^^^^^^^^^^^^^^^^^^^^^^^^^^^^
  File "/Users/javierdominguezsegura/Programming/College/Sophomore/Databases/MMS/.venv/lib/python3.11/site-packages/django/utils/decorators.py", line 188, in _view_wrapper
    result = _process_exception(request, e)
             ^^^^^^^^^^^^^^^^^^^^^^^^^^^^^^
  File "/Users/javierdominguezsegura/Programming/College/Sophomore/Databases/MMS/.venv/lib/python3.11/site-packages/django/utils/decorators.py", line 186, in _view_wrapper
    response = view_func(request, *args, **kwargs)
               ^^^^^^^^^^^^^^^^^^^^^^^^^^^^^^^^^^^
  File "/Users/javierdominguezsegura/Programming/College/Sophomore/Databases/MMS/.venv/lib/python3.11/site-packages/django/contrib/admin/options.py", line 1820, in changeform_view
    return self._changeform_view(request, object_id, form_url, extra_context)
           ^^^^^^^^^^^^^^^^^^^^^^^^^^^^^^^^^^^^^^^^^^^^^^^^^^^^^^^^^^^^^^^^^^
  File "/Users/javierdominguezsegura/Programming/College/Sophomore/Databases/MMS/.venv/lib/python3.11/site-packages/django/contrib/admin/options.py", line 1871, in _changeform_view
    self.save_model(request, new_object, form, not add)
  File "/Users/javierdominguezsegura/Programming/College/Sophomore/Databases/MMS/src/django_project/menus/admin.py", line 102, in save_model
    ai_call_log.status = "Failed"
    ^^^^^^^^^^^
UnboundLocalError: cannot access local variable 'ai_call_log' where it is not associated with a value
INFO 2024-12-03 08:44:54,618 logging_middleware 21983 6196686848 Response: {
  "type": "response",
  "status_code": 500,
  "content": "<undecodable content>",
  "duration": "0.07s",
  "headers": {
    "Content-Type": "text/html; charset=utf-8"
  }
}
ERROR 2024-12-03 08:44:54,618 basehttp 21983 6196686848 "POST /admin/menus/menu/add/ HTTP/1.1" 500 258954
INFO 2024-12-03 08:47:04,132 logging_middleware 21983 6196686848 Request: {
  "type": "request",
  "method": "POST",
  "path": "/admin/menus/menu/add/",
  "user": "test1",
  "GET_params": {},
  "POST_params": "<file upload>",
  "body": "<binary data>",
  "headers": {
    "Content-Length": "422953",
    "Content-Type": "multipart/form-data; boundary=----WebKitFormBoundaryxHiG97vLdx572b8o",
    "Host": "127.0.0.1:8000",
    "Connection": "keep-alive",
    "Cache-Control": "max-age=0",
    "Sec-Ch-Ua": "\"Google Chrome\";v=\"131\", \"Chromium\";v=\"131\", \"Not_A Brand\";v=\"24\"",
    "Sec-Ch-Ua-Mobile": "?0",
    "Sec-Ch-Ua-Platform": "\"macOS\"",
    "Dnt": "1",
    "Upgrade-Insecure-Requests": "1",
    "User-Agent": "Mozilla/5.0 (Macintosh; Intel Mac OS X 10_15_7) AppleWebKit/537.36 (KHTML, like Gecko) Chrome/131.0.0.0 Safari/537.36",
    "Origin": "http://127.0.0.1:8000",
    "Accept": "text/html,application/xhtml+xml,application/xml;q=0.9,image/avif,image/webp,image/apng,*/*;q=0.8,application/signed-exchange;v=b3;q=0.7",
    "Sec-Fetch-Site": "same-origin",
    "Sec-Fetch-Mode": "navigate",
    "Sec-Fetch-User": "?1",
    "Sec-Fetch-Dest": "document",
    "Referer": "http://127.0.0.1:8000/admin/menus/menu/add/",
    "Accept-Encoding": "gzip, deflate, br, zstd",
    "Accept-Language": "en-US,en;q=0.9",
    "Cookie": "csrftoken=jbCoRnGhM3vRewJS8tqiCZDmL3lVlcwX; sessionid=vrazqfl5vyjwwdx2k0u4gflmpylk6dcb"
  }
}
ERROR 2024-12-03 08:47:04,205 log 21983 6196686848 Internal Server Error: /admin/menus/menu/add/
Traceback (most recent call last):
  File "/Users/javierdominguezsegura/Programming/College/Sophomore/Databases/MMS/src/django_project/menus/utils/extraction.py", line 27, in ai_call
    client = OpenAI(api_key=os.getenv("OPENAI_API_KEY"))
             ^^^^^^^^^^^^^^^^^^^^^^^^^^^^^^^^^^^^^^^^^^^
  File "/Users/javierdominguezsegura/Programming/College/Sophomore/Databases/MMS/.venv/lib/python3.11/site-packages/openai/_client.py", line 105, in __init__
    raise OpenAIError(
openai.OpenAIError: The api_key client option must be set either by passing api_key to the client or by setting the OPENAI_API_KEY environment variable

During handling of the above exception, another exception occurred:

Traceback (most recent call last):
  File "/Users/javierdominguezsegura/Programming/College/Sophomore/Databases/MMS/.venv/lib/python3.11/site-packages/django/db/backends/utils.py", line 105, in _execute
    return self.cursor.execute(sql, params)
           ^^^^^^^^^^^^^^^^^^^^^^^^^^^^^^^^
  File "/Users/javierdominguezsegura/Programming/College/Sophomore/Databases/MMS/.venv/lib/python3.11/site-packages/django/db/backends/mysql/base.py", line 76, in execute
    return self.cursor.execute(query, args)
           ^^^^^^^^^^^^^^^^^^^^^^^^^^^^^^^^
  File "/Users/javierdominguezsegura/Programming/College/Sophomore/Databases/MMS/.venv/lib/python3.11/site-packages/MySQLdb/cursors.py", line 179, in execute
    res = self._query(mogrified_query)
          ^^^^^^^^^^^^^^^^^^^^^^^^^^^^
  File "/Users/javierdominguezsegura/Programming/College/Sophomore/Databases/MMS/.venv/lib/python3.11/site-packages/MySQLdb/cursors.py", line 330, in _query
    db.query(q)
  File "/Users/javierdominguezsegura/Programming/College/Sophomore/Databases/MMS/.venv/lib/python3.11/site-packages/MySQLdb/connections.py", line 265, in query
    _mysql.connection.query(self, query)
MySQLdb.DataError: (1406, "Data too long for column 'other' at row 1")

The above exception was the direct cause of the following exception:

Traceback (most recent call last):
  File "/Users/javierdominguezsegura/Programming/College/Sophomore/Databases/MMS/src/django_project/menus/admin.py", line 85, in save_model
    menu_json, ai_call_log = ai_call(menu, extension=extension)
                             ^^^^^^^^^^^^^^^^^^^^^^^^^^^^^^^^^^
  File "/Users/javierdominguezsegura/Programming/College/Sophomore/Databases/MMS/src/django_project/menus/utils/extraction.py", line 156, in ai_call
    ai_call_log.save()
  File "/Users/javierdominguezsegura/Programming/College/Sophomore/Databases/MMS/.venv/lib/python3.11/site-packages/django/db/models/base.py", line 891, in save
    self.save_base(
  File "/Users/javierdominguezsegura/Programming/College/Sophomore/Databases/MMS/.venv/lib/python3.11/site-packages/django/db/models/base.py", line 997, in save_base
    updated = self._save_table(
              ^^^^^^^^^^^^^^^^^
  File "/Users/javierdominguezsegura/Programming/College/Sophomore/Databases/MMS/.venv/lib/python3.11/site-packages/django/db/models/base.py", line 1129, in _save_table
    updated = self._do_update(
              ^^^^^^^^^^^^^^^^
  File "/Users/javierdominguezsegura/Programming/College/Sophomore/Databases/MMS/.venv/lib/python3.11/site-packages/django/db/models/base.py", line 1194, in _do_update
    return filtered._update(values) > 0
           ^^^^^^^^^^^^^^^^^^^^^^^^
  File "/Users/javierdominguezsegura/Programming/College/Sophomore/Databases/MMS/.venv/lib/python3.11/site-packages/django/db/models/query.py", line 1278, in _update
    return query.get_compiler(self.db).execute_sql(CURSOR)
           ^^^^^^^^^^^^^^^^^^^^^^^^^^^^^^^^^^^^^^^^^^^^^^^
  File "/Users/javierdominguezsegura/Programming/College/Sophomore/Databases/MMS/.venv/lib/python3.11/site-packages/django/db/models/sql/compiler.py", line 2003, in execute_sql
    cursor = super().execute_sql(result_type)
             ^^^^^^^^^^^^^^^^^^^^^^^^^^^^^^^^
  File "/Users/javierdominguezsegura/Programming/College/Sophomore/Databases/MMS/.venv/lib/python3.11/site-packages/django/db/models/sql/compiler.py", line 1574, in execute_sql
    cursor.execute(sql, params)
  File "/Users/javierdominguezsegura/Programming/College/Sophomore/Databases/MMS/.venv/lib/python3.11/site-packages/django/db/backends/utils.py", line 122, in execute
    return super().execute(sql, params)
           ^^^^^^^^^^^^^^^^^^^^^^^^^^^^
  File "/Users/javierdominguezsegura/Programming/College/Sophomore/Databases/MMS/.venv/lib/python3.11/site-packages/django/db/backends/utils.py", line 79, in execute
    return self._execute_with_wrappers(
           ^^^^^^^^^^^^^^^^^^^^^^^^^^^^
  File "/Users/javierdominguezsegura/Programming/College/Sophomore/Databases/MMS/.venv/lib/python3.11/site-packages/django/db/backends/utils.py", line 92, in _execute_with_wrappers
    return executor(sql, params, many, context)
           ^^^^^^^^^^^^^^^^^^^^^^^^^^^^^^^^^^^^
  File "/Users/javierdominguezsegura/Programming/College/Sophomore/Databases/MMS/.venv/lib/python3.11/site-packages/django/db/backends/utils.py", line 100, in _execute
    with self.db.wrap_database_errors:
  File "/Users/javierdominguezsegura/Programming/College/Sophomore/Databases/MMS/.venv/lib/python3.11/site-packages/django/db/utils.py", line 91, in __exit__
    raise dj_exc_value.with_traceback(traceback) from exc_value
  File "/Users/javierdominguezsegura/Programming/College/Sophomore/Databases/MMS/.venv/lib/python3.11/site-packages/django/db/backends/utils.py", line 105, in _execute
    return self.cursor.execute(sql, params)
           ^^^^^^^^^^^^^^^^^^^^^^^^^^^^^^^^
  File "/Users/javierdominguezsegura/Programming/College/Sophomore/Databases/MMS/.venv/lib/python3.11/site-packages/django/db/backends/mysql/base.py", line 76, in execute
    return self.cursor.execute(query, args)
           ^^^^^^^^^^^^^^^^^^^^^^^^^^^^^^^^
  File "/Users/javierdominguezsegura/Programming/College/Sophomore/Databases/MMS/.venv/lib/python3.11/site-packages/MySQLdb/cursors.py", line 179, in execute
    res = self._query(mogrified_query)
          ^^^^^^^^^^^^^^^^^^^^^^^^^^^^
  File "/Users/javierdominguezsegura/Programming/College/Sophomore/Databases/MMS/.venv/lib/python3.11/site-packages/MySQLdb/cursors.py", line 330, in _query
    db.query(q)
  File "/Users/javierdominguezsegura/Programming/College/Sophomore/Databases/MMS/.venv/lib/python3.11/site-packages/MySQLdb/connections.py", line 265, in query
    _mysql.connection.query(self, query)
django.db.utils.DataError: (1406, "Data too long for column 'other' at row 1")

During handling of the above exception, another exception occurred:

Traceback (most recent call last):
  File "/Users/javierdominguezsegura/Programming/College/Sophomore/Databases/MMS/.venv/lib/python3.11/site-packages/django/core/handlers/exception.py", line 55, in inner
    response = get_response(request)
               ^^^^^^^^^^^^^^^^^^^^^
  File "/Users/javierdominguezsegura/Programming/College/Sophomore/Databases/MMS/.venv/lib/python3.11/site-packages/django/core/handlers/base.py", line 197, in _get_response
    response = wrapped_callback(request, *callback_args, **callback_kwargs)
               ^^^^^^^^^^^^^^^^^^^^^^^^^^^^^^^^^^^^^^^^^^^^^^^^^^^^^^^^^^^^
  File "/Users/javierdominguezsegura/Programming/College/Sophomore/Databases/MMS/.venv/lib/python3.11/site-packages/django/contrib/admin/options.py", line 718, in wrapper
    return self.admin_site.admin_view(view)(*args, **kwargs)
           ^^^^^^^^^^^^^^^^^^^^^^^^^^^^^^^^^^^^^^^^^^^^^^^^^
  File "/Users/javierdominguezsegura/Programming/College/Sophomore/Databases/MMS/.venv/lib/python3.11/site-packages/django/utils/decorators.py", line 188, in _view_wrapper
    result = _process_exception(request, e)
             ^^^^^^^^^^^^^^^^^^^^^^^^^^^^^^
  File "/Users/javierdominguezsegura/Programming/College/Sophomore/Databases/MMS/.venv/lib/python3.11/site-packages/django/utils/decorators.py", line 186, in _view_wrapper
    response = view_func(request, *args, **kwargs)
               ^^^^^^^^^^^^^^^^^^^^^^^^^^^^^^^^^^^
  File "/Users/javierdominguezsegura/Programming/College/Sophomore/Databases/MMS/.venv/lib/python3.11/site-packages/django/views/decorators/cache.py", line 80, in _view_wrapper
    response = view_func(request, *args, **kwargs)
               ^^^^^^^^^^^^^^^^^^^^^^^^^^^^^^^^^^^
  File "/Users/javierdominguezsegura/Programming/College/Sophomore/Databases/MMS/.venv/lib/python3.11/site-packages/django/contrib/admin/sites.py", line 241, in inner
    return view(request, *args, **kwargs)
           ^^^^^^^^^^^^^^^^^^^^^^^^^^^^^^
  File "/Users/javierdominguezsegura/Programming/College/Sophomore/Databases/MMS/.venv/lib/python3.11/site-packages/django/contrib/admin/options.py", line 1961, in add_view
    return self.changeform_view(request, None, form_url, extra_context)
           ^^^^^^^^^^^^^^^^^^^^^^^^^^^^^^^^^^^^^^^^^^^^^^^^^^^^^^^^^^^^
  File "/Users/javierdominguezsegura/Programming/College/Sophomore/Databases/MMS/.venv/lib/python3.11/site-packages/django/utils/decorators.py", line 48, in _wrapper
    return bound_method(*args, **kwargs)
           ^^^^^^^^^^^^^^^^^^^^^^^^^^^^^
  File "/Users/javierdominguezsegura/Programming/College/Sophomore/Databases/MMS/.venv/lib/python3.11/site-packages/django/utils/decorators.py", line 188, in _view_wrapper
    result = _process_exception(request, e)
             ^^^^^^^^^^^^^^^^^^^^^^^^^^^^^^
  File "/Users/javierdominguezsegura/Programming/College/Sophomore/Databases/MMS/.venv/lib/python3.11/site-packages/django/utils/decorators.py", line 186, in _view_wrapper
    response = view_func(request, *args, **kwargs)
               ^^^^^^^^^^^^^^^^^^^^^^^^^^^^^^^^^^^
  File "/Users/javierdominguezsegura/Programming/College/Sophomore/Databases/MMS/.venv/lib/python3.11/site-packages/django/contrib/admin/options.py", line 1820, in changeform_view
    return self._changeform_view(request, object_id, form_url, extra_context)
           ^^^^^^^^^^^^^^^^^^^^^^^^^^^^^^^^^^^^^^^^^^^^^^^^^^^^^^^^^^^^^^^^^^
  File "/Users/javierdominguezsegura/Programming/College/Sophomore/Databases/MMS/.venv/lib/python3.11/site-packages/django/contrib/admin/options.py", line 1871, in _changeform_view
    self.save_model(request, new_object, form, not add)
  File "/Users/javierdominguezsegura/Programming/College/Sophomore/Databases/MMS/src/django_project/menus/admin.py", line 102, in save_model
    ai_call_log.status = "Failed"
    ^^^^^^^^^^^
UnboundLocalError: cannot access local variable 'ai_call_log' where it is not associated with a value
INFO 2024-12-03 08:47:04,207 logging_middleware 21983 6196686848 Response: {
  "type": "response",
  "status_code": 500,
  "content": "<undecodable content>",
  "duration": "0.09s",
  "headers": {
    "Content-Type": "text/html; charset=utf-8"
  }
}
ERROR 2024-12-03 08:47:04,208 basehttp 21983 6196686848 "POST /admin/menus/menu/add/ HTTP/1.1" 500 258948
INFO 2024-12-03 08:47:38,824 autoreload 22328 8088310528 Watching for file changes with StatReloader
INFO 2024-12-03 08:47:43,056 logging_middleware 22328 6192082944 Request: {
  "type": "request",
  "method": "GET",
  "path": "/admin/",
  "user": "test1",
  "GET_params": {},
  "POST_params": {},
  "body": null,
  "headers": {
    "Content-Length": "",
    "Content-Type": "text/plain",
    "Host": "127.0.0.1:8000",
    "Connection": "keep-alive",
    "Dnt": "1",
    "Upgrade-Insecure-Requests": "1",
    "User-Agent": "Mozilla/5.0 (Macintosh; Intel Mac OS X 10_15_7) AppleWebKit/537.36 (KHTML, like Gecko) Chrome/131.0.0.0 Safari/537.36",
    "Accept": "text/html,application/xhtml+xml,application/xml;q=0.9,image/avif,image/webp,image/apng,*/*;q=0.8,application/signed-exchange;v=b3;q=0.7",
    "Sec-Fetch-Site": "none",
    "Sec-Fetch-Mode": "navigate",
    "Sec-Fetch-User": "?1",
    "Sec-Fetch-Dest": "document",
    "Sec-Ch-Ua": "\"Google Chrome\";v=\"131\", \"Chromium\";v=\"131\", \"Not_A Brand\";v=\"24\"",
    "Sec-Ch-Ua-Mobile": "?0",
    "Sec-Ch-Ua-Platform": "\"macOS\"",
    "Accept-Encoding": "gzip, deflate, br, zstd",
    "Accept-Language": "en-US,en;q=0.9",
    "Cookie": "csrftoken=jbCoRnGhM3vRewJS8tqiCZDmL3lVlcwX; sessionid=vrazqfl5vyjwwdx2k0u4gflmpylk6dcb"
  }
}
INFO 2024-12-03 08:47:43,090 logging_middleware 22328 6192082944 Response: {
  "type": "response",
  "status_code": 200,
  "content": "<undecodable content>",
  "duration": "0.04s",
  "headers": {
    "Content-Type": "text/html; charset=utf-8",
    "Expires": "Tue, 03 Dec 2024 08:47:43 GMT",
    "Cache-Control": "max-age=0, no-cache, no-store, must-revalidate, private",
    "Vary": "Cookie"
  }
}
INFO 2024-12-03 08:47:43,091 basehttp 22328 6192082944 "GET /admin/ HTTP/1.1" 200 13918
INFO 2024-12-03 08:47:45,564 logging_middleware 22328 6192082944 Request: {
  "type": "request",
  "method": "GET",
  "path": "/admin/menus/menu/add/",
  "user": "test1",
  "GET_params": {},
  "POST_params": {},
  "body": null,
  "headers": {
    "Content-Length": "",
    "Content-Type": "text/plain",
    "Host": "127.0.0.1:8000",
    "Connection": "keep-alive",
    "Sec-Ch-Ua": "\"Google Chrome\";v=\"131\", \"Chromium\";v=\"131\", \"Not_A Brand\";v=\"24\"",
    "Sec-Ch-Ua-Mobile": "?0",
    "Sec-Ch-Ua-Platform": "\"macOS\"",
    "Dnt": "1",
    "Upgrade-Insecure-Requests": "1",
    "User-Agent": "Mozilla/5.0 (Macintosh; Intel Mac OS X 10_15_7) AppleWebKit/537.36 (KHTML, like Gecko) Chrome/131.0.0.0 Safari/537.36",
    "Accept": "text/html,application/xhtml+xml,application/xml;q=0.9,image/avif,image/webp,image/apng,*/*;q=0.8,application/signed-exchange;v=b3;q=0.7",
    "Sec-Fetch-Site": "same-origin",
    "Sec-Fetch-Mode": "navigate",
    "Sec-Fetch-User": "?1",
    "Sec-Fetch-Dest": "document",
    "Referer": "http://127.0.0.1:8000/admin/",
    "Accept-Encoding": "gzip, deflate, br, zstd",
    "Accept-Language": "en-US,en;q=0.9",
    "Cookie": "csrftoken=jbCoRnGhM3vRewJS8tqiCZDmL3lVlcwX; sessionid=vrazqfl5vyjwwdx2k0u4gflmpylk6dcb"
  }
}
INFO 2024-12-03 08:47:45,592 logging_middleware 22328 6192082944 Response: {
  "type": "response",
  "status_code": 200,
  "content": "<undecodable content>",
  "duration": "0.03s",
  "headers": {
    "Content-Type": "text/html; charset=utf-8",
    "Expires": "Tue, 03 Dec 2024 08:47:45 GMT",
    "Cache-Control": "max-age=0, no-cache, no-store, must-revalidate, private",
    "Vary": "Cookie"
  }
}
INFO 2024-12-03 08:47:45,593 basehttp 22328 6192082944 "GET /admin/menus/menu/add/ HTTP/1.1" 200 14974
INFO 2024-12-03 08:47:45,611 logging_middleware 22328 6192082944 Request: {
  "type": "request",
  "method": "GET",
  "path": "/admin/jsi18n/",
  "user": "test1",
  "GET_params": {},
  "POST_params": {},
  "body": null,
  "headers": {
    "Content-Length": "",
    "Content-Type": "text/plain",
    "Host": "127.0.0.1:8000",
    "Connection": "keep-alive",
    "Sec-Ch-Ua-Platform": "\"macOS\"",
    "User-Agent": "Mozilla/5.0 (Macintosh; Intel Mac OS X 10_15_7) AppleWebKit/537.36 (KHTML, like Gecko) Chrome/131.0.0.0 Safari/537.36",
    "Sec-Ch-Ua": "\"Google Chrome\";v=\"131\", \"Chromium\";v=\"131\", \"Not_A Brand\";v=\"24\"",
    "Dnt": "1",
    "Sec-Ch-Ua-Mobile": "?0",
    "Accept": "*/*",
    "Sec-Fetch-Site": "same-origin",
    "Sec-Fetch-Mode": "no-cors",
    "Sec-Fetch-Dest": "script",
    "Referer": "http://127.0.0.1:8000/admin/menus/menu/add/",
    "Accept-Encoding": "gzip, deflate, br, zstd",
    "Accept-Language": "en-US,en;q=0.9",
    "Cookie": "csrftoken=jbCoRnGhM3vRewJS8tqiCZDmL3lVlcwX; sessionid=vrazqfl5vyjwwdx2k0u4gflmpylk6dcb"
  }
}
INFO 2024-12-03 08:47:45,613 logging_middleware 22328 6192082944 Response: {
  "type": "response",
  "status_code": 200,
  "content": "<undecodable content>",
  "duration": "0.01s",
  "headers": {
    "Content-Type": "text/javascript; charset=\"utf-8\""
  }
}
INFO 2024-12-03 08:47:45,613 basehttp 22328 6192082944 "GET /admin/jsi18n/ HTTP/1.1" 200 3342
INFO 2024-12-03 08:47:50,695 logging_middleware 22328 6192082944 Request: {
  "type": "request",
  "method": "POST",
  "path": "/admin/menus/menu/add/",
  "user": "test1",
  "GET_params": {},
  "POST_params": "<file upload>",
  "body": "<binary data>",
  "headers": {
    "Content-Length": "422953",
    "Content-Type": "multipart/form-data; boundary=----WebKitFormBoundaryG7jwsh3vZ2X2ohHi",
    "Host": "127.0.0.1:8000",
    "Connection": "keep-alive",
    "Cache-Control": "max-age=0",
    "Sec-Ch-Ua": "\"Google Chrome\";v=\"131\", \"Chromium\";v=\"131\", \"Not_A Brand\";v=\"24\"",
    "Sec-Ch-Ua-Mobile": "?0",
    "Sec-Ch-Ua-Platform": "\"macOS\"",
    "Origin": "http://127.0.0.1:8000",
    "Dnt": "1",
    "Upgrade-Insecure-Requests": "1",
    "User-Agent": "Mozilla/5.0 (Macintosh; Intel Mac OS X 10_15_7) AppleWebKit/537.36 (KHTML, like Gecko) Chrome/131.0.0.0 Safari/537.36",
    "Accept": "text/html,application/xhtml+xml,application/xml;q=0.9,image/avif,image/webp,image/apng,*/*;q=0.8,application/signed-exchange;v=b3;q=0.7",
    "Sec-Fetch-Site": "same-origin",
    "Sec-Fetch-Mode": "navigate",
    "Sec-Fetch-User": "?1",
    "Sec-Fetch-Dest": "document",
    "Referer": "http://127.0.0.1:8000/admin/menus/menu/add/",
    "Accept-Encoding": "gzip, deflate, br, zstd",
    "Accept-Language": "en-US,en;q=0.9",
    "Cookie": "csrftoken=jbCoRnGhM3vRewJS8tqiCZDmL3lVlcwX; sessionid=vrazqfl5vyjwwdx2k0u4gflmpylk6dcb"
  }
}
INFO 2024-12-03 08:48:16,786 logging_middleware 22328 6192082944 Response: {
  "type": "response",
  "status_code": 302,
  "content": "<undecodable content>",
  "duration": "26.10s",
  "headers": {
    "Content-Type": "text/html; charset=utf-8",
    "Location": "/admin/menus/menu/",
    "Expires": "Tue, 03 Dec 2024 08:48:16 GMT",
    "Cache-Control": "max-age=0, no-cache, no-store, must-revalidate, private"
  }
}
INFO 2024-12-03 08:48:16,787 basehttp 22328 6192082944 "POST /admin/menus/menu/add/ HTTP/1.1" 302 0
INFO 2024-12-03 08:48:16,793 logging_middleware 22328 6192082944 Request: {
  "type": "request",
  "method": "GET",
  "path": "/admin/menus/menu/",
  "user": "test1",
  "GET_params": {},
  "POST_params": {},
  "body": null,
  "headers": {
    "Content-Length": "",
    "Content-Type": "text/plain",
    "Host": "127.0.0.1:8000",
    "Connection": "keep-alive",
    "Cache-Control": "max-age=0",
    "Dnt": "1",
    "Upgrade-Insecure-Requests": "1",
    "User-Agent": "Mozilla/5.0 (Macintosh; Intel Mac OS X 10_15_7) AppleWebKit/537.36 (KHTML, like Gecko) Chrome/131.0.0.0 Safari/537.36",
    "Accept": "text/html,application/xhtml+xml,application/xml;q=0.9,image/avif,image/webp,image/apng,*/*;q=0.8,application/signed-exchange;v=b3;q=0.7",
    "Sec-Fetch-Site": "same-origin",
    "Sec-Fetch-Mode": "navigate",
    "Sec-Fetch-User": "?1",
    "Sec-Fetch-Dest": "document",
    "Sec-Ch-Ua": "\"Google Chrome\";v=\"131\", \"Chromium\";v=\"131\", \"Not_A Brand\";v=\"24\"",
    "Sec-Ch-Ua-Mobile": "?0",
    "Sec-Ch-Ua-Platform": "\"macOS\"",
    "Referer": "http://127.0.0.1:8000/admin/menus/menu/add/",
    "Accept-Encoding": "gzip, deflate, br, zstd",
    "Accept-Language": "en-US,en;q=0.9",
    "Cookie": "csrftoken=jbCoRnGhM3vRewJS8tqiCZDmL3lVlcwX; sessionid=vrazqfl5vyjwwdx2k0u4gflmpylk6dcb; messages=.eJwdjcsKwjAQAH9lWcFTNGlEBFv7B6IHb20pa7J9SBvBJT769ZZe5jIwUxRY1w95hnpkEWoZVaLsXuGtYzhziFBGaxKXEXQvbk4lavJjH_Q4O1moE2O06yi0rEvML3fm9eprD6nAtZ8m2rx3R2szTfmS8vAhAfKePUh0bt42cRh-W1SIVfUHUGwuhQ:1tIOZs:nBU0gw7OmhrXpgBSrl1WIbfw0IQlW4iW34vKRrkUsdM"
  }
}
INFO 2024-12-03 08:48:16,837 logging_middleware 22328 6192082944 Response: {
  "type": "response",
  "status_code": 200,
  "content": "<undecodable content>",
  "duration": "0.05s",
  "headers": {
    "Content-Type": "text/html; charset=utf-8",
    "Expires": "Tue, 03 Dec 2024 08:48:16 GMT",
    "Cache-Control": "max-age=0, no-cache, no-store, must-revalidate, private",
    "Vary": "Cookie"
  }
}
INFO 2024-12-03 08:48:16,838 basehttp 22328 6192082944 "GET /admin/menus/menu/ HTTP/1.1" 200 28430
INFO 2024-12-03 08:48:16,864 logging_middleware 22328 6192082944 Request: {
  "type": "request",
  "method": "GET",
  "path": "/admin/jsi18n/",
  "user": "test1",
  "GET_params": {},
  "POST_params": {},
  "body": null,
  "headers": {
    "Content-Length": "",
    "Content-Type": "text/plain",
    "Host": "127.0.0.1:8000",
    "Connection": "keep-alive",
    "Sec-Ch-Ua-Platform": "\"macOS\"",
    "User-Agent": "Mozilla/5.0 (Macintosh; Intel Mac OS X 10_15_7) AppleWebKit/537.36 (KHTML, like Gecko) Chrome/131.0.0.0 Safari/537.36",
    "Sec-Ch-Ua": "\"Google Chrome\";v=\"131\", \"Chromium\";v=\"131\", \"Not_A Brand\";v=\"24\"",
    "Dnt": "1",
    "Sec-Ch-Ua-Mobile": "?0",
    "Accept": "*/*",
    "Sec-Fetch-Site": "same-origin",
    "Sec-Fetch-Mode": "no-cors",
    "Sec-Fetch-Dest": "script",
    "Referer": "http://127.0.0.1:8000/admin/menus/menu/",
    "Accept-Encoding": "gzip, deflate, br, zstd",
    "Accept-Language": "en-US,en;q=0.9",
    "Cookie": "csrftoken=jbCoRnGhM3vRewJS8tqiCZDmL3lVlcwX; sessionid=vrazqfl5vyjwwdx2k0u4gflmpylk6dcb"
  }
}
INFO 2024-12-03 08:48:16,865 logging_middleware 22328 6192082944 Response: {
  "type": "response",
  "status_code": 200,
  "content": "<undecodable content>",
  "duration": "0.00s",
  "headers": {
    "Content-Type": "text/javascript; charset=\"utf-8\""
  }
}
INFO 2024-12-03 08:48:16,866 basehttp 22328 6192082944 "GET /admin/jsi18n/ HTTP/1.1" 200 3342
